2020-08-26 21:21:45.484318: I tensorflow/stream_executor/platform/default/dso_loader.cc:48] Successfully opened dynamic library libcudart.so.10.1
I0826 21:21:46.886260 140022512858880 classifier_trainer.py:180] Base params: {'evaluation': {'epochs_between_evals': 1, 'skip_eval': False, 'steps': None},
 'export': {'checkpoint': None, 'destination': None},
 'mode': None,
 'model': {'learning_rate': {'boundaries': [30, 60, 80],
                             'decay_epochs': None,
                             'decay_rate': None,
                             'examples_per_epoch': 1281167,
                             'initial_lr': None,
                             'multipliers': [1.0, 0.1, 0.01, 0.001],
                             'name': 'piecewise_constant_with_warmup',
                             'scale_by_batch_size': 0.0,
                             'staircase': None,
                             'warmup_epochs': 5},
           'loss': {'label_smoothing': None,
                    'name': 'sparse_categorical_crossentropy'},
           'model_params': {'batch_size': None,
                            'num_classes': 1000,
                            'rescale_inputs': False,
                            'use_l2_regularizer': True},
           'name': 'ResNet',
           'num_classes': 1000,
           'optimizer': {'beta_1': None,
                         'beta_2': None,
                         'decay': 0.9,
                         'epsilon': 0.001,
                         'lookahead': None,
                         'momentum': 0.9,
                         'moving_average_decay': None,
                         'name': 'momentum',
                         'nesterov': None}},
 'model_dir': None,
 'model_name': None,
 'runtime': {'all_reduce_alg': None,
             'batchnorm_spatial_persistent': False,
             'dataset_num_private_threads': None,
             'distribution_strategy': 'mirrored',
             'enable_xla': False,
             'gpu_thread_mode': None,
             'loss_scale': None,
             'mixed_precision_dtype': None,
             'num_gpus': 0,
             'num_packs': 1,
             'per_gpu_thread_count': 0,
             'run_eagerly': False,
             'task_index': -1,
             'tpu': None,
             'worker_hosts': None},
 'train': {'callbacks': {'enable_checkpoint_and_export': True,
                         'enable_tensorboard': True,
                         'enable_time_history': True},
           'epochs': 90,
           'metrics': ['accuracy', 'top_5'],
           'resume_checkpoint': True,
           'set_epoch_loop': False,
           'steps': None,
           'tensorboard': {'track_lr': True, 'write_model_weights': False},
           'time_history': {'log_steps': 1}},
 'train_dataset': {'augmenter': {'name': None, 'params': None},
                   'batch_size': 128,
                   'builder': 'records',
                   'cache': False,
                   'data_dir': None,
                   'download': False,
                   'dtype': 'float32',
                   'file_shuffle_buffer_size': 1024,
                   'filenames': None,
                   'image_size': 224,
                   'mean_subtract': True,
                   'name': 'imagenet2012',
                   'num_channels': 'infer',
                   'num_classes': 'infer',
                   'num_devices': 1,
                   'num_examples': 'infer',
                   'one_hot': False,
                   'shuffle_buffer_size': 10000,
                   'skip_decoding': True,
                   'split': 'train',
                   'standardize': True,
                   'tf_data_service': None,
                   'use_per_replica_batch_size': True},
 'validation_dataset': {'augmenter': {'name': None, 'params': None},
                        'batch_size': 128,
                        'builder': 'records',
                        'cache': False,
                        'data_dir': None,
                        'download': False,
                        'dtype': 'float32',
                        'file_shuffle_buffer_size': 1024,
                        'filenames': None,
                        'image_size': 224,
                        'mean_subtract': True,
                        'name': 'imagenet2012',
                        'num_channels': 'infer',
                        'num_classes': 'infer',
                        'num_devices': 1,
                        'num_examples': 'infer',
                        'one_hot': False,
                        'shuffle_buffer_size': 10000,
                        'skip_decoding': True,
                        'split': 'validation',
                        'standardize': True,
                        'tf_data_service': None,
                        'use_per_replica_batch_size': True}}
I0826 21:21:46.886522 140022512858880 classifier_trainer.py:183] Overriding params: configs/examples/resnet/imagenet/two_node_gpu.yaml
/home/leinao/tensorflow/models-2.3.0/official/modeling/hyperparams/params_dict.py:431: YAMLLoadWarning: calling yaml.load() without Loader=... is deprecated, as the default Loader is unsafe. Please read https://msg.pyyaml.org/load for full details.
  params_dict = yaml.load(dict_or_string_or_yaml_file)
/home/leinao/tensorflow/models-2.3.0/official/modeling/hyperparams/params_dict.py:436: YAMLLoadWarning: calling yaml.load() without Loader=... is deprecated, as the default Loader is unsafe. Please read https://msg.pyyaml.org/load for full details.
  params.override(yaml.load(f), is_strict)
I0826 21:21:46.892584 140022512858880 classifier_trainer.py:183] Overriding params: runtime.num_gpus=8
I0826 21:21:46.893179 140022512858880 classifier_trainer.py:183] Overriding params: {'model_dir': '../output', 'mode': 'train_and_eval', 'model': {'name': 'resnet'}, 'runtime': {'run_eagerly': None, 'tpu': None}, 'train_dataset': {'data_dir': '/datasets/ImageNet/tfrecord'}, 'validation_dataset': {'data_dir': '/datasets/ImageNet/tfrecord'}, 'train': {'time_history': {'log_steps': 100}}}
I0826 21:21:46.894650 140022512858880 classifier_trainer.py:189] Final model parameters: {'evaluation': {'epochs_between_evals': 10, 'skip_eval': False, 'steps': None},
 'export': {'checkpoint': None, 'destination': None},
 'mode': 'train_and_eval',
 'model': {'learning_rate': {'boundaries': [30, 60, 80],
                             'decay_epochs': None,
                             'decay_rate': None,
                             'examples_per_epoch': 640512,
                             'initial_lr': 1.024,
                             'multipliers': [1.0, 0.1, 0.01, 0.001],
                             'name': 'piecewise_constant_with_warmup',
                             'scale_by_batch_size': 0.0,
                             'staircase': None,
                             'warmup_epochs': 1},
           'loss': {'label_smoothing': 0.1,
                    'name': 'sparse_categorical_crossentropy'},
           'model_params': {'batch_size': None,
                            'num_classes': 1000,
                            'rescale_inputs': False,
                            'use_l2_regularizer': True},
           'name': 'resnet',
           'num_classes': 1000,
           'optimizer': {'beta_1': None,
                         'beta_2': None,
                         'decay': 0.9,
                         'epsilon': 0.001,
                         'lookahead': None,
                         'momentum': 0.875,
                         'moving_average_decay': None,
                         'name': 'momentum',
                         'nesterov': None}},
 'model_dir': '../output',
 'model_name': None,
 'runtime': {'all_reduce_alg': 'nccl',
             'batchnorm_spatial_persistent': False,
             'dataset_num_private_threads': None,
             'distribution_strategy': 'multi_worker_mirrored',
             'enable_xla': False,
             'gpu_thread_mode': None,
             'loss_scale': None,
             'mixed_precision_dtype': None,
             'num_gpus': 8,
             'num_packs': 1,
             'per_gpu_thread_count': 0,
             'run_eagerly': None,
             'task_index': 0,
             'tpu': None,
             'worker_hosts': '10.11.0.2:11111,10.11.0.3:11111'},
 'train': {'callbacks': {'enable_checkpoint_and_export': True,
                         'enable_tensorboard': True,
                         'enable_time_history': True},
           'epochs': 1,
           'metrics': ['accuracy', 'top_5'],
           'resume_checkpoint': False,
           'set_epoch_loop': False,
           'steps': 600,
           'tensorboard': {'track_lr': True, 'write_model_weights': False},
           'time_history': {'log_steps': 100}},
 'train_dataset': {'augmenter': {'name': None, 'params': None},
                   'batch_size': 128,
                   'builder': 'records',
                   'cache': False,
                   'data_dir': '/datasets/ImageNet/tfrecord',
                   'download': False,
                   'dtype': 'float32',
                   'file_shuffle_buffer_size': 1024,
                   'filenames': None,
                   'image_size': 224,
                   'mean_subtract': True,
                   'name': 'imagenet2012',
                   'num_channels': 'infer',
                   'num_classes': 1000,
                   'num_devices': 1,
                   'num_examples': 640512,
                   'one_hot': False,
                   'shuffle_buffer_size': 10000,
                   'skip_decoding': True,
                   'split': 'train',
                   'standardize': True,
                   'tf_data_service': None,
                   'use_per_replica_batch_size': True},
 'validation_dataset': {'augmenter': {'name': None, 'params': None},
                        'batch_size': 128,
                        'builder': 'records',
                        'cache': False,
                        'data_dir': '/datasets/ImageNet/tfrecord',
                        'download': False,
                        'dtype': 'float32',
                        'file_shuffle_buffer_size': 1024,
                        'filenames': None,
                        'image_size': 224,
                        'mean_subtract': True,
                        'name': 'imagenet2012',
                        'num_channels': 'infer',
                        'num_classes': 1000,
                        'num_devices': 1,
                        'num_examples': 50000,
                        'one_hot': False,
                        'shuffle_buffer_size': 10000,
                        'skip_decoding': True,
                        'split': 'validation',
                        'standardize': True,
                        'tf_data_service': None,
                        'use_per_replica_batch_size': True}}
I0826 21:21:46.894749 140022512858880 classifier_trainer.py:294] Running train and eval.
2020-08-26 21:21:46.896411: I tensorflow/stream_executor/platform/default/dso_loader.cc:48] Successfully opened dynamic library libcuda.so.1
2020-08-26 21:21:51.836855: I tensorflow/core/common_runtime/gpu/gpu_device.cc:1716] Found device 0 with properties: 
pciBusID: 0000:1a:00.0 name: Tesla V100-SXM2-16GB computeCapability: 7.0
coreClock: 1.53GHz coreCount: 80 deviceMemorySize: 15.78GiB deviceMemoryBandwidth: 836.37GiB/s
2020-08-26 21:21:51.842802: I tensorflow/core/common_runtime/gpu/gpu_device.cc:1716] Found device 1 with properties: 
pciBusID: 0000:1b:00.0 name: Tesla V100-SXM2-16GB computeCapability: 7.0
coreClock: 1.53GHz coreCount: 80 deviceMemorySize: 15.78GiB deviceMemoryBandwidth: 836.37GiB/s
2020-08-26 21:21:51.848874: I tensorflow/core/common_runtime/gpu/gpu_device.cc:1716] Found device 2 with properties: 
pciBusID: 0000:3d:00.0 name: Tesla V100-SXM2-16GB computeCapability: 7.0
coreClock: 1.53GHz coreCount: 80 deviceMemorySize: 15.78GiB deviceMemoryBandwidth: 836.37GiB/s
2020-08-26 21:21:51.854902: I tensorflow/core/common_runtime/gpu/gpu_device.cc:1716] Found device 3 with properties: 
pciBusID: 0000:3e:00.0 name: Tesla V100-SXM2-16GB computeCapability: 7.0
coreClock: 1.53GHz coreCount: 80 deviceMemorySize: 15.78GiB deviceMemoryBandwidth: 836.37GiB/s
2020-08-26 21:21:51.861133: I tensorflow/core/common_runtime/gpu/gpu_device.cc:1716] Found device 4 with properties: 
pciBusID: 0000:88:00.0 name: Tesla V100-SXM2-16GB computeCapability: 7.0
coreClock: 1.53GHz coreCount: 80 deviceMemorySize: 15.78GiB deviceMemoryBandwidth: 836.37GiB/s
2020-08-26 21:21:51.867298: I tensorflow/core/common_runtime/gpu/gpu_device.cc:1716] Found device 5 with properties: 
pciBusID: 0000:89:00.0 name: Tesla V100-SXM2-16GB computeCapability: 7.0
coreClock: 1.53GHz coreCount: 80 deviceMemorySize: 15.78GiB deviceMemoryBandwidth: 836.37GiB/s
2020-08-26 21:21:51.872960: I tensorflow/core/common_runtime/gpu/gpu_device.cc:1716] Found device 6 with properties: 
pciBusID: 0000:b2:00.0 name: Tesla V100-SXM2-16GB computeCapability: 7.0
coreClock: 1.53GHz coreCount: 80 deviceMemorySize: 15.78GiB deviceMemoryBandwidth: 836.37GiB/s
2020-08-26 21:21:51.878533: I tensorflow/core/common_runtime/gpu/gpu_device.cc:1716] Found device 7 with properties: 
pciBusID: 0000:b3:00.0 name: Tesla V100-SXM2-16GB computeCapability: 7.0
coreClock: 1.53GHz coreCount: 80 deviceMemorySize: 15.78GiB deviceMemoryBandwidth: 836.37GiB/s
2020-08-26 21:21:51.878579: I tensorflow/stream_executor/platform/default/dso_loader.cc:48] Successfully opened dynamic library libcudart.so.10.1
2020-08-26 21:21:51.881785: I tensorflow/stream_executor/platform/default/dso_loader.cc:48] Successfully opened dynamic library libcublas.so.10
2020-08-26 21:21:51.884938: I tensorflow/stream_executor/platform/default/dso_loader.cc:48] Successfully opened dynamic library libcufft.so.10
2020-08-26 21:21:51.886080: I tensorflow/stream_executor/platform/default/dso_loader.cc:48] Successfully opened dynamic library libcurand.so.10
2020-08-26 21:21:51.889703: I tensorflow/stream_executor/platform/default/dso_loader.cc:48] Successfully opened dynamic library libcusolver.so.10
2020-08-26 21:21:51.891401: I tensorflow/stream_executor/platform/default/dso_loader.cc:48] Successfully opened dynamic library libcusparse.so.10
2020-08-26 21:21:51.896833: I tensorflow/stream_executor/platform/default/dso_loader.cc:48] Successfully opened dynamic library libcudnn.so.7
2020-08-26 21:21:51.956726: I tensorflow/core/common_runtime/gpu/gpu_device.cc:1858] Adding visible gpu devices: 0, 1, 2, 3, 4, 5, 6, 7
2020-08-26 21:21:51.959344: I tensorflow/core/platform/cpu_feature_guard.cc:142] This TensorFlow binary is optimized with oneAPI Deep Neural Network Library (oneDNN)to use the following CPU instructions in performance-critical operations:  AVX2 AVX512F FMA
To enable them in other operations, rebuild TensorFlow with the appropriate compiler flags.
2020-08-26 21:21:51.995384: I tensorflow/core/platform/profile_utils/cpu_utils.cc:104] CPU Frequency: 2300115000 Hz
2020-08-26 21:21:52.006660: I tensorflow/compiler/xla/service/service.cc:168] XLA service 0x5568b8c1c2e0 initialized for platform Host (this does not guarantee that XLA will be used). Devices:
2020-08-26 21:21:52.006730: I tensorflow/compiler/xla/service/service.cc:176]   StreamExecutor device (0): Host, Default Version
2020-08-26 21:21:54.262935: I tensorflow/compiler/xla/service/service.cc:168] XLA service 0x5568b83f7ad0 initialized for platform CUDA (this does not guarantee that XLA will be used). Devices:
2020-08-26 21:21:54.262995: I tensorflow/compiler/xla/service/service.cc:176]   StreamExecutor device (0): Tesla V100-SXM2-16GB, Compute Capability 7.0
2020-08-26 21:21:54.263010: I tensorflow/compiler/xla/service/service.cc:176]   StreamExecutor device (1): Tesla V100-SXM2-16GB, Compute Capability 7.0
2020-08-26 21:21:54.263022: I tensorflow/compiler/xla/service/service.cc:176]   StreamExecutor device (2): Tesla V100-SXM2-16GB, Compute Capability 7.0
2020-08-26 21:21:54.263034: I tensorflow/compiler/xla/service/service.cc:176]   StreamExecutor device (3): Tesla V100-SXM2-16GB, Compute Capability 7.0
2020-08-26 21:21:54.263046: I tensorflow/compiler/xla/service/service.cc:176]   StreamExecutor device (4): Tesla V100-SXM2-16GB, Compute Capability 7.0
2020-08-26 21:21:54.263057: I tensorflow/compiler/xla/service/service.cc:176]   StreamExecutor device (5): Tesla V100-SXM2-16GB, Compute Capability 7.0
2020-08-26 21:21:54.263068: I tensorflow/compiler/xla/service/service.cc:176]   StreamExecutor device (6): Tesla V100-SXM2-16GB, Compute Capability 7.0
2020-08-26 21:21:54.263080: I tensorflow/compiler/xla/service/service.cc:176]   StreamExecutor device (7): Tesla V100-SXM2-16GB, Compute Capability 7.0
2020-08-26 21:21:54.291805: I tensorflow/core/common_runtime/gpu/gpu_device.cc:1716] Found device 0 with properties: 
pciBusID: 0000:1a:00.0 name: Tesla V100-SXM2-16GB computeCapability: 7.0
coreClock: 1.53GHz coreCount: 80 deviceMemorySize: 15.78GiB deviceMemoryBandwidth: 836.37GiB/s
2020-08-26 21:21:54.296785: I tensorflow/core/common_runtime/gpu/gpu_device.cc:1716] Found device 1 with properties: 
pciBusID: 0000:1b:00.0 name: Tesla V100-SXM2-16GB computeCapability: 7.0
coreClock: 1.53GHz coreCount: 80 deviceMemorySize: 15.78GiB deviceMemoryBandwidth: 836.37GiB/s
2020-08-26 21:21:54.302341: I tensorflow/core/common_runtime/gpu/gpu_device.cc:1716] Found device 2 with properties: 
pciBusID: 0000:3d:00.0 name: Tesla V100-SXM2-16GB computeCapability: 7.0
coreClock: 1.53GHz coreCount: 80 deviceMemorySize: 15.78GiB deviceMemoryBandwidth: 836.37GiB/s
2020-08-26 21:21:54.306578: I tensorflow/core/common_runtime/gpu/gpu_device.cc:1716] Found device 3 with properties: 
pciBusID: 0000:3e:00.0 name: Tesla V100-SXM2-16GB computeCapability: 7.0
coreClock: 1.53GHz coreCount: 80 deviceMemorySize: 15.78GiB deviceMemoryBandwidth: 836.37GiB/s
2020-08-26 21:21:54.310537: I tensorflow/core/common_runtime/gpu/gpu_device.cc:1716] Found device 4 with properties: 
pciBusID: 0000:88:00.0 name: Tesla V100-SXM2-16GB computeCapability: 7.0
coreClock: 1.53GHz coreCount: 80 deviceMemorySize: 15.78GiB deviceMemoryBandwidth: 836.37GiB/s
2020-08-26 21:21:54.314344: I tensorflow/core/common_runtime/gpu/gpu_device.cc:1716] Found device 5 with properties: 
pciBusID: 0000:89:00.0 name: Tesla V100-SXM2-16GB computeCapability: 7.0
coreClock: 1.53GHz coreCount: 80 deviceMemorySize: 15.78GiB deviceMemoryBandwidth: 836.37GiB/s
2020-08-26 21:21:54.317914: I tensorflow/core/common_runtime/gpu/gpu_device.cc:1716] Found device 6 with properties: 
pciBusID: 0000:b2:00.0 name: Tesla V100-SXM2-16GB computeCapability: 7.0
coreClock: 1.53GHz coreCount: 80 deviceMemorySize: 15.78GiB deviceMemoryBandwidth: 836.37GiB/s
2020-08-26 21:21:54.321523: I tensorflow/core/common_runtime/gpu/gpu_device.cc:1716] Found device 7 with properties: 
pciBusID: 0000:b3:00.0 name: Tesla V100-SXM2-16GB computeCapability: 7.0
coreClock: 1.53GHz coreCount: 80 deviceMemorySize: 15.78GiB deviceMemoryBandwidth: 836.37GiB/s
2020-08-26 21:21:54.321579: I tensorflow/stream_executor/platform/default/dso_loader.cc:48] Successfully opened dynamic library libcudart.so.10.1
2020-08-26 21:21:54.321632: I tensorflow/stream_executor/platform/default/dso_loader.cc:48] Successfully opened dynamic library libcublas.so.10
2020-08-26 21:21:54.321657: I tensorflow/stream_executor/platform/default/dso_loader.cc:48] Successfully opened dynamic library libcufft.so.10
2020-08-26 21:21:54.321675: I tensorflow/stream_executor/platform/default/dso_loader.cc:48] Successfully opened dynamic library libcurand.so.10
2020-08-26 21:21:54.321697: I tensorflow/stream_executor/platform/default/dso_loader.cc:48] Successfully opened dynamic library libcusolver.so.10
2020-08-26 21:21:54.321715: I tensorflow/stream_executor/platform/default/dso_loader.cc:48] Successfully opened dynamic library libcusparse.so.10
2020-08-26 21:21:54.321737: I tensorflow/stream_executor/platform/default/dso_loader.cc:48] Successfully opened dynamic library libcudnn.so.7
2020-08-26 21:21:54.378613: I tensorflow/core/common_runtime/gpu/gpu_device.cc:1858] Adding visible gpu devices: 0, 1, 2, 3, 4, 5, 6, 7
2020-08-26 21:21:54.378742: I tensorflow/stream_executor/platform/default/dso_loader.cc:48] Successfully opened dynamic library libcudart.so.10.1
2020-08-26 21:21:59.431350: I tensorflow/core/common_runtime/gpu/gpu_device.cc:1257] Device interconnect StreamExecutor with strength 1 edge matrix:
2020-08-26 21:21:59.431397: I tensorflow/core/common_runtime/gpu/gpu_device.cc:1263]      0 1 2 3 4 5 6 7 
2020-08-26 21:21:59.431405: I tensorflow/core/common_runtime/gpu/gpu_device.cc:1276] 0:   N Y Y Y Y Y Y Y 
2020-08-26 21:21:59.431410: I tensorflow/core/common_runtime/gpu/gpu_device.cc:1276] 1:   Y N Y Y Y Y Y Y 
2020-08-26 21:21:59.431415: I tensorflow/core/common_runtime/gpu/gpu_device.cc:1276] 2:   Y Y N Y Y Y Y Y 
2020-08-26 21:21:59.431419: I tensorflow/core/common_runtime/gpu/gpu_device.cc:1276] 3:   Y Y Y N Y Y Y Y 
2020-08-26 21:21:59.431424: I tensorflow/core/common_runtime/gpu/gpu_device.cc:1276] 4:   Y Y Y Y N Y Y Y 
2020-08-26 21:21:59.431428: I tensorflow/core/common_runtime/gpu/gpu_device.cc:1276] 5:   Y Y Y Y Y N Y Y 
2020-08-26 21:21:59.431433: I tensorflow/core/common_runtime/gpu/gpu_device.cc:1276] 6:   Y Y Y Y Y Y N Y 
2020-08-26 21:21:59.431437: I tensorflow/core/common_runtime/gpu/gpu_device.cc:1276] 7:   Y Y Y Y Y Y Y N 
2020-08-26 21:21:59.451374: I tensorflow/core/common_runtime/gpu/gpu_device.cc:1402] Created TensorFlow device (/job:localhost/replica:0/task:0/device:GPU:0 with 14753 MB memory) -> physical GPU (device: 0, name: Tesla V100-SXM2-16GB, pci bus id: 0000:1a:00.0, compute capability: 7.0)
2020-08-26 21:21:59.455237: I tensorflow/core/common_runtime/gpu/gpu_device.cc:1402] Created TensorFlow device (/job:localhost/replica:0/task:0/device:GPU:1 with 14753 MB memory) -> physical GPU (device: 1, name: Tesla V100-SXM2-16GB, pci bus id: 0000:1b:00.0, compute capability: 7.0)
2020-08-26 21:21:59.459817: I tensorflow/core/common_runtime/gpu/gpu_device.cc:1402] Created TensorFlow device (/job:localhost/replica:0/task:0/device:GPU:2 with 14753 MB memory) -> physical GPU (device: 2, name: Tesla V100-SXM2-16GB, pci bus id: 0000:3d:00.0, compute capability: 7.0)
2020-08-26 21:21:59.462676: I tensorflow/core/common_runtime/gpu/gpu_device.cc:1402] Created TensorFlow device (/job:localhost/replica:0/task:0/device:GPU:3 with 14753 MB memory) -> physical GPU (device: 3, name: Tesla V100-SXM2-16GB, pci bus id: 0000:3e:00.0, compute capability: 7.0)
2020-08-26 21:21:59.466816: I tensorflow/core/common_runtime/gpu/gpu_device.cc:1402] Created TensorFlow device (/job:localhost/replica:0/task:0/device:GPU:4 with 14753 MB memory) -> physical GPU (device: 4, name: Tesla V100-SXM2-16GB, pci bus id: 0000:88:00.0, compute capability: 7.0)
2020-08-26 21:21:59.472282: I tensorflow/core/common_runtime/gpu/gpu_device.cc:1402] Created TensorFlow device (/job:localhost/replica:0/task:0/device:GPU:5 with 14753 MB memory) -> physical GPU (device: 5, name: Tesla V100-SXM2-16GB, pci bus id: 0000:89:00.0, compute capability: 7.0)
2020-08-26 21:21:59.475527: I tensorflow/core/common_runtime/gpu/gpu_device.cc:1402] Created TensorFlow device (/job:localhost/replica:0/task:0/device:GPU:6 with 14753 MB memory) -> physical GPU (device: 6, name: Tesla V100-SXM2-16GB, pci bus id: 0000:b2:00.0, compute capability: 7.0)
2020-08-26 21:21:59.478012: I tensorflow/core/common_runtime/gpu/gpu_device.cc:1402] Created TensorFlow device (/job:localhost/replica:0/task:0/device:GPU:7 with 14753 MB memory) -> physical GPU (device: 7, name: Tesla V100-SXM2-16GB, pci bus id: 0000:b3:00.0, compute capability: 7.0)
2020-08-26 21:21:59.494895: I tensorflow/core/common_runtime/gpu/gpu_device.cc:1716] Found device 0 with properties: 
pciBusID: 0000:1a:00.0 name: Tesla V100-SXM2-16GB computeCapability: 7.0
coreClock: 1.53GHz coreCount: 80 deviceMemorySize: 15.78GiB deviceMemoryBandwidth: 836.37GiB/s
2020-08-26 21:21:59.499769: I tensorflow/core/common_runtime/gpu/gpu_device.cc:1716] Found device 1 with properties: 
pciBusID: 0000:1b:00.0 name: Tesla V100-SXM2-16GB computeCapability: 7.0
coreClock: 1.53GHz coreCount: 80 deviceMemorySize: 15.78GiB deviceMemoryBandwidth: 836.37GiB/s
2020-08-26 21:21:59.503481: I tensorflow/core/common_runtime/gpu/gpu_device.cc:1716] Found device 2 with properties: 
pciBusID: 0000:3d:00.0 name: Tesla V100-SXM2-16GB computeCapability: 7.0
coreClock: 1.53GHz coreCount: 80 deviceMemorySize: 15.78GiB deviceMemoryBandwidth: 836.37GiB/s
2020-08-26 21:21:59.507304: I tensorflow/core/common_runtime/gpu/gpu_device.cc:1716] Found device 3 with properties: 
pciBusID: 0000:3e:00.0 name: Tesla V100-SXM2-16GB computeCapability: 7.0
coreClock: 1.53GHz coreCount: 80 deviceMemorySize: 15.78GiB deviceMemoryBandwidth: 836.37GiB/s
2020-08-26 21:21:59.511018: I tensorflow/core/common_runtime/gpu/gpu_device.cc:1716] Found device 4 with properties: 
pciBusID: 0000:88:00.0 name: Tesla V100-SXM2-16GB computeCapability: 7.0
coreClock: 1.53GHz coreCount: 80 deviceMemorySize: 15.78GiB deviceMemoryBandwidth: 836.37GiB/s
2020-08-26 21:21:59.514822: I tensorflow/core/common_runtime/gpu/gpu_device.cc:1716] Found device 5 with properties: 
pciBusID: 0000:89:00.0 name: Tesla V100-SXM2-16GB computeCapability: 7.0
coreClock: 1.53GHz coreCount: 80 deviceMemorySize: 15.78GiB deviceMemoryBandwidth: 836.37GiB/s
2020-08-26 21:21:59.518178: I tensorflow/core/common_runtime/gpu/gpu_device.cc:1716] Found device 6 with properties: 
pciBusID: 0000:b2:00.0 name: Tesla V100-SXM2-16GB computeCapability: 7.0
coreClock: 1.53GHz coreCount: 80 deviceMemorySize: 15.78GiB deviceMemoryBandwidth: 836.37GiB/s
2020-08-26 21:21:59.521534: I tensorflow/core/common_runtime/gpu/gpu_device.cc:1716] Found device 7 with properties: 
pciBusID: 0000:b3:00.0 name: Tesla V100-SXM2-16GB computeCapability: 7.0
coreClock: 1.53GHz coreCount: 80 deviceMemorySize: 15.78GiB deviceMemoryBandwidth: 836.37GiB/s
2020-08-26 21:21:59.521610: I tensorflow/stream_executor/platform/default/dso_loader.cc:48] Successfully opened dynamic library libcudart.so.10.1
2020-08-26 21:21:59.521788: I tensorflow/stream_executor/platform/default/dso_loader.cc:48] Successfully opened dynamic library libcublas.so.10
2020-08-26 21:21:59.521818: I tensorflow/stream_executor/platform/default/dso_loader.cc:48] Successfully opened dynamic library libcufft.so.10
2020-08-26 21:21:59.521840: I tensorflow/stream_executor/platform/default/dso_loader.cc:48] Successfully opened dynamic library libcurand.so.10
2020-08-26 21:21:59.521860: I tensorflow/stream_executor/platform/default/dso_loader.cc:48] Successfully opened dynamic library libcusolver.so.10
2020-08-26 21:21:59.521879: I tensorflow/stream_executor/platform/default/dso_loader.cc:48] Successfully opened dynamic library libcusparse.so.10
2020-08-26 21:21:59.521902: I tensorflow/stream_executor/platform/default/dso_loader.cc:48] Successfully opened dynamic library libcudnn.so.7
2020-08-26 21:21:59.565352: I tensorflow/core/common_runtime/gpu/gpu_device.cc:1858] Adding visible gpu devices: 0, 1, 2, 3, 4, 5, 6, 7
2020-08-26 21:21:59.566911: I tensorflow/core/common_runtime/gpu/gpu_device.cc:1257] Device interconnect StreamExecutor with strength 1 edge matrix:
2020-08-26 21:21:59.566928: I tensorflow/core/common_runtime/gpu/gpu_device.cc:1263]      0 1 2 3 4 5 6 7 
2020-08-26 21:21:59.566937: I tensorflow/core/common_runtime/gpu/gpu_device.cc:1276] 0:   N Y Y Y Y Y Y Y 
2020-08-26 21:21:59.566943: I tensorflow/core/common_runtime/gpu/gpu_device.cc:1276] 1:   Y N Y Y Y Y Y Y 
2020-08-26 21:21:59.566950: I tensorflow/core/common_runtime/gpu/gpu_device.cc:1276] 2:   Y Y N Y Y Y Y Y 
2020-08-26 21:21:59.566956: I tensorflow/core/common_runtime/gpu/gpu_device.cc:1276] 3:   Y Y Y N Y Y Y Y 
2020-08-26 21:21:59.566962: I tensorflow/core/common_runtime/gpu/gpu_device.cc:1276] 4:   Y Y Y Y N Y Y Y 
2020-08-26 21:21:59.566969: I tensorflow/core/common_runtime/gpu/gpu_device.cc:1276] 5:   Y Y Y Y Y N Y Y 
2020-08-26 21:21:59.566975: I tensorflow/core/common_runtime/gpu/gpu_device.cc:1276] 6:   Y Y Y Y Y Y N Y 
2020-08-26 21:21:59.566981: I tensorflow/core/common_runtime/gpu/gpu_device.cc:1276] 7:   Y Y Y Y Y Y Y N 
2020-08-26 21:21:59.581042: I tensorflow/core/common_runtime/gpu/gpu_device.cc:1402] Created TensorFlow device (/job:worker/replica:0/task:0/device:GPU:0 with 14753 MB memory) -> physical GPU (device: 0, name: Tesla V100-SXM2-16GB, pci bus id: 0000:1a:00.0, compute capability: 7.0)
2020-08-26 21:21:59.582580: I tensorflow/core/common_runtime/gpu/gpu_device.cc:1402] Created TensorFlow device (/job:worker/replica:0/task:0/device:GPU:1 with 14753 MB memory) -> physical GPU (device: 1, name: Tesla V100-SXM2-16GB, pci bus id: 0000:1b:00.0, compute capability: 7.0)
2020-08-26 21:21:59.584102: I tensorflow/core/common_runtime/gpu/gpu_device.cc:1402] Created TensorFlow device (/job:worker/replica:0/task:0/device:GPU:2 with 14753 MB memory) -> physical GPU (device: 2, name: Tesla V100-SXM2-16GB, pci bus id: 0000:3d:00.0, compute capability: 7.0)
2020-08-26 21:21:59.585609: I tensorflow/core/common_runtime/gpu/gpu_device.cc:1402] Created TensorFlow device (/job:worker/replica:0/task:0/device:GPU:3 with 14753 MB memory) -> physical GPU (device: 3, name: Tesla V100-SXM2-16GB, pci bus id: 0000:3e:00.0, compute capability: 7.0)
2020-08-26 21:21:59.587116: I tensorflow/core/common_runtime/gpu/gpu_device.cc:1402] Created TensorFlow device (/job:worker/replica:0/task:0/device:GPU:4 with 14753 MB memory) -> physical GPU (device: 4, name: Tesla V100-SXM2-16GB, pci bus id: 0000:88:00.0, compute capability: 7.0)
2020-08-26 21:21:59.588616: I tensorflow/core/common_runtime/gpu/gpu_device.cc:1402] Created TensorFlow device (/job:worker/replica:0/task:0/device:GPU:5 with 14753 MB memory) -> physical GPU (device: 5, name: Tesla V100-SXM2-16GB, pci bus id: 0000:89:00.0, compute capability: 7.0)
2020-08-26 21:21:59.590118: I tensorflow/core/common_runtime/gpu/gpu_device.cc:1402] Created TensorFlow device (/job:worker/replica:0/task:0/device:GPU:6 with 14753 MB memory) -> physical GPU (device: 6, name: Tesla V100-SXM2-16GB, pci bus id: 0000:b2:00.0, compute capability: 7.0)
2020-08-26 21:21:59.591643: I tensorflow/core/common_runtime/gpu/gpu_device.cc:1402] Created TensorFlow device (/job:worker/replica:0/task:0/device:GPU:7 with 14753 MB memory) -> physical GPU (device: 7, name: Tesla V100-SXM2-16GB, pci bus id: 0000:b3:00.0, compute capability: 7.0)
2020-08-26 21:21:59.617417: I tensorflow/core/distributed_runtime/rpc/grpc_channel.cc:301] Initialize GrpcChannelCache for job worker -> {0 -> 10.11.0.2:11111, 1 -> 10.11.0.3:11111}
2020-08-26 21:21:59.627934: I tensorflow/core/distributed_runtime/rpc/grpc_server_lib.cc:405] Started server with target: grpc://10.11.0.2:11111
INFO:tensorflow:Enabled multi-worker collective ops with available devices: ['/job:worker/replica:0/task:0/device:CPU:0', '/job:worker/replica:0/task:0/device:XLA_CPU:0', '/job:worker/replica:0/task:0/device:XLA_GPU:0', '/job:worker/replica:0/task:0/device:XLA_GPU:1', '/job:worker/replica:0/task:0/device:XLA_GPU:2', '/job:worker/replica:0/task:0/device:XLA_GPU:3', '/job:worker/replica:0/task:0/device:XLA_GPU:4', '/job:worker/replica:0/task:0/device:XLA_GPU:5', '/job:worker/replica:0/task:0/device:XLA_GPU:6', '/job:worker/replica:0/task:0/device:XLA_GPU:7', '/job:worker/replica:0/task:0/device:GPU:0', '/job:worker/replica:0/task:0/device:GPU:1', '/job:worker/replica:0/task:0/device:GPU:2', '/job:worker/replica:0/task:0/device:GPU:3', '/job:worker/replica:0/task:0/device:GPU:4', '/job:worker/replica:0/task:0/device:GPU:5', '/job:worker/replica:0/task:0/device:GPU:6', '/job:worker/replica:0/task:0/device:GPU:7']
I0826 21:21:59.651242 140022512858880 collective_all_reduce_strategy.py:329] Enabled multi-worker collective ops with available devices: ['/job:worker/replica:0/task:0/device:CPU:0', '/job:worker/replica:0/task:0/device:XLA_CPU:0', '/job:worker/replica:0/task:0/device:XLA_GPU:0', '/job:worker/replica:0/task:0/device:XLA_GPU:1', '/job:worker/replica:0/task:0/device:XLA_GPU:2', '/job:worker/replica:0/task:0/device:XLA_GPU:3', '/job:worker/replica:0/task:0/device:XLA_GPU:4', '/job:worker/replica:0/task:0/device:XLA_GPU:5', '/job:worker/replica:0/task:0/device:XLA_GPU:6', '/job:worker/replica:0/task:0/device:XLA_GPU:7', '/job:worker/replica:0/task:0/device:GPU:0', '/job:worker/replica:0/task:0/device:GPU:1', '/job:worker/replica:0/task:0/device:GPU:2', '/job:worker/replica:0/task:0/device:GPU:3', '/job:worker/replica:0/task:0/device:GPU:4', '/job:worker/replica:0/task:0/device:GPU:5', '/job:worker/replica:0/task:0/device:GPU:6', '/job:worker/replica:0/task:0/device:GPU:7']
INFO:tensorflow:Using MirroredStrategy with devices ('/job:worker/task:0/device:GPU:0', '/job:worker/task:0/device:GPU:1', '/job:worker/task:0/device:GPU:2', '/job:worker/task:0/device:GPU:3', '/job:worker/task:0/device:GPU:4', '/job:worker/task:0/device:GPU:5', '/job:worker/task:0/device:GPU:6', '/job:worker/task:0/device:GPU:7')
I0826 21:21:59.677905 140022512858880 mirrored_strategy.py:341] Using MirroredStrategy with devices ('/job:worker/task:0/device:GPU:0', '/job:worker/task:0/device:GPU:1', '/job:worker/task:0/device:GPU:2', '/job:worker/task:0/device:GPU:3', '/job:worker/task:0/device:GPU:4', '/job:worker/task:0/device:GPU:5', '/job:worker/task:0/device:GPU:6', '/job:worker/task:0/device:GPU:7')
INFO:tensorflow:MultiWorkerMirroredStrategy with cluster_spec = {'worker': ['10.11.0.2:11111', '10.11.0.3:11111']}, task_type = 'worker', task_id = 0, num_workers = 2, local_devices = ('/job:worker/task:0/device:GPU:0', '/job:worker/task:0/device:GPU:1', '/job:worker/task:0/device:GPU:2', '/job:worker/task:0/device:GPU:3', '/job:worker/task:0/device:GPU:4', '/job:worker/task:0/device:GPU:5', '/job:worker/task:0/device:GPU:6', '/job:worker/task:0/device:GPU:7'), communication = CollectiveCommunication.NCCL
I0826 21:21:59.681767 140022512858880 collective_all_reduce_strategy.py:380] MultiWorkerMirroredStrategy with cluster_spec = {'worker': ['10.11.0.2:11111', '10.11.0.3:11111']}, task_type = 'worker', task_id = 0, num_workers = 2, local_devices = ('/job:worker/task:0/device:GPU:0', '/job:worker/task:0/device:GPU:1', '/job:worker/task:0/device:GPU:2', '/job:worker/task:0/device:GPU:3', '/job:worker/task:0/device:GPU:4', '/job:worker/task:0/device:GPU:5', '/job:worker/task:0/device:GPU:6', '/job:worker/task:0/device:GPU:7'), communication = CollectiveCommunication.NCCL
I0826 21:21:59.713194 140022512858880 classifier_trainer.py:310] Detected 16 devices.
W0826 21:21:59.714887 140022512858880 classifier_trainer.py:101] label_smoothing > 0, so datasets will be one hot encoded.
I0826 21:21:59.718238 140022512858880 dataset_factory.py:173] Using augmentation: None
I0826 21:21:59.719115 140022512858880 dataset_factory.py:173] Using augmentation: None
I0826 21:21:59.720060 140022512858880 dataset_factory.py:358] Using TFRecords to load data.
I0826 21:21:59.739940 140022512858880 dataset_factory.py:403] Sharding the dataset: input_pipeline_id=2 num_input_pipelines=0
WARNING:tensorflow:From /home/leinao/anaconda3/envs/tensorflow/lib/python3.7/site-packages/tensorflow/python/util/dispatch.py:201: sample_distorted_bounding_box (from tensorflow.python.ops.image_ops_impl) is deprecated and will be removed in a future version.
Instructions for updating:
`seed2` arg is deprecated.Use sample_distorted_bounding_box_v2 instead.
W0826 21:22:00.309114 140022512858880 deprecation.py:323] From /home/leinao/anaconda3/envs/tensorflow/lib/python3.7/site-packages/tensorflow/python/util/dispatch.py:201: sample_distorted_bounding_box (from tensorflow.python.ops.image_ops_impl) is deprecated and will be removed in a future version.
Instructions for updating:
`seed2` arg is deprecated.Use sample_distorted_bounding_box_v2 instead.
I0826 21:22:00.527584 140022512858880 dataset_factory.py:358] Using TFRecords to load data.
I0826 21:22:00.532716 140022512858880 dataset_factory.py:403] Sharding the dataset: input_pipeline_id=2 num_input_pipelines=0
I0826 21:22:01.694536 140022512858880 dataset_info.py:430] Load pre-computed DatasetInfo (eg: splits, num examples,...) from GCS: imagenet2012/5.0.0
I0826 21:22:04.228767 140022512858880 dataset_info.py:361] Load dataset info from /tmp/tmpbmc_yfhqtfds
I0826 21:22:04.236766 140022512858880 dataset_info.py:401] Field info.description from disk and from code do not match. Keeping the one from code.
I0826 21:22:04.236956 140022512858880 dataset_info.py:401] Field info.citation from disk and from code do not match. Keeping the one from code.
I0826 21:22:04.482208 140022512858880 classifier_trainer.py:329] Global batch size: 2048
INFO:tensorflow:Collective batch_all_reduce: 1 all-reduces, num_devices = 8, group_size = 16, communication_hint = AUTO, num_packs = 1
I0826 21:22:06.557682 140022512858880 cross_device_ops.py:1085] Collective batch_all_reduce: 1 all-reduces, num_devices = 8, group_size = 16, communication_hint = AUTO, num_packs = 1
INFO:tensorflow:Collective batch_all_reduce: 1 all-reduces, num_devices = 8, group_size = 16, communication_hint = AUTO, num_packs = 1
I0826 21:22:06.580735 140022512858880 cross_device_ops.py:1085] Collective batch_all_reduce: 1 all-reduces, num_devices = 8, group_size = 16, communication_hint = AUTO, num_packs = 1
INFO:tensorflow:Collective batch_all_reduce: 1 all-reduces, num_devices = 8, group_size = 16, communication_hint = AUTO, num_packs = 1
I0826 21:22:06.604289 140022512858880 cross_device_ops.py:1085] Collective batch_all_reduce: 1 all-reduces, num_devices = 8, group_size = 16, communication_hint = AUTO, num_packs = 1
INFO:tensorflow:Collective batch_all_reduce: 1 all-reduces, num_devices = 8, group_size = 16, communication_hint = AUTO, num_packs = 1
I0826 21:22:06.625954 140022512858880 cross_device_ops.py:1085] Collective batch_all_reduce: 1 all-reduces, num_devices = 8, group_size = 16, communication_hint = AUTO, num_packs = 1
INFO:tensorflow:Collective batch_all_reduce: 1 all-reduces, num_devices = 8, group_size = 16, communication_hint = AUTO, num_packs = 1
I0826 21:22:06.665719 140022512858880 cross_device_ops.py:1085] Collective batch_all_reduce: 1 all-reduces, num_devices = 8, group_size = 16, communication_hint = AUTO, num_packs = 1
INFO:tensorflow:Collective batch_all_reduce: 1 all-reduces, num_devices = 8, group_size = 16, communication_hint = AUTO, num_packs = 1
I0826 21:22:06.687406 140022512858880 cross_device_ops.py:1085] Collective batch_all_reduce: 1 all-reduces, num_devices = 8, group_size = 16, communication_hint = AUTO, num_packs = 1
INFO:tensorflow:Collective batch_all_reduce: 1 all-reduces, num_devices = 8, group_size = 16, communication_hint = AUTO, num_packs = 1
I0826 21:22:06.828716 140022512858880 cross_device_ops.py:1085] Collective batch_all_reduce: 1 all-reduces, num_devices = 8, group_size = 16, communication_hint = AUTO, num_packs = 1
INFO:tensorflow:Collective batch_all_reduce: 1 all-reduces, num_devices = 8, group_size = 16, communication_hint = AUTO, num_packs = 1
I0826 21:22:06.855833 140022512858880 cross_device_ops.py:1085] Collective batch_all_reduce: 1 all-reduces, num_devices = 8, group_size = 16, communication_hint = AUTO, num_packs = 1
INFO:tensorflow:Collective batch_all_reduce: 1 all-reduces, num_devices = 8, group_size = 16, communication_hint = AUTO, num_packs = 1
I0826 21:22:06.881914 140022512858880 cross_device_ops.py:1085] Collective batch_all_reduce: 1 all-reduces, num_devices = 8, group_size = 16, communication_hint = AUTO, num_packs = 1
INFO:tensorflow:Collective batch_all_reduce: 1 all-reduces, num_devices = 8, group_size = 16, communication_hint = AUTO, num_packs = 1
I0826 21:22:06.903803 140022512858880 cross_device_ops.py:1085] Collective batch_all_reduce: 1 all-reduces, num_devices = 8, group_size = 16, communication_hint = AUTO, num_packs = 1
I0826 21:22:21.894360 140022512858880 optimizer_factory.py:372] Using Piecewise constant decay with warmup. Parameters: batch_size: 2048, epoch_size: 640512, warmup_epochs: 1, boundaries: [30, 60, 80], multipliers: [1.0, 0.1, 0.01, 0.001]
I0826 21:22:21.895291 140022512858880 optimizer_factory.py:273] Building momentum optimizer with params {'name': 'momentum', 'decay': 0.9, 'epsilon': 0.001, 'momentum': 0.875, 'nesterov': None, 'moving_average_decay': None, 'lookahead': None, 'beta_1': None, 'beta_2': None}
I0826 21:22:21.895367 140022512858880 optimizer_factory.py:281] Using momentum optimizer
2020-08-26 21:22:22.115589: I tensorflow/core/profiler/lib/profiler_session.cc:164] Profiler session started.
2020-08-26 21:22:22.115700: I tensorflow/core/profiler/internal/gpu/cupti_tracer.cc:1391] Profiler found 8 GPUs
2020-08-26 21:22:22.116759: W tensorflow/stream_executor/platform/default/dso_loader.cc:59] Could not load dynamic library 'libcupti.so.10.1'; dlerror: libcupti.so.10.1: cannot open shared object file: No such file or directory; LD_LIBRARY_PATH: /home/leinao/gcc-5.5/lib/:/home/leinao/gcc-5.5/lib/::/usr/local/cuda/lib64:/usr/local/nccl_2.7.3-1+cuda10.1_x86_64/lib:/usr/local/openmpi/lib:/usr/local/cuda/lib64:/usr/local/nccl_2.7.3-1+cuda10.1_x86_64/lib:/usr/local/openmpi/lib
2020-08-26 21:22:22.116888: W tensorflow/stream_executor/platform/default/dso_loader.cc:59] Could not load dynamic library 'libcupti.so'; dlerror: libcupti.so: cannot open shared object file: No such file or directory; LD_LIBRARY_PATH: /home/leinao/gcc-5.5/lib/:/home/leinao/gcc-5.5/lib/::/usr/local/cuda/lib64:/usr/local/nccl_2.7.3-1+cuda10.1_x86_64/lib:/usr/local/openmpi/lib:/usr/local/cuda/lib64:/usr/local/nccl_2.7.3-1+cuda10.1_x86_64/lib:/usr/local/openmpi/lib
2020-08-26 21:22:22.116915: E tensorflow/core/profiler/internal/gpu/cupti_tracer.cc:1441] function cupti_interface_->Subscribe( &subscriber_, (CUpti_CallbackFunc)ApiCallback, this)failed with error CUPTI could not be loaded or symbol could not be found.
I0826 21:22:22.118481 140022512858880 classifier_trainer.py:285] Saving experiment configuration to ../output/params.yaml
INFO:tensorflow:Running Distribute Coordinator with mode = 'independent_worker', cluster_spec = {'worker': ['10.11.0.2:11111', '10.11.0.3:11111']}, task_type = 'worker', task_id = 0, environment = None, rpc_layer = 'grpc'
I0826 21:22:22.138218 140022512858880 distribute_coordinator.py:783] Running Distribute Coordinator with mode = 'independent_worker', cluster_spec = {'worker': ['10.11.0.2:11111', '10.11.0.3:11111']}, task_type = 'worker', task_id = 0, environment = None, rpc_layer = 'grpc'
WARNING:tensorflow:`eval_fn` is not passed in. The `worker_fn` will be used if an "evaluator" task exists in the cluster.
W0826 21:22:22.138447 140022512858880 distribute_coordinator.py:832] `eval_fn` is not passed in. The `worker_fn` will be used if an "evaluator" task exists in the cluster.
WARNING:tensorflow:`eval_strategy` is not passed in. No distribution strategy will be used for evaluation.
W0826 21:22:22.138503 140022512858880 distribute_coordinator.py:836] `eval_strategy` is not passed in. No distribution strategy will be used for evaluation.
INFO:tensorflow:Using MirroredStrategy with devices ('/job:worker/task:0/device:GPU:0', '/job:worker/task:0/device:GPU:1', '/job:worker/task:0/device:GPU:2', '/job:worker/task:0/device:GPU:3', '/job:worker/task:0/device:GPU:4', '/job:worker/task:0/device:GPU:5', '/job:worker/task:0/device:GPU:6', '/job:worker/task:0/device:GPU:7')
I0826 21:22:22.146478 140022512858880 mirrored_strategy.py:341] Using MirroredStrategy with devices ('/job:worker/task:0/device:GPU:0', '/job:worker/task:0/device:GPU:1', '/job:worker/task:0/device:GPU:2', '/job:worker/task:0/device:GPU:3', '/job:worker/task:0/device:GPU:4', '/job:worker/task:0/device:GPU:5', '/job:worker/task:0/device:GPU:6', '/job:worker/task:0/device:GPU:7')
INFO:tensorflow:MultiWorkerMirroredStrategy with cluster_spec = {'worker': ['10.11.0.2:11111', '10.11.0.3:11111']}, task_type = 'worker', task_id = 0, num_workers = 2, local_devices = ('/job:worker/task:0/device:GPU:0', '/job:worker/task:0/device:GPU:1', '/job:worker/task:0/device:GPU:2', '/job:worker/task:0/device:GPU:3', '/job:worker/task:0/device:GPU:4', '/job:worker/task:0/device:GPU:5', '/job:worker/task:0/device:GPU:6', '/job:worker/task:0/device:GPU:7'), communication = CollectiveCommunication.NCCL
I0826 21:22:22.147308 140022512858880 collective_all_reduce_strategy.py:380] MultiWorkerMirroredStrategy with cluster_spec = {'worker': ['10.11.0.2:11111', '10.11.0.3:11111']}, task_type = 'worker', task_id = 0, num_workers = 2, local_devices = ('/job:worker/task:0/device:GPU:0', '/job:worker/task:0/device:GPU:1', '/job:worker/task:0/device:GPU:2', '/job:worker/task:0/device:GPU:3', '/job:worker/task:0/device:GPU:4', '/job:worker/task:0/device:GPU:5', '/job:worker/task:0/device:GPU:6', '/job:worker/task:0/device:GPU:7'), communication = CollectiveCommunication.NCCL
INFO:tensorflow:Using MirroredStrategy with devices ('/job:worker/task:0/device:GPU:0', '/job:worker/task:0/device:GPU:1', '/job:worker/task:0/device:GPU:2', '/job:worker/task:0/device:GPU:3', '/job:worker/task:0/device:GPU:4', '/job:worker/task:0/device:GPU:5', '/job:worker/task:0/device:GPU:6', '/job:worker/task:0/device:GPU:7')
I0826 21:22:22.155237 140022512858880 mirrored_strategy.py:341] Using MirroredStrategy with devices ('/job:worker/task:0/device:GPU:0', '/job:worker/task:0/device:GPU:1', '/job:worker/task:0/device:GPU:2', '/job:worker/task:0/device:GPU:3', '/job:worker/task:0/device:GPU:4', '/job:worker/task:0/device:GPU:5', '/job:worker/task:0/device:GPU:6', '/job:worker/task:0/device:GPU:7')
INFO:tensorflow:MultiWorkerMirroredStrategy with cluster_spec = {'worker': ['10.11.0.2:11111', '10.11.0.3:11111']}, task_type = 'worker', task_id = 0, num_workers = 2, local_devices = ('/job:worker/task:0/device:GPU:0', '/job:worker/task:0/device:GPU:1', '/job:worker/task:0/device:GPU:2', '/job:worker/task:0/device:GPU:3', '/job:worker/task:0/device:GPU:4', '/job:worker/task:0/device:GPU:5', '/job:worker/task:0/device:GPU:6', '/job:worker/task:0/device:GPU:7'), communication = CollectiveCommunication.NCCL
I0826 21:22:22.155818 140022512858880 collective_all_reduce_strategy.py:380] MultiWorkerMirroredStrategy with cluster_spec = {'worker': ['10.11.0.2:11111', '10.11.0.3:11111']}, task_type = 'worker', task_id = 0, num_workers = 2, local_devices = ('/job:worker/task:0/device:GPU:0', '/job:worker/task:0/device:GPU:1', '/job:worker/task:0/device:GPU:2', '/job:worker/task:0/device:GPU:3', '/job:worker/task:0/device:GPU:4', '/job:worker/task:0/device:GPU:5', '/job:worker/task:0/device:GPU:6', '/job:worker/task:0/device:GPU:7'), communication = CollectiveCommunication.NCCL
WARNING:tensorflow:From /home/leinao/anaconda3/envs/tensorflow/lib/python3.7/site-packages/tensorflow/python/data/ops/multi_device_iterator_ops.py:601: get_next_as_optional (from tensorflow.python.data.ops.iterator_ops) is deprecated and will be removed in a future version.
Instructions for updating:
Use `tf.data.Iterator.get_next_as_optional()` instead.
W0826 21:22:23.949378 140022512858880 deprecation.py:323] From /home/leinao/anaconda3/envs/tensorflow/lib/python3.7/site-packages/tensorflow/python/data/ops/multi_device_iterator_ops.py:601: get_next_as_optional (from tensorflow.python.data.ops.iterator_ops) is deprecated and will be removed in a future version.
Instructions for updating:
Use `tf.data.Iterator.get_next_as_optional()` instead.
INFO:tensorflow:Collective batch_all_reduce: 161 all-reduces, num_devices = 8, group_size = 16, communication_hint = NCCL, num_packs = 1
I0826 21:22:34.753262 140022512858880 cross_device_ops.py:1079] Collective batch_all_reduce: 161 all-reduces, num_devices = 8, group_size = 16, communication_hint = NCCL, num_packs = 1
INFO:tensorflow:Collective batch_all_reduce: 161 all-reduces, num_devices = 8, group_size = 16, communication_hint = NCCL, num_packs = 1
I0826 21:22:58.325619 140022512858880 cross_device_ops.py:1079] Collective batch_all_reduce: 161 all-reduces, num_devices = 8, group_size = 16, communication_hint = NCCL, num_packs = 1
2020-08-26 21:23:27.043465: I tensorflow/stream_executor/platform/default/dso_loader.cc:48] Successfully opened dynamic library libcublas.so.10
2020-08-26 21:23:31.907225: I tensorflow/stream_executor/platform/default/dso_loader.cc:48] Successfully opened dynamic library libcudnn.so.7
2020-08-26 21:23:50.112630: I tensorflow/core/profiler/lib/profiler_session.cc:164] Profiler session started.
2020-08-26 21:23:50.112739: E tensorflow/core/profiler/internal/gpu/cupti_tracer.cc:1441] function cupti_interface_->Subscribe( &subscriber_, (CUpti_CallbackFunc)ApiCallback, this)failed with error CUPTI could not be loaded or symbol could not be found.
WARNING:tensorflow:From /home/leinao/anaconda3/envs/tensorflow/lib/python3.7/site-packages/tensorflow/python/ops/summary_ops_v2.py:1277: stop (from tensorflow.python.eager.profiler) is deprecated and will be removed after 2020-07-01.
Instructions for updating:
use `tf.profiler.experimental.stop` instead.
W0826 21:23:50.555073 140022512858880 deprecation.py:323] From /home/leinao/anaconda3/envs/tensorflow/lib/python3.7/site-packages/tensorflow/python/ops/summary_ops_v2.py:1277: stop (from tensorflow.python.eager.profiler) is deprecated and will be removed after 2020-07-01.
Instructions for updating:
use `tf.profiler.experimental.stop` instead.
2020-08-26 21:23:50.786518: I tensorflow/core/profiler/internal/gpu/device_tracer.cc:223]  GpuTracer has collected 0 callback api events and 0 activity events. 
2020-08-26 21:23:51.053082: I tensorflow/core/profiler/rpc/client/save_profile.cc:176] Creating directory: ../output/train/plugins/profile/2020_08_26_21_23_50
2020-08-26 21:23:51.223323: I tensorflow/core/profiler/rpc/client/save_profile.cc:182] Dumped gzipped tool data for trace.json.gz to ../output/train/plugins/profile/2020_08_26_21_23_50/VS002.trace.json.gz
2020-08-26 21:23:51.551732: I tensorflow/core/profiler/rpc/client/save_profile.cc:176] Creating directory: ../output/train/plugins/profile/2020_08_26_21_23_50
2020-08-26 21:23:51.602750: I tensorflow/core/profiler/rpc/client/save_profile.cc:182] Dumped gzipped tool data for memory_profile.json.gz to ../output/train/plugins/profile/2020_08_26_21_23_50/VS002.memory_profile.json.gz
2020-08-26 21:23:51.612274: I tensorflow/python/profiler/internal/profiler_wrapper.cc:111] Creating directory: ../output/train/plugins/profile/2020_08_26_21_23_50Dumped tool data for xplane.pb to ../output/train/plugins/profile/2020_08_26_21_23_50/VS002.xplane.pb
Dumped tool data for overview_page.pb to ../output/train/plugins/profile/2020_08_26_21_23_50/VS002.overview_page.pb
Dumped tool data for input_pipeline.pb to ../output/train/plugins/profile/2020_08_26_21_23_50/VS002.input_pipeline.pb
Dumped tool data for tensorflow_stats.pb to ../output/train/plugins/profile/2020_08_26_21_23_50/VS002.tensorflow_stats.pb
Dumped tool data for kernel_stats.pb to ../output/train/plugins/profile/2020_08_26_21_23_50/VS002.kernel_stats.pb

WARNING:tensorflow:Callbacks method `on_train_batch_end` is slow compared to the batch time (batch time: 0.4394s vs `on_train_batch_end` time: 1.0888s). Check your callbacks.
W0826 21:23:51.641090 140022512858880 callbacks.py:328] Callbacks method `on_train_batch_end` is slow compared to the batch time (batch time: 0.4394s vs `on_train_batch_end` time: 1.0888s). Check your callbacks.
I0826 21:24:32.662225 140022512858880 keras_utils.py:133] TimeHistory: 128.74 seconds, 1590.77 examples/second between steps 0 and 100
I0826 21:25:15.241079 140022512858880 keras_utils.py:133] TimeHistory: 42.57 seconds, 4810.40 examples/second between steps 100 and 200
I0826 21:25:58.463983 140022512858880 keras_utils.py:133] TimeHistory: 43.22 seconds, 4738.59 examples/second between steps 200 and 300
I0826 21:26:41.295685 140022512858880 keras_utils.py:133] TimeHistory: 42.83 seconds, 4781.92 examples/second between steps 300 and 400
I0826 21:27:23.912737 140022512858880 keras_utils.py:133] TimeHistory: 42.61 seconds, 4805.88 examples/second between steps 400 and 500
I0826 21:28:06.471214 140022512858880 keras_utils.py:133] TimeHistory: 42.56 seconds, 4812.58 examples/second between steps 500 and 600

Epoch 00001: saving model to ../output/model.ckpt-0001
600/600 - 258s - loss: 6.0695 - accuracy: 0.7790 - top_5_accuracy: 0.8368
INFO:tensorflow:Running Distribute Coordinator with mode = 'independent_worker', cluster_spec = {'worker': ['10.11.0.2:11111', '10.11.0.3:11111']}, task_type = 'worker', task_id = 0, environment = None, rpc_layer = 'grpc'
I0826 21:28:08.455905 140022512858880 distribute_coordinator.py:783] Running Distribute Coordinator with mode = 'independent_worker', cluster_spec = {'worker': ['10.11.0.2:11111', '10.11.0.3:11111']}, task_type = 'worker', task_id = 0, environment = None, rpc_layer = 'grpc'
WARNING:tensorflow:`eval_fn` is not passed in. The `worker_fn` will be used if an "evaluator" task exists in the cluster.
W0826 21:28:08.456313 140022512858880 distribute_coordinator.py:832] `eval_fn` is not passed in. The `worker_fn` will be used if an "evaluator" task exists in the cluster.
WARNING:tensorflow:`eval_strategy` is not passed in. No distribution strategy will be used for evaluation.
W0826 21:28:08.456457 140022512858880 distribute_coordinator.py:836] `eval_strategy` is not passed in. No distribution strategy will be used for evaluation.
INFO:tensorflow:Using MirroredStrategy with devices ('/job:worker/task:0/device:GPU:0', '/job:worker/task:0/device:GPU:1', '/job:worker/task:0/device:GPU:2', '/job:worker/task:0/device:GPU:3', '/job:worker/task:0/device:GPU:4', '/job:worker/task:0/device:GPU:5', '/job:worker/task:0/device:GPU:6', '/job:worker/task:0/device:GPU:7')
I0826 21:28:08.464098 140022512858880 mirrored_strategy.py:341] Using MirroredStrategy with devices ('/job:worker/task:0/device:GPU:0', '/job:worker/task:0/device:GPU:1', '/job:worker/task:0/device:GPU:2', '/job:worker/task:0/device:GPU:3', '/job:worker/task:0/device:GPU:4', '/job:worker/task:0/device:GPU:5', '/job:worker/task:0/device:GPU:6', '/job:worker/task:0/device:GPU:7')
INFO:tensorflow:MultiWorkerMirroredStrategy with cluster_spec = {'worker': ['10.11.0.2:11111', '10.11.0.3:11111']}, task_type = 'worker', task_id = 0, num_workers = 2, local_devices = ('/job:worker/task:0/device:GPU:0', '/job:worker/task:0/device:GPU:1', '/job:worker/task:0/device:GPU:2', '/job:worker/task:0/device:GPU:3', '/job:worker/task:0/device:GPU:4', '/job:worker/task:0/device:GPU:5', '/job:worker/task:0/device:GPU:6', '/job:worker/task:0/device:GPU:7'), communication = CollectiveCommunication.NCCL
I0826 21:28:08.464945 140022512858880 collective_all_reduce_strategy.py:380] MultiWorkerMirroredStrategy with cluster_spec = {'worker': ['10.11.0.2:11111', '10.11.0.3:11111']}, task_type = 'worker', task_id = 0, num_workers = 2, local_devices = ('/job:worker/task:0/device:GPU:0', '/job:worker/task:0/device:GPU:1', '/job:worker/task:0/device:GPU:2', '/job:worker/task:0/device:GPU:3', '/job:worker/task:0/device:GPU:4', '/job:worker/task:0/device:GPU:5', '/job:worker/task:0/device:GPU:6', '/job:worker/task:0/device:GPU:7'), communication = CollectiveCommunication.NCCL
INFO:tensorflow:Using MirroredStrategy with devices ('/job:worker/task:0/device:GPU:0', '/job:worker/task:0/device:GPU:1', '/job:worker/task:0/device:GPU:2', '/job:worker/task:0/device:GPU:3', '/job:worker/task:0/device:GPU:4', '/job:worker/task:0/device:GPU:5', '/job:worker/task:0/device:GPU:6', '/job:worker/task:0/device:GPU:7')
I0826 21:28:08.471598 140022512858880 mirrored_strategy.py:341] Using MirroredStrategy with devices ('/job:worker/task:0/device:GPU:0', '/job:worker/task:0/device:GPU:1', '/job:worker/task:0/device:GPU:2', '/job:worker/task:0/device:GPU:3', '/job:worker/task:0/device:GPU:4', '/job:worker/task:0/device:GPU:5', '/job:worker/task:0/device:GPU:6', '/job:worker/task:0/device:GPU:7')
INFO:tensorflow:MultiWorkerMirroredStrategy with cluster_spec = {'worker': ['10.11.0.2:11111', '10.11.0.3:11111']}, task_type = 'worker', task_id = 0, num_workers = 2, local_devices = ('/job:worker/task:0/device:GPU:0', '/job:worker/task:0/device:GPU:1', '/job:worker/task:0/device:GPU:2', '/job:worker/task:0/device:GPU:3', '/job:worker/task:0/device:GPU:4', '/job:worker/task:0/device:GPU:5', '/job:worker/task:0/device:GPU:6', '/job:worker/task:0/device:GPU:7'), communication = CollectiveCommunication.NCCL
I0826 21:28:08.472414 140022512858880 collective_all_reduce_strategy.py:380] MultiWorkerMirroredStrategy with cluster_spec = {'worker': ['10.11.0.2:11111', '10.11.0.3:11111']}, task_type = 'worker', task_id = 0, num_workers = 2, local_devices = ('/job:worker/task:0/device:GPU:0', '/job:worker/task:0/device:GPU:1', '/job:worker/task:0/device:GPU:2', '/job:worker/task:0/device:GPU:3', '/job:worker/task:0/device:GPU:4', '/job:worker/task:0/device:GPU:5', '/job:worker/task:0/device:GPU:6', '/job:worker/task:0/device:GPU:7'), communication = CollectiveCommunication.NCCL
24/24 - 3s - loss: 6.2148 - accuracy: 0.5032 - top_5_accuracy: 0.5218
I0826 21:28:25.385289 140022512858880 classifier_trainer.py:447] Run stats:
{'accuracy_top_1': 0.503173828125, 'eval_loss': 6.214762210845947, 'loss': 6.069523811340332, 'training_accuracy_top_1': 0.7789868116378784, 'step_timestamp_log': ['BatchTimestamp<batch_index: 0, timestamp: 1598448143.9189403>', 'BatchTimestamp<batch_index: 100, timestamp: 1598448272.6619678>', 'BatchTimestamp<batch_index: 200, timestamp: 1598448315.2408013>', 'BatchTimestamp<batch_index: 300, timestamp: 1598448358.4637022>', 'BatchTimestamp<batch_index: 400, timestamp: 1598448401.2954998>', 'BatchTimestamp<batch_index: 500, timestamp: 1598448443.9124777>', 'BatchTimestamp<batch_index: 600, timestamp: 1598448486.470984>'], 'train_finish_time': 1598448488.251189, 'avg_exp_per_second': 3568.653991696698}
2020-08-26 21:28:29.095642: W tensorflow/core/common_runtime/eager/context.cc:566] Unable to destroy server_ object, so releasing instead. Servers don't support clean shutdown.
