2020-08-26 21:14:23.313551: I tensorflow/stream_executor/platform/default/dso_loader.cc:48] Successfully opened dynamic library libcudart.so.10.1
I0826 21:14:24.615528 140232066361088 classifier_trainer.py:180] Base params: {'evaluation': {'epochs_between_evals': 1, 'skip_eval': False, 'steps': None},
 'export': {'checkpoint': None, 'destination': None},
 'mode': None,
 'model': {'learning_rate': {'boundaries': [30, 60, 80],
                             'decay_epochs': None,
                             'decay_rate': None,
                             'examples_per_epoch': 1281167,
                             'initial_lr': None,
                             'multipliers': [1.0, 0.1, 0.01, 0.001],
                             'name': 'piecewise_constant_with_warmup',
                             'scale_by_batch_size': 0.0,
                             'staircase': None,
                             'warmup_epochs': 5},
           'loss': {'label_smoothing': None,
                    'name': 'sparse_categorical_crossentropy'},
           'model_params': {'batch_size': None,
                            'num_classes': 1000,
                            'rescale_inputs': False,
                            'use_l2_regularizer': True},
           'name': 'ResNet',
           'num_classes': 1000,
           'optimizer': {'beta_1': None,
                         'beta_2': None,
                         'decay': 0.9,
                         'epsilon': 0.001,
                         'lookahead': None,
                         'momentum': 0.9,
                         'moving_average_decay': None,
                         'name': 'momentum',
                         'nesterov': None}},
 'model_dir': None,
 'model_name': None,
 'runtime': {'all_reduce_alg': None,
             'batchnorm_spatial_persistent': False,
             'dataset_num_private_threads': None,
             'distribution_strategy': 'mirrored',
             'enable_xla': False,
             'gpu_thread_mode': None,
             'loss_scale': None,
             'mixed_precision_dtype': None,
             'num_gpus': 0,
             'num_packs': 1,
             'per_gpu_thread_count': 0,
             'run_eagerly': False,
             'task_index': -1,
             'tpu': None,
             'worker_hosts': None},
 'train': {'callbacks': {'enable_checkpoint_and_export': True,
                         'enable_tensorboard': True,
                         'enable_time_history': True},
           'epochs': 90,
           'metrics': ['accuracy', 'top_5'],
           'resume_checkpoint': True,
           'set_epoch_loop': False,
           'steps': None,
           'tensorboard': {'track_lr': True, 'write_model_weights': False},
           'time_history': {'log_steps': 1}},
 'train_dataset': {'augmenter': {'name': None, 'params': None},
                   'batch_size': 128,
                   'builder': 'records',
                   'cache': False,
                   'data_dir': None,
                   'download': False,
                   'dtype': 'float32',
                   'file_shuffle_buffer_size': 1024,
                   'filenames': None,
                   'image_size': 224,
                   'mean_subtract': True,
                   'name': 'imagenet2012',
                   'num_channels': 'infer',
                   'num_classes': 'infer',
                   'num_devices': 1,
                   'num_examples': 'infer',
                   'one_hot': False,
                   'shuffle_buffer_size': 10000,
                   'skip_decoding': True,
                   'split': 'train',
                   'standardize': True,
                   'tf_data_service': None,
                   'use_per_replica_batch_size': True},
 'validation_dataset': {'augmenter': {'name': None, 'params': None},
                        'batch_size': 128,
                        'builder': 'records',
                        'cache': False,
                        'data_dir': None,
                        'download': False,
                        'dtype': 'float32',
                        'file_shuffle_buffer_size': 1024,
                        'filenames': None,
                        'image_size': 224,
                        'mean_subtract': True,
                        'name': 'imagenet2012',
                        'num_channels': 'infer',
                        'num_classes': 'infer',
                        'num_devices': 1,
                        'num_examples': 'infer',
                        'one_hot': False,
                        'shuffle_buffer_size': 10000,
                        'skip_decoding': True,
                        'split': 'validation',
                        'standardize': True,
                        'tf_data_service': None,
                        'use_per_replica_batch_size': True}}
I0826 21:14:24.615744 140232066361088 classifier_trainer.py:183] Overriding params: configs/examples/resnet/imagenet/two_node_gpu.yaml
/home/leinao/tensorflow/models-2.3.0/official/modeling/hyperparams/params_dict.py:431: YAMLLoadWarning: calling yaml.load() without Loader=... is deprecated, as the default Loader is unsafe. Please read https://msg.pyyaml.org/load for full details.
  params_dict = yaml.load(dict_or_string_or_yaml_file)
/home/leinao/tensorflow/models-2.3.0/official/modeling/hyperparams/params_dict.py:436: YAMLLoadWarning: calling yaml.load() without Loader=... is deprecated, as the default Loader is unsafe. Please read https://msg.pyyaml.org/load for full details.
  params.override(yaml.load(f), is_strict)
I0826 21:14:24.621907 140232066361088 classifier_trainer.py:183] Overriding params: runtime.num_gpus=8
I0826 21:14:24.622466 140232066361088 classifier_trainer.py:183] Overriding params: {'model_dir': '../output', 'mode': 'train_and_eval', 'model': {'name': 'resnet'}, 'runtime': {'run_eagerly': None, 'tpu': None}, 'train_dataset': {'data_dir': '/datasets/ImageNet/tfrecord'}, 'validation_dataset': {'data_dir': '/datasets/ImageNet/tfrecord'}, 'train': {'time_history': {'log_steps': 100}}}
I0826 21:14:24.623949 140232066361088 classifier_trainer.py:189] Final model parameters: {'evaluation': {'epochs_between_evals': 10, 'skip_eval': False, 'steps': None},
 'export': {'checkpoint': None, 'destination': None},
 'mode': 'train_and_eval',
 'model': {'learning_rate': {'boundaries': [30, 60, 80],
                             'decay_epochs': None,
                             'decay_rate': None,
                             'examples_per_epoch': 640512,
                             'initial_lr': 1.024,
                             'multipliers': [1.0, 0.1, 0.01, 0.001],
                             'name': 'piecewise_constant_with_warmup',
                             'scale_by_batch_size': 0.0,
                             'staircase': None,
                             'warmup_epochs': 1},
           'loss': {'label_smoothing': 0.1,
                    'name': 'sparse_categorical_crossentropy'},
           'model_params': {'batch_size': None,
                            'num_classes': 1000,
                            'rescale_inputs': False,
                            'use_l2_regularizer': True},
           'name': 'resnet',
           'num_classes': 1000,
           'optimizer': {'beta_1': None,
                         'beta_2': None,
                         'decay': 0.9,
                         'epsilon': 0.001,
                         'lookahead': None,
                         'momentum': 0.875,
                         'moving_average_decay': None,
                         'name': 'momentum',
                         'nesterov': None}},
 'model_dir': '../output',
 'model_name': None,
 'runtime': {'all_reduce_alg': 'nccl',
             'batchnorm_spatial_persistent': False,
             'dataset_num_private_threads': None,
             'distribution_strategy': 'multi_worker_mirrored',
             'enable_xla': False,
             'gpu_thread_mode': None,
             'loss_scale': None,
             'mixed_precision_dtype': None,
             'num_gpus': 8,
             'num_packs': 1,
             'per_gpu_thread_count': 0,
             'run_eagerly': None,
             'task_index': 0,
             'tpu': None,
             'worker_hosts': '10.11.0.2:11111,10.11.0.3:11111'},
 'train': {'callbacks': {'enable_checkpoint_and_export': True,
                         'enable_tensorboard': True,
                         'enable_time_history': True},
           'epochs': 1,
           'metrics': ['accuracy', 'top_5'],
           'resume_checkpoint': False,
           'set_epoch_loop': False,
           'steps': 600,
           'tensorboard': {'track_lr': True, 'write_model_weights': False},
           'time_history': {'log_steps': 100}},
 'train_dataset': {'augmenter': {'name': None, 'params': None},
                   'batch_size': 128,
                   'builder': 'records',
                   'cache': False,
                   'data_dir': '/datasets/ImageNet/tfrecord',
                   'download': False,
                   'dtype': 'float32',
                   'file_shuffle_buffer_size': 1024,
                   'filenames': None,
                   'image_size': 224,
                   'mean_subtract': True,
                   'name': 'imagenet2012',
                   'num_channels': 'infer',
                   'num_classes': 1000,
                   'num_devices': 1,
                   'num_examples': 640512,
                   'one_hot': False,
                   'shuffle_buffer_size': 10000,
                   'skip_decoding': True,
                   'split': 'train',
                   'standardize': True,
                   'tf_data_service': None,
                   'use_per_replica_batch_size': True},
 'validation_dataset': {'augmenter': {'name': None, 'params': None},
                        'batch_size': 128,
                        'builder': 'records',
                        'cache': False,
                        'data_dir': '/datasets/ImageNet/tfrecord',
                        'download': False,
                        'dtype': 'float32',
                        'file_shuffle_buffer_size': 1024,
                        'filenames': None,
                        'image_size': 224,
                        'mean_subtract': True,
                        'name': 'imagenet2012',
                        'num_channels': 'infer',
                        'num_classes': 1000,
                        'num_devices': 1,
                        'num_examples': 50000,
                        'one_hot': False,
                        'shuffle_buffer_size': 10000,
                        'skip_decoding': True,
                        'split': 'validation',
                        'standardize': True,
                        'tf_data_service': None,
                        'use_per_replica_batch_size': True}}
I0826 21:14:24.624024 140232066361088 classifier_trainer.py:294] Running train and eval.
2020-08-26 21:14:24.625494: I tensorflow/stream_executor/platform/default/dso_loader.cc:48] Successfully opened dynamic library libcuda.so.1
2020-08-26 21:14:25.627432: I tensorflow/core/common_runtime/gpu/gpu_device.cc:1716] Found device 0 with properties: 
pciBusID: 0000:1a:00.0 name: Tesla V100-SXM2-16GB computeCapability: 7.0
coreClock: 1.53GHz coreCount: 80 deviceMemorySize: 15.78GiB deviceMemoryBandwidth: 836.37GiB/s
2020-08-26 21:14:25.631318: I tensorflow/core/common_runtime/gpu/gpu_device.cc:1716] Found device 1 with properties: 
pciBusID: 0000:1b:00.0 name: Tesla V100-SXM2-16GB computeCapability: 7.0
coreClock: 1.53GHz coreCount: 80 deviceMemorySize: 15.78GiB deviceMemoryBandwidth: 836.37GiB/s
2020-08-26 21:14:25.635055: I tensorflow/core/common_runtime/gpu/gpu_device.cc:1716] Found device 2 with properties: 
pciBusID: 0000:3d:00.0 name: Tesla V100-SXM2-16GB computeCapability: 7.0
coreClock: 1.53GHz coreCount: 80 deviceMemorySize: 15.78GiB deviceMemoryBandwidth: 836.37GiB/s
2020-08-26 21:14:25.638670: I tensorflow/core/common_runtime/gpu/gpu_device.cc:1716] Found device 3 with properties: 
pciBusID: 0000:3e:00.0 name: Tesla V100-SXM2-16GB computeCapability: 7.0
coreClock: 1.53GHz coreCount: 80 deviceMemorySize: 15.78GiB deviceMemoryBandwidth: 836.37GiB/s
2020-08-26 21:14:25.642278: I tensorflow/core/common_runtime/gpu/gpu_device.cc:1716] Found device 4 with properties: 
pciBusID: 0000:88:00.0 name: Tesla V100-SXM2-16GB computeCapability: 7.0
coreClock: 1.53GHz coreCount: 80 deviceMemorySize: 15.78GiB deviceMemoryBandwidth: 836.37GiB/s
2020-08-26 21:14:25.646088: I tensorflow/core/common_runtime/gpu/gpu_device.cc:1716] Found device 5 with properties: 
pciBusID: 0000:89:00.0 name: Tesla V100-SXM2-16GB computeCapability: 7.0
coreClock: 1.53GHz coreCount: 80 deviceMemorySize: 15.78GiB deviceMemoryBandwidth: 836.37GiB/s
2020-08-26 21:14:25.650034: I tensorflow/core/common_runtime/gpu/gpu_device.cc:1716] Found device 6 with properties: 
pciBusID: 0000:b2:00.0 name: Tesla V100-SXM2-16GB computeCapability: 7.0
coreClock: 1.53GHz coreCount: 80 deviceMemorySize: 15.78GiB deviceMemoryBandwidth: 836.37GiB/s
2020-08-26 21:14:25.654317: I tensorflow/core/common_runtime/gpu/gpu_device.cc:1716] Found device 7 with properties: 
pciBusID: 0000:b3:00.0 name: Tesla V100-SXM2-16GB computeCapability: 7.0
coreClock: 1.53GHz coreCount: 80 deviceMemorySize: 15.78GiB deviceMemoryBandwidth: 836.37GiB/s
2020-08-26 21:14:25.654360: I tensorflow/stream_executor/platform/default/dso_loader.cc:48] Successfully opened dynamic library libcudart.so.10.1
2020-08-26 21:14:25.657516: I tensorflow/stream_executor/platform/default/dso_loader.cc:48] Successfully opened dynamic library libcublas.so.10
2020-08-26 21:14:25.660409: I tensorflow/stream_executor/platform/default/dso_loader.cc:48] Successfully opened dynamic library libcufft.so.10
2020-08-26 21:14:25.660845: I tensorflow/stream_executor/platform/default/dso_loader.cc:48] Successfully opened dynamic library libcurand.so.10
2020-08-26 21:14:25.664003: I tensorflow/stream_executor/platform/default/dso_loader.cc:48] Successfully opened dynamic library libcusolver.so.10
2020-08-26 21:14:25.665545: I tensorflow/stream_executor/platform/default/dso_loader.cc:48] Successfully opened dynamic library libcusparse.so.10
2020-08-26 21:14:25.671754: I tensorflow/stream_executor/platform/default/dso_loader.cc:48] Successfully opened dynamic library libcudnn.so.7
2020-08-26 21:14:25.711235: I tensorflow/core/common_runtime/gpu/gpu_device.cc:1858] Adding visible gpu devices: 0, 1, 2, 3, 4, 5, 6, 7
2020-08-26 21:14:25.713848: I tensorflow/core/platform/cpu_feature_guard.cc:142] This TensorFlow binary is optimized with oneAPI Deep Neural Network Library (oneDNN)to use the following CPU instructions in performance-critical operations:  AVX2 AVX512F FMA
To enable them in other operations, rebuild TensorFlow with the appropriate compiler flags.
2020-08-26 21:14:25.742087: I tensorflow/core/platform/profile_utils/cpu_utils.cc:104] CPU Frequency: 2300115000 Hz
2020-08-26 21:14:25.753821: I tensorflow/compiler/xla/service/service.cc:168] XLA service 0x55604250f250 initialized for platform Host (this does not guarantee that XLA will be used). Devices:
2020-08-26 21:14:25.753879: I tensorflow/compiler/xla/service/service.cc:176]   StreamExecutor device (0): Host, Default Version
2020-08-26 21:14:28.061340: I tensorflow/compiler/xla/service/service.cc:168] XLA service 0x556041ceaad0 initialized for platform CUDA (this does not guarantee that XLA will be used). Devices:
2020-08-26 21:14:28.061397: I tensorflow/compiler/xla/service/service.cc:176]   StreamExecutor device (0): Tesla V100-SXM2-16GB, Compute Capability 7.0
2020-08-26 21:14:28.061412: I tensorflow/compiler/xla/service/service.cc:176]   StreamExecutor device (1): Tesla V100-SXM2-16GB, Compute Capability 7.0
2020-08-26 21:14:28.061423: I tensorflow/compiler/xla/service/service.cc:176]   StreamExecutor device (2): Tesla V100-SXM2-16GB, Compute Capability 7.0
2020-08-26 21:14:28.061435: I tensorflow/compiler/xla/service/service.cc:176]   StreamExecutor device (3): Tesla V100-SXM2-16GB, Compute Capability 7.0
2020-08-26 21:14:28.061447: I tensorflow/compiler/xla/service/service.cc:176]   StreamExecutor device (4): Tesla V100-SXM2-16GB, Compute Capability 7.0
2020-08-26 21:14:28.061459: I tensorflow/compiler/xla/service/service.cc:176]   StreamExecutor device (5): Tesla V100-SXM2-16GB, Compute Capability 7.0
2020-08-26 21:14:28.061470: I tensorflow/compiler/xla/service/service.cc:176]   StreamExecutor device (6): Tesla V100-SXM2-16GB, Compute Capability 7.0
2020-08-26 21:14:28.061481: I tensorflow/compiler/xla/service/service.cc:176]   StreamExecutor device (7): Tesla V100-SXM2-16GB, Compute Capability 7.0
2020-08-26 21:14:28.093433: I tensorflow/core/common_runtime/gpu/gpu_device.cc:1716] Found device 0 with properties: 
pciBusID: 0000:1a:00.0 name: Tesla V100-SXM2-16GB computeCapability: 7.0
coreClock: 1.53GHz coreCount: 80 deviceMemorySize: 15.78GiB deviceMemoryBandwidth: 836.37GiB/s
2020-08-26 21:14:28.097952: I tensorflow/core/common_runtime/gpu/gpu_device.cc:1716] Found device 1 with properties: 
pciBusID: 0000:1b:00.0 name: Tesla V100-SXM2-16GB computeCapability: 7.0
coreClock: 1.53GHz coreCount: 80 deviceMemorySize: 15.78GiB deviceMemoryBandwidth: 836.37GiB/s
2020-08-26 21:14:28.102425: I tensorflow/core/common_runtime/gpu/gpu_device.cc:1716] Found device 2 with properties: 
pciBusID: 0000:3d:00.0 name: Tesla V100-SXM2-16GB computeCapability: 7.0
coreClock: 1.53GHz coreCount: 80 deviceMemorySize: 15.78GiB deviceMemoryBandwidth: 836.37GiB/s
2020-08-26 21:14:28.107559: I tensorflow/core/common_runtime/gpu/gpu_device.cc:1716] Found device 3 with properties: 
pciBusID: 0000:3e:00.0 name: Tesla V100-SXM2-16GB computeCapability: 7.0
coreClock: 1.53GHz coreCount: 80 deviceMemorySize: 15.78GiB deviceMemoryBandwidth: 836.37GiB/s
2020-08-26 21:14:28.111103: I tensorflow/core/common_runtime/gpu/gpu_device.cc:1716] Found device 4 with properties: 
pciBusID: 0000:88:00.0 name: Tesla V100-SXM2-16GB computeCapability: 7.0
coreClock: 1.53GHz coreCount: 80 deviceMemorySize: 15.78GiB deviceMemoryBandwidth: 836.37GiB/s
2020-08-26 21:14:28.115616: I tensorflow/core/common_runtime/gpu/gpu_device.cc:1716] Found device 5 with properties: 
pciBusID: 0000:89:00.0 name: Tesla V100-SXM2-16GB computeCapability: 7.0
coreClock: 1.53GHz coreCount: 80 deviceMemorySize: 15.78GiB deviceMemoryBandwidth: 836.37GiB/s
2020-08-26 21:14:28.120799: I tensorflow/core/common_runtime/gpu/gpu_device.cc:1716] Found device 6 with properties: 
pciBusID: 0000:b2:00.0 name: Tesla V100-SXM2-16GB computeCapability: 7.0
coreClock: 1.53GHz coreCount: 80 deviceMemorySize: 15.78GiB deviceMemoryBandwidth: 836.37GiB/s
2020-08-26 21:14:28.126514: I tensorflow/core/common_runtime/gpu/gpu_device.cc:1716] Found device 7 with properties: 
pciBusID: 0000:b3:00.0 name: Tesla V100-SXM2-16GB computeCapability: 7.0
coreClock: 1.53GHz coreCount: 80 deviceMemorySize: 15.78GiB deviceMemoryBandwidth: 836.37GiB/s
2020-08-26 21:14:28.126584: I tensorflow/stream_executor/platform/default/dso_loader.cc:48] Successfully opened dynamic library libcudart.so.10.1
2020-08-26 21:14:28.126635: I tensorflow/stream_executor/platform/default/dso_loader.cc:48] Successfully opened dynamic library libcublas.so.10
2020-08-26 21:14:28.126657: I tensorflow/stream_executor/platform/default/dso_loader.cc:48] Successfully opened dynamic library libcufft.so.10
2020-08-26 21:14:28.126682: I tensorflow/stream_executor/platform/default/dso_loader.cc:48] Successfully opened dynamic library libcurand.so.10
2020-08-26 21:14:28.126726: I tensorflow/stream_executor/platform/default/dso_loader.cc:48] Successfully opened dynamic library libcusolver.so.10
2020-08-26 21:14:28.126747: I tensorflow/stream_executor/platform/default/dso_loader.cc:48] Successfully opened dynamic library libcusparse.so.10
2020-08-26 21:14:28.126768: I tensorflow/stream_executor/platform/default/dso_loader.cc:48] Successfully opened dynamic library libcudnn.so.7
2020-08-26 21:14:28.200231: I tensorflow/core/common_runtime/gpu/gpu_device.cc:1858] Adding visible gpu devices: 0, 1, 2, 3, 4, 5, 6, 7
2020-08-26 21:14:28.200366: I tensorflow/stream_executor/platform/default/dso_loader.cc:48] Successfully opened dynamic library libcudart.so.10.1
2020-08-26 21:14:33.499470: I tensorflow/core/common_runtime/gpu/gpu_device.cc:1257] Device interconnect StreamExecutor with strength 1 edge matrix:
2020-08-26 21:14:33.499514: I tensorflow/core/common_runtime/gpu/gpu_device.cc:1263]      0 1 2 3 4 5 6 7 
2020-08-26 21:14:33.499523: I tensorflow/core/common_runtime/gpu/gpu_device.cc:1276] 0:   N Y Y Y Y Y Y Y 
2020-08-26 21:14:33.499528: I tensorflow/core/common_runtime/gpu/gpu_device.cc:1276] 1:   Y N Y Y Y Y Y Y 
2020-08-26 21:14:33.499533: I tensorflow/core/common_runtime/gpu/gpu_device.cc:1276] 2:   Y Y N Y Y Y Y Y 
2020-08-26 21:14:33.499538: I tensorflow/core/common_runtime/gpu/gpu_device.cc:1276] 3:   Y Y Y N Y Y Y Y 
2020-08-26 21:14:33.499542: I tensorflow/core/common_runtime/gpu/gpu_device.cc:1276] 4:   Y Y Y Y N Y Y Y 
2020-08-26 21:14:33.499547: I tensorflow/core/common_runtime/gpu/gpu_device.cc:1276] 5:   Y Y Y Y Y N Y Y 
2020-08-26 21:14:33.499569: I tensorflow/core/common_runtime/gpu/gpu_device.cc:1276] 6:   Y Y Y Y Y Y N Y 
2020-08-26 21:14:33.499574: I tensorflow/core/common_runtime/gpu/gpu_device.cc:1276] 7:   Y Y Y Y Y Y Y N 
2020-08-26 21:14:33.512771: I tensorflow/core/common_runtime/gpu/gpu_device.cc:1402] Created TensorFlow device (/job:localhost/replica:0/task:0/device:GPU:0 with 14753 MB memory) -> physical GPU (device: 0, name: Tesla V100-SXM2-16GB, pci bus id: 0000:1a:00.0, compute capability: 7.0)
2020-08-26 21:14:33.516633: I tensorflow/core/common_runtime/gpu/gpu_device.cc:1402] Created TensorFlow device (/job:localhost/replica:0/task:0/device:GPU:1 with 14753 MB memory) -> physical GPU (device: 1, name: Tesla V100-SXM2-16GB, pci bus id: 0000:1b:00.0, compute capability: 7.0)
2020-08-26 21:14:33.520779: I tensorflow/core/common_runtime/gpu/gpu_device.cc:1402] Created TensorFlow device (/job:localhost/replica:0/task:0/device:GPU:2 with 14753 MB memory) -> physical GPU (device: 2, name: Tesla V100-SXM2-16GB, pci bus id: 0000:3d:00.0, compute capability: 7.0)
2020-08-26 21:14:33.524534: I tensorflow/core/common_runtime/gpu/gpu_device.cc:1402] Created TensorFlow device (/job:localhost/replica:0/task:0/device:GPU:3 with 14753 MB memory) -> physical GPU (device: 3, name: Tesla V100-SXM2-16GB, pci bus id: 0000:3e:00.0, compute capability: 7.0)
2020-08-26 21:14:33.528620: I tensorflow/core/common_runtime/gpu/gpu_device.cc:1402] Created TensorFlow device (/job:localhost/replica:0/task:0/device:GPU:4 with 14753 MB memory) -> physical GPU (device: 4, name: Tesla V100-SXM2-16GB, pci bus id: 0000:88:00.0, compute capability: 7.0)
2020-08-26 21:14:33.532797: I tensorflow/core/common_runtime/gpu/gpu_device.cc:1402] Created TensorFlow device (/job:localhost/replica:0/task:0/device:GPU:5 with 14753 MB memory) -> physical GPU (device: 5, name: Tesla V100-SXM2-16GB, pci bus id: 0000:89:00.0, compute capability: 7.0)
2020-08-26 21:14:33.536249: I tensorflow/core/common_runtime/gpu/gpu_device.cc:1402] Created TensorFlow device (/job:localhost/replica:0/task:0/device:GPU:6 with 14753 MB memory) -> physical GPU (device: 6, name: Tesla V100-SXM2-16GB, pci bus id: 0000:b2:00.0, compute capability: 7.0)
2020-08-26 21:14:33.539962: I tensorflow/core/common_runtime/gpu/gpu_device.cc:1402] Created TensorFlow device (/job:localhost/replica:0/task:0/device:GPU:7 with 14753 MB memory) -> physical GPU (device: 7, name: Tesla V100-SXM2-16GB, pci bus id: 0000:b3:00.0, compute capability: 7.0)
2020-08-26 21:14:33.557235: I tensorflow/core/common_runtime/gpu/gpu_device.cc:1716] Found device 0 with properties: 
pciBusID: 0000:1a:00.0 name: Tesla V100-SXM2-16GB computeCapability: 7.0
coreClock: 1.53GHz coreCount: 80 deviceMemorySize: 15.78GiB deviceMemoryBandwidth: 836.37GiB/s
2020-08-26 21:14:33.560157: I tensorflow/core/common_runtime/gpu/gpu_device.cc:1716] Found device 1 with properties: 
pciBusID: 0000:1b:00.0 name: Tesla V100-SXM2-16GB computeCapability: 7.0
coreClock: 1.53GHz coreCount: 80 deviceMemorySize: 15.78GiB deviceMemoryBandwidth: 836.37GiB/s
2020-08-26 21:14:33.563019: I tensorflow/core/common_runtime/gpu/gpu_device.cc:1716] Found device 2 with properties: 
pciBusID: 0000:3d:00.0 name: Tesla V100-SXM2-16GB computeCapability: 7.0
coreClock: 1.53GHz coreCount: 80 deviceMemorySize: 15.78GiB deviceMemoryBandwidth: 836.37GiB/s
2020-08-26 21:14:33.565870: I tensorflow/core/common_runtime/gpu/gpu_device.cc:1716] Found device 3 with properties: 
pciBusID: 0000:3e:00.0 name: Tesla V100-SXM2-16GB computeCapability: 7.0
coreClock: 1.53GHz coreCount: 80 deviceMemorySize: 15.78GiB deviceMemoryBandwidth: 836.37GiB/s
2020-08-26 21:14:33.568834: I tensorflow/core/common_runtime/gpu/gpu_device.cc:1716] Found device 4 with properties: 
pciBusID: 0000:88:00.0 name: Tesla V100-SXM2-16GB computeCapability: 7.0
coreClock: 1.53GHz coreCount: 80 deviceMemorySize: 15.78GiB deviceMemoryBandwidth: 836.37GiB/s
2020-08-26 21:14:33.571787: I tensorflow/core/common_runtime/gpu/gpu_device.cc:1716] Found device 5 with properties: 
pciBusID: 0000:89:00.0 name: Tesla V100-SXM2-16GB computeCapability: 7.0
coreClock: 1.53GHz coreCount: 80 deviceMemorySize: 15.78GiB deviceMemoryBandwidth: 836.37GiB/s
2020-08-26 21:14:33.574626: I tensorflow/core/common_runtime/gpu/gpu_device.cc:1716] Found device 6 with properties: 
pciBusID: 0000:b2:00.0 name: Tesla V100-SXM2-16GB computeCapability: 7.0
coreClock: 1.53GHz coreCount: 80 deviceMemorySize: 15.78GiB deviceMemoryBandwidth: 836.37GiB/s
2020-08-26 21:14:33.577508: I tensorflow/core/common_runtime/gpu/gpu_device.cc:1716] Found device 7 with properties: 
pciBusID: 0000:b3:00.0 name: Tesla V100-SXM2-16GB computeCapability: 7.0
coreClock: 1.53GHz coreCount: 80 deviceMemorySize: 15.78GiB deviceMemoryBandwidth: 836.37GiB/s
2020-08-26 21:14:33.577586: I tensorflow/stream_executor/platform/default/dso_loader.cc:48] Successfully opened dynamic library libcudart.so.10.1
2020-08-26 21:14:33.577717: I tensorflow/stream_executor/platform/default/dso_loader.cc:48] Successfully opened dynamic library libcublas.so.10
2020-08-26 21:14:33.577758: I tensorflow/stream_executor/platform/default/dso_loader.cc:48] Successfully opened dynamic library libcufft.so.10
2020-08-26 21:14:33.577788: I tensorflow/stream_executor/platform/default/dso_loader.cc:48] Successfully opened dynamic library libcurand.so.10
2020-08-26 21:14:33.577819: I tensorflow/stream_executor/platform/default/dso_loader.cc:48] Successfully opened dynamic library libcusolver.so.10
2020-08-26 21:14:33.577848: I tensorflow/stream_executor/platform/default/dso_loader.cc:48] Successfully opened dynamic library libcusparse.so.10
2020-08-26 21:14:33.577882: I tensorflow/stream_executor/platform/default/dso_loader.cc:48] Successfully opened dynamic library libcudnn.so.7
2020-08-26 21:14:33.603564: I tensorflow/core/common_runtime/gpu/gpu_device.cc:1858] Adding visible gpu devices: 0, 1, 2, 3, 4, 5, 6, 7
2020-08-26 21:14:33.604985: I tensorflow/core/common_runtime/gpu/gpu_device.cc:1257] Device interconnect StreamExecutor with strength 1 edge matrix:
2020-08-26 21:14:33.604997: I tensorflow/core/common_runtime/gpu/gpu_device.cc:1263]      0 1 2 3 4 5 6 7 
2020-08-26 21:14:33.605004: I tensorflow/core/common_runtime/gpu/gpu_device.cc:1276] 0:   N Y Y Y Y Y Y Y 
2020-08-26 21:14:33.605009: I tensorflow/core/common_runtime/gpu/gpu_device.cc:1276] 1:   Y N Y Y Y Y Y Y 
2020-08-26 21:14:33.605014: I tensorflow/core/common_runtime/gpu/gpu_device.cc:1276] 2:   Y Y N Y Y Y Y Y 
2020-08-26 21:14:33.605020: I tensorflow/core/common_runtime/gpu/gpu_device.cc:1276] 3:   Y Y Y N Y Y Y Y 
2020-08-26 21:14:33.605026: I tensorflow/core/common_runtime/gpu/gpu_device.cc:1276] 4:   Y Y Y Y N Y Y Y 
2020-08-26 21:14:33.605031: I tensorflow/core/common_runtime/gpu/gpu_device.cc:1276] 5:   Y Y Y Y Y N Y Y 
2020-08-26 21:14:33.605037: I tensorflow/core/common_runtime/gpu/gpu_device.cc:1276] 6:   Y Y Y Y Y Y N Y 
2020-08-26 21:14:33.605044: I tensorflow/core/common_runtime/gpu/gpu_device.cc:1276] 7:   Y Y Y Y Y Y Y N 
2020-08-26 21:14:33.624302: I tensorflow/core/common_runtime/gpu/gpu_device.cc:1402] Created TensorFlow device (/job:worker/replica:0/task:0/device:GPU:0 with 14753 MB memory) -> physical GPU (device: 0, name: Tesla V100-SXM2-16GB, pci bus id: 0000:1a:00.0, compute capability: 7.0)
2020-08-26 21:14:33.626006: I tensorflow/core/common_runtime/gpu/gpu_device.cc:1402] Created TensorFlow device (/job:worker/replica:0/task:0/device:GPU:1 with 14753 MB memory) -> physical GPU (device: 1, name: Tesla V100-SXM2-16GB, pci bus id: 0000:1b:00.0, compute capability: 7.0)
2020-08-26 21:14:33.628722: I tensorflow/core/common_runtime/gpu/gpu_device.cc:1402] Created TensorFlow device (/job:worker/replica:0/task:0/device:GPU:2 with 14753 MB memory) -> physical GPU (device: 2, name: Tesla V100-SXM2-16GB, pci bus id: 0000:3d:00.0, compute capability: 7.0)
2020-08-26 21:14:33.630796: I tensorflow/core/common_runtime/gpu/gpu_device.cc:1402] Created TensorFlow device (/job:worker/replica:0/task:0/device:GPU:3 with 14753 MB memory) -> physical GPU (device: 3, name: Tesla V100-SXM2-16GB, pci bus id: 0000:3e:00.0, compute capability: 7.0)
2020-08-26 21:14:33.632428: I tensorflow/core/common_runtime/gpu/gpu_device.cc:1402] Created TensorFlow device (/job:worker/replica:0/task:0/device:GPU:4 with 14753 MB memory) -> physical GPU (device: 4, name: Tesla V100-SXM2-16GB, pci bus id: 0000:88:00.0, compute capability: 7.0)
2020-08-26 21:14:33.634050: I tensorflow/core/common_runtime/gpu/gpu_device.cc:1402] Created TensorFlow device (/job:worker/replica:0/task:0/device:GPU:5 with 14753 MB memory) -> physical GPU (device: 5, name: Tesla V100-SXM2-16GB, pci bus id: 0000:89:00.0, compute capability: 7.0)
2020-08-26 21:14:33.636226: I tensorflow/core/common_runtime/gpu/gpu_device.cc:1402] Created TensorFlow device (/job:worker/replica:0/task:0/device:GPU:6 with 14753 MB memory) -> physical GPU (device: 6, name: Tesla V100-SXM2-16GB, pci bus id: 0000:b2:00.0, compute capability: 7.0)
2020-08-26 21:14:33.639144: I tensorflow/core/common_runtime/gpu/gpu_device.cc:1402] Created TensorFlow device (/job:worker/replica:0/task:0/device:GPU:7 with 14753 MB memory) -> physical GPU (device: 7, name: Tesla V100-SXM2-16GB, pci bus id: 0000:b3:00.0, compute capability: 7.0)
2020-08-26 21:14:33.664194: I tensorflow/core/distributed_runtime/rpc/grpc_channel.cc:301] Initialize GrpcChannelCache for job worker -> {0 -> 10.11.0.2:11111, 1 -> 10.11.0.3:11111}
2020-08-26 21:14:33.673493: I tensorflow/core/distributed_runtime/rpc/grpc_server_lib.cc:405] Started server with target: grpc://10.11.0.2:11111
INFO:tensorflow:Enabled multi-worker collective ops with available devices: ['/job:worker/replica:0/task:0/device:CPU:0', '/job:worker/replica:0/task:0/device:XLA_CPU:0', '/job:worker/replica:0/task:0/device:XLA_GPU:0', '/job:worker/replica:0/task:0/device:XLA_GPU:1', '/job:worker/replica:0/task:0/device:XLA_GPU:2', '/job:worker/replica:0/task:0/device:XLA_GPU:3', '/job:worker/replica:0/task:0/device:XLA_GPU:4', '/job:worker/replica:0/task:0/device:XLA_GPU:5', '/job:worker/replica:0/task:0/device:XLA_GPU:6', '/job:worker/replica:0/task:0/device:XLA_GPU:7', '/job:worker/replica:0/task:0/device:GPU:0', '/job:worker/replica:0/task:0/device:GPU:1', '/job:worker/replica:0/task:0/device:GPU:2', '/job:worker/replica:0/task:0/device:GPU:3', '/job:worker/replica:0/task:0/device:GPU:4', '/job:worker/replica:0/task:0/device:GPU:5', '/job:worker/replica:0/task:0/device:GPU:6', '/job:worker/replica:0/task:0/device:GPU:7']
I0826 21:14:33.691925 140232066361088 collective_all_reduce_strategy.py:329] Enabled multi-worker collective ops with available devices: ['/job:worker/replica:0/task:0/device:CPU:0', '/job:worker/replica:0/task:0/device:XLA_CPU:0', '/job:worker/replica:0/task:0/device:XLA_GPU:0', '/job:worker/replica:0/task:0/device:XLA_GPU:1', '/job:worker/replica:0/task:0/device:XLA_GPU:2', '/job:worker/replica:0/task:0/device:XLA_GPU:3', '/job:worker/replica:0/task:0/device:XLA_GPU:4', '/job:worker/replica:0/task:0/device:XLA_GPU:5', '/job:worker/replica:0/task:0/device:XLA_GPU:6', '/job:worker/replica:0/task:0/device:XLA_GPU:7', '/job:worker/replica:0/task:0/device:GPU:0', '/job:worker/replica:0/task:0/device:GPU:1', '/job:worker/replica:0/task:0/device:GPU:2', '/job:worker/replica:0/task:0/device:GPU:3', '/job:worker/replica:0/task:0/device:GPU:4', '/job:worker/replica:0/task:0/device:GPU:5', '/job:worker/replica:0/task:0/device:GPU:6', '/job:worker/replica:0/task:0/device:GPU:7']
INFO:tensorflow:Using MirroredStrategy with devices ('/job:worker/task:0/device:GPU:0', '/job:worker/task:0/device:GPU:1', '/job:worker/task:0/device:GPU:2', '/job:worker/task:0/device:GPU:3', '/job:worker/task:0/device:GPU:4', '/job:worker/task:0/device:GPU:5', '/job:worker/task:0/device:GPU:6', '/job:worker/task:0/device:GPU:7')
I0826 21:14:33.716904 140232066361088 mirrored_strategy.py:341] Using MirroredStrategy with devices ('/job:worker/task:0/device:GPU:0', '/job:worker/task:0/device:GPU:1', '/job:worker/task:0/device:GPU:2', '/job:worker/task:0/device:GPU:3', '/job:worker/task:0/device:GPU:4', '/job:worker/task:0/device:GPU:5', '/job:worker/task:0/device:GPU:6', '/job:worker/task:0/device:GPU:7')
INFO:tensorflow:MultiWorkerMirroredStrategy with cluster_spec = {'worker': ['10.11.0.2:11111', '10.11.0.3:11111']}, task_type = 'worker', task_id = 0, num_workers = 2, local_devices = ('/job:worker/task:0/device:GPU:0', '/job:worker/task:0/device:GPU:1', '/job:worker/task:0/device:GPU:2', '/job:worker/task:0/device:GPU:3', '/job:worker/task:0/device:GPU:4', '/job:worker/task:0/device:GPU:5', '/job:worker/task:0/device:GPU:6', '/job:worker/task:0/device:GPU:7'), communication = CollectiveCommunication.NCCL
I0826 21:14:33.720746 140232066361088 collective_all_reduce_strategy.py:380] MultiWorkerMirroredStrategy with cluster_spec = {'worker': ['10.11.0.2:11111', '10.11.0.3:11111']}, task_type = 'worker', task_id = 0, num_workers = 2, local_devices = ('/job:worker/task:0/device:GPU:0', '/job:worker/task:0/device:GPU:1', '/job:worker/task:0/device:GPU:2', '/job:worker/task:0/device:GPU:3', '/job:worker/task:0/device:GPU:4', '/job:worker/task:0/device:GPU:5', '/job:worker/task:0/device:GPU:6', '/job:worker/task:0/device:GPU:7'), communication = CollectiveCommunication.NCCL
I0826 21:14:33.741457 140232066361088 classifier_trainer.py:310] Detected 16 devices.
W0826 21:14:33.744269 140232066361088 classifier_trainer.py:101] label_smoothing > 0, so datasets will be one hot encoded.
I0826 21:14:33.752883 140232066361088 dataset_factory.py:173] Using augmentation: None
I0826 21:14:33.754380 140232066361088 dataset_factory.py:173] Using augmentation: None
I0826 21:14:33.759772 140232066361088 dataset_factory.py:358] Using TFRecords to load data.
I0826 21:14:33.781172 140232066361088 dataset_factory.py:403] Sharding the dataset: input_pipeline_id=2 num_input_pipelines=0
WARNING:tensorflow:From /home/leinao/anaconda3/envs/tensorflow/lib/python3.7/site-packages/tensorflow/python/util/dispatch.py:201: sample_distorted_bounding_box (from tensorflow.python.ops.image_ops_impl) is deprecated and will be removed in a future version.
Instructions for updating:
`seed2` arg is deprecated.Use sample_distorted_bounding_box_v2 instead.
W0826 21:14:34.414250 140232066361088 deprecation.py:323] From /home/leinao/anaconda3/envs/tensorflow/lib/python3.7/site-packages/tensorflow/python/util/dispatch.py:201: sample_distorted_bounding_box (from tensorflow.python.ops.image_ops_impl) is deprecated and will be removed in a future version.
Instructions for updating:
`seed2` arg is deprecated.Use sample_distorted_bounding_box_v2 instead.
I0826 21:14:34.616643 140232066361088 dataset_factory.py:358] Using TFRecords to load data.
I0826 21:14:34.623627 140232066361088 dataset_factory.py:403] Sharding the dataset: input_pipeline_id=2 num_input_pipelines=0
I0826 21:14:35.728672 140232066361088 dataset_info.py:430] Load pre-computed DatasetInfo (eg: splits, num examples,...) from GCS: imagenet2012/5.0.0
I0826 21:14:38.229764 140232066361088 dataset_info.py:361] Load dataset info from /tmp/tmp5c0y6ja5tfds
I0826 21:14:38.237201 140232066361088 dataset_info.py:401] Field info.description from disk and from code do not match. Keeping the one from code.
I0826 21:14:38.237336 140232066361088 dataset_info.py:401] Field info.citation from disk and from code do not match. Keeping the one from code.
I0826 21:14:38.470969 140232066361088 classifier_trainer.py:329] Global batch size: 2048
INFO:tensorflow:Collective batch_all_reduce: 1 all-reduces, num_devices = 8, group_size = 16, communication_hint = AUTO, num_packs = 1
I0826 21:14:48.711622 140232066361088 cross_device_ops.py:1085] Collective batch_all_reduce: 1 all-reduces, num_devices = 8, group_size = 16, communication_hint = AUTO, num_packs = 1
INFO:tensorflow:Collective batch_all_reduce: 1 all-reduces, num_devices = 8, group_size = 16, communication_hint = AUTO, num_packs = 1
I0826 21:14:48.734607 140232066361088 cross_device_ops.py:1085] Collective batch_all_reduce: 1 all-reduces, num_devices = 8, group_size = 16, communication_hint = AUTO, num_packs = 1
INFO:tensorflow:Collective batch_all_reduce: 1 all-reduces, num_devices = 8, group_size = 16, communication_hint = AUTO, num_packs = 1
I0826 21:14:48.758009 140232066361088 cross_device_ops.py:1085] Collective batch_all_reduce: 1 all-reduces, num_devices = 8, group_size = 16, communication_hint = AUTO, num_packs = 1
INFO:tensorflow:Collective batch_all_reduce: 1 all-reduces, num_devices = 8, group_size = 16, communication_hint = AUTO, num_packs = 1
I0826 21:14:48.779623 140232066361088 cross_device_ops.py:1085] Collective batch_all_reduce: 1 all-reduces, num_devices = 8, group_size = 16, communication_hint = AUTO, num_packs = 1
INFO:tensorflow:Collective batch_all_reduce: 1 all-reduces, num_devices = 8, group_size = 16, communication_hint = AUTO, num_packs = 1
I0826 21:14:48.819041 140232066361088 cross_device_ops.py:1085] Collective batch_all_reduce: 1 all-reduces, num_devices = 8, group_size = 16, communication_hint = AUTO, num_packs = 1
INFO:tensorflow:Collective batch_all_reduce: 1 all-reduces, num_devices = 8, group_size = 16, communication_hint = AUTO, num_packs = 1
I0826 21:14:48.840481 140232066361088 cross_device_ops.py:1085] Collective batch_all_reduce: 1 all-reduces, num_devices = 8, group_size = 16, communication_hint = AUTO, num_packs = 1
INFO:tensorflow:Collective batch_all_reduce: 1 all-reduces, num_devices = 8, group_size = 16, communication_hint = AUTO, num_packs = 1
I0826 21:14:48.990591 140232066361088 cross_device_ops.py:1085] Collective batch_all_reduce: 1 all-reduces, num_devices = 8, group_size = 16, communication_hint = AUTO, num_packs = 1
INFO:tensorflow:Collective batch_all_reduce: 1 all-reduces, num_devices = 8, group_size = 16, communication_hint = AUTO, num_packs = 1
I0826 21:14:49.018137 140232066361088 cross_device_ops.py:1085] Collective batch_all_reduce: 1 all-reduces, num_devices = 8, group_size = 16, communication_hint = AUTO, num_packs = 1
INFO:tensorflow:Collective batch_all_reduce: 1 all-reduces, num_devices = 8, group_size = 16, communication_hint = AUTO, num_packs = 1
I0826 21:14:49.041801 140232066361088 cross_device_ops.py:1085] Collective batch_all_reduce: 1 all-reduces, num_devices = 8, group_size = 16, communication_hint = AUTO, num_packs = 1
INFO:tensorflow:Collective batch_all_reduce: 1 all-reduces, num_devices = 8, group_size = 16, communication_hint = AUTO, num_packs = 1
I0826 21:14:49.063863 140232066361088 cross_device_ops.py:1085] Collective batch_all_reduce: 1 all-reduces, num_devices = 8, group_size = 16, communication_hint = AUTO, num_packs = 1
I0826 21:15:03.880988 140232066361088 optimizer_factory.py:372] Using Piecewise constant decay with warmup. Parameters: batch_size: 2048, epoch_size: 640512, warmup_epochs: 1, boundaries: [30, 60, 80], multipliers: [1.0, 0.1, 0.01, 0.001]
I0826 21:15:03.881403 140232066361088 optimizer_factory.py:273] Building momentum optimizer with params {'name': 'momentum', 'decay': 0.9, 'epsilon': 0.001, 'momentum': 0.875, 'nesterov': None, 'moving_average_decay': None, 'lookahead': None, 'beta_1': None, 'beta_2': None}
I0826 21:15:03.881528 140232066361088 optimizer_factory.py:281] Using momentum optimizer
2020-08-26 21:15:04.099084: I tensorflow/core/profiler/lib/profiler_session.cc:164] Profiler session started.
2020-08-26 21:15:04.099171: I tensorflow/core/profiler/internal/gpu/cupti_tracer.cc:1391] Profiler found 8 GPUs
2020-08-26 21:15:04.099562: W tensorflow/stream_executor/platform/default/dso_loader.cc:59] Could not load dynamic library 'libcupti.so.10.1'; dlerror: libcupti.so.10.1: cannot open shared object file: No such file or directory; LD_LIBRARY_PATH: /home/leinao/gcc-5.5/lib/:/home/leinao/gcc-5.5/lib/::/usr/local/cuda/lib64:/usr/local/nccl_2.7.3-1+cuda10.1_x86_64/lib:/usr/local/openmpi/lib:/usr/local/cuda/lib64:/usr/local/nccl_2.7.3-1+cuda10.1_x86_64/lib:/usr/local/openmpi/lib
2020-08-26 21:15:04.099669: W tensorflow/stream_executor/platform/default/dso_loader.cc:59] Could not load dynamic library 'libcupti.so'; dlerror: libcupti.so: cannot open shared object file: No such file or directory; LD_LIBRARY_PATH: /home/leinao/gcc-5.5/lib/:/home/leinao/gcc-5.5/lib/::/usr/local/cuda/lib64:/usr/local/nccl_2.7.3-1+cuda10.1_x86_64/lib:/usr/local/openmpi/lib:/usr/local/cuda/lib64:/usr/local/nccl_2.7.3-1+cuda10.1_x86_64/lib:/usr/local/openmpi/lib
2020-08-26 21:15:04.099689: E tensorflow/core/profiler/internal/gpu/cupti_tracer.cc:1441] function cupti_interface_->Subscribe( &subscriber_, (CUpti_CallbackFunc)ApiCallback, this)failed with error CUPTI could not be loaded or symbol could not be found.
I0826 21:15:04.100700 140232066361088 classifier_trainer.py:285] Saving experiment configuration to ../output/params.yaml
INFO:tensorflow:Running Distribute Coordinator with mode = 'independent_worker', cluster_spec = {'worker': ['10.11.0.2:11111', '10.11.0.3:11111']}, task_type = 'worker', task_id = 0, environment = None, rpc_layer = 'grpc'
I0826 21:15:04.116230 140232066361088 distribute_coordinator.py:783] Running Distribute Coordinator with mode = 'independent_worker', cluster_spec = {'worker': ['10.11.0.2:11111', '10.11.0.3:11111']}, task_type = 'worker', task_id = 0, environment = None, rpc_layer = 'grpc'
WARNING:tensorflow:`eval_fn` is not passed in. The `worker_fn` will be used if an "evaluator" task exists in the cluster.
W0826 21:15:04.116492 140232066361088 distribute_coordinator.py:832] `eval_fn` is not passed in. The `worker_fn` will be used if an "evaluator" task exists in the cluster.
WARNING:tensorflow:`eval_strategy` is not passed in. No distribution strategy will be used for evaluation.
W0826 21:15:04.116574 140232066361088 distribute_coordinator.py:836] `eval_strategy` is not passed in. No distribution strategy will be used for evaluation.
INFO:tensorflow:Using MirroredStrategy with devices ('/job:worker/task:0/device:GPU:0', '/job:worker/task:0/device:GPU:1', '/job:worker/task:0/device:GPU:2', '/job:worker/task:0/device:GPU:3', '/job:worker/task:0/device:GPU:4', '/job:worker/task:0/device:GPU:5', '/job:worker/task:0/device:GPU:6', '/job:worker/task:0/device:GPU:7')
I0826 21:15:04.121026 140232066361088 mirrored_strategy.py:341] Using MirroredStrategy with devices ('/job:worker/task:0/device:GPU:0', '/job:worker/task:0/device:GPU:1', '/job:worker/task:0/device:GPU:2', '/job:worker/task:0/device:GPU:3', '/job:worker/task:0/device:GPU:4', '/job:worker/task:0/device:GPU:5', '/job:worker/task:0/device:GPU:6', '/job:worker/task:0/device:GPU:7')
INFO:tensorflow:MultiWorkerMirroredStrategy with cluster_spec = {'worker': ['10.11.0.2:11111', '10.11.0.3:11111']}, task_type = 'worker', task_id = 0, num_workers = 2, local_devices = ('/job:worker/task:0/device:GPU:0', '/job:worker/task:0/device:GPU:1', '/job:worker/task:0/device:GPU:2', '/job:worker/task:0/device:GPU:3', '/job:worker/task:0/device:GPU:4', '/job:worker/task:0/device:GPU:5', '/job:worker/task:0/device:GPU:6', '/job:worker/task:0/device:GPU:7'), communication = CollectiveCommunication.NCCL
I0826 21:15:04.121463 140232066361088 collective_all_reduce_strategy.py:380] MultiWorkerMirroredStrategy with cluster_spec = {'worker': ['10.11.0.2:11111', '10.11.0.3:11111']}, task_type = 'worker', task_id = 0, num_workers = 2, local_devices = ('/job:worker/task:0/device:GPU:0', '/job:worker/task:0/device:GPU:1', '/job:worker/task:0/device:GPU:2', '/job:worker/task:0/device:GPU:3', '/job:worker/task:0/device:GPU:4', '/job:worker/task:0/device:GPU:5', '/job:worker/task:0/device:GPU:6', '/job:worker/task:0/device:GPU:7'), communication = CollectiveCommunication.NCCL
INFO:tensorflow:Using MirroredStrategy with devices ('/job:worker/task:0/device:GPU:0', '/job:worker/task:0/device:GPU:1', '/job:worker/task:0/device:GPU:2', '/job:worker/task:0/device:GPU:3', '/job:worker/task:0/device:GPU:4', '/job:worker/task:0/device:GPU:5', '/job:worker/task:0/device:GPU:6', '/job:worker/task:0/device:GPU:7')
I0826 21:15:04.126784 140232066361088 mirrored_strategy.py:341] Using MirroredStrategy with devices ('/job:worker/task:0/device:GPU:0', '/job:worker/task:0/device:GPU:1', '/job:worker/task:0/device:GPU:2', '/job:worker/task:0/device:GPU:3', '/job:worker/task:0/device:GPU:4', '/job:worker/task:0/device:GPU:5', '/job:worker/task:0/device:GPU:6', '/job:worker/task:0/device:GPU:7')
INFO:tensorflow:MultiWorkerMirroredStrategy with cluster_spec = {'worker': ['10.11.0.2:11111', '10.11.0.3:11111']}, task_type = 'worker', task_id = 0, num_workers = 2, local_devices = ('/job:worker/task:0/device:GPU:0', '/job:worker/task:0/device:GPU:1', '/job:worker/task:0/device:GPU:2', '/job:worker/task:0/device:GPU:3', '/job:worker/task:0/device:GPU:4', '/job:worker/task:0/device:GPU:5', '/job:worker/task:0/device:GPU:6', '/job:worker/task:0/device:GPU:7'), communication = CollectiveCommunication.NCCL
I0826 21:15:04.127580 140232066361088 collective_all_reduce_strategy.py:380] MultiWorkerMirroredStrategy with cluster_spec = {'worker': ['10.11.0.2:11111', '10.11.0.3:11111']}, task_type = 'worker', task_id = 0, num_workers = 2, local_devices = ('/job:worker/task:0/device:GPU:0', '/job:worker/task:0/device:GPU:1', '/job:worker/task:0/device:GPU:2', '/job:worker/task:0/device:GPU:3', '/job:worker/task:0/device:GPU:4', '/job:worker/task:0/device:GPU:5', '/job:worker/task:0/device:GPU:6', '/job:worker/task:0/device:GPU:7'), communication = CollectiveCommunication.NCCL
WARNING:tensorflow:From /home/leinao/anaconda3/envs/tensorflow/lib/python3.7/site-packages/tensorflow/python/data/ops/multi_device_iterator_ops.py:601: get_next_as_optional (from tensorflow.python.data.ops.iterator_ops) is deprecated and will be removed in a future version.
Instructions for updating:
Use `tf.data.Iterator.get_next_as_optional()` instead.
W0826 21:15:05.933439 140232066361088 deprecation.py:323] From /home/leinao/anaconda3/envs/tensorflow/lib/python3.7/site-packages/tensorflow/python/data/ops/multi_device_iterator_ops.py:601: get_next_as_optional (from tensorflow.python.data.ops.iterator_ops) is deprecated and will be removed in a future version.
Instructions for updating:
Use `tf.data.Iterator.get_next_as_optional()` instead.
INFO:tensorflow:Collective batch_all_reduce: 161 all-reduces, num_devices = 8, group_size = 16, communication_hint = NCCL, num_packs = 1
I0826 21:15:17.295622 140232066361088 cross_device_ops.py:1079] Collective batch_all_reduce: 161 all-reduces, num_devices = 8, group_size = 16, communication_hint = NCCL, num_packs = 1
INFO:tensorflow:Collective batch_all_reduce: 161 all-reduces, num_devices = 8, group_size = 16, communication_hint = NCCL, num_packs = 1
I0826 21:15:40.889992 140232066361088 cross_device_ops.py:1079] Collective batch_all_reduce: 161 all-reduces, num_devices = 8, group_size = 16, communication_hint = NCCL, num_packs = 1
2020-08-26 21:16:09.027640: I tensorflow/stream_executor/platform/default/dso_loader.cc:48] Successfully opened dynamic library libcublas.so.10
2020-08-26 21:16:12.880003: I tensorflow/stream_executor/platform/default/dso_loader.cc:48] Successfully opened dynamic library libcudnn.so.7
2020-08-26 21:16:30.782812: I tensorflow/core/profiler/lib/profiler_session.cc:164] Profiler session started.
2020-08-26 21:16:30.782948: E tensorflow/core/profiler/internal/gpu/cupti_tracer.cc:1441] function cupti_interface_->Subscribe( &subscriber_, (CUpti_CallbackFunc)ApiCallback, this)failed with error CUPTI could not be loaded or symbol could not be found.
WARNING:tensorflow:From /home/leinao/anaconda3/envs/tensorflow/lib/python3.7/site-packages/tensorflow/python/ops/summary_ops_v2.py:1277: stop (from tensorflow.python.eager.profiler) is deprecated and will be removed after 2020-07-01.
Instructions for updating:
use `tf.profiler.experimental.stop` instead.
W0826 21:16:31.205035 140232066361088 deprecation.py:323] From /home/leinao/anaconda3/envs/tensorflow/lib/python3.7/site-packages/tensorflow/python/ops/summary_ops_v2.py:1277: stop (from tensorflow.python.eager.profiler) is deprecated and will be removed after 2020-07-01.
Instructions for updating:
use `tf.profiler.experimental.stop` instead.
2020-08-26 21:16:31.426211: I tensorflow/core/profiler/internal/gpu/device_tracer.cc:223]  GpuTracer has collected 0 callback api events and 0 activity events. 
2020-08-26 21:16:31.606411: I tensorflow/core/profiler/rpc/client/save_profile.cc:176] Creating directory: ../output/train/plugins/profile/2020_08_26_21_16_31
2020-08-26 21:16:31.722745: I tensorflow/core/profiler/rpc/client/save_profile.cc:182] Dumped gzipped tool data for trace.json.gz to ../output/train/plugins/profile/2020_08_26_21_16_31/VS002.trace.json.gz
2020-08-26 21:16:32.036362: I tensorflow/core/profiler/rpc/client/save_profile.cc:176] Creating directory: ../output/train/plugins/profile/2020_08_26_21_16_31
2020-08-26 21:16:32.086329: I tensorflow/core/profiler/rpc/client/save_profile.cc:182] Dumped gzipped tool data for memory_profile.json.gz to ../output/train/plugins/profile/2020_08_26_21_16_31/VS002.memory_profile.json.gz
2020-08-26 21:16:32.098196: I tensorflow/python/profiler/internal/profiler_wrapper.cc:111] Creating directory: ../output/train/plugins/profile/2020_08_26_21_16_31Dumped tool data for xplane.pb to ../output/train/plugins/profile/2020_08_26_21_16_31/VS002.xplane.pb
Dumped tool data for overview_page.pb to ../output/train/plugins/profile/2020_08_26_21_16_31/VS002.overview_page.pb
Dumped tool data for input_pipeline.pb to ../output/train/plugins/profile/2020_08_26_21_16_31/VS002.input_pipeline.pb
Dumped tool data for tensorflow_stats.pb to ../output/train/plugins/profile/2020_08_26_21_16_31/VS002.tensorflow_stats.pb
Dumped tool data for kernel_stats.pb to ../output/train/plugins/profile/2020_08_26_21_16_31/VS002.kernel_stats.pb

WARNING:tensorflow:Callbacks method `on_train_batch_end` is slow compared to the batch time (batch time: 0.4199s vs `on_train_batch_end` time: 0.9149s). Check your callbacks.
W0826 21:16:32.118004 140232066361088 callbacks.py:328] Callbacks method `on_train_batch_end` is slow compared to the batch time (batch time: 0.4199s vs `on_train_batch_end` time: 0.9149s). Check your callbacks.
I0826 21:17:13.735100 140232066361088 keras_utils.py:133] TimeHistory: 127.84 seconds, 1601.97 examples/second between steps 0 and 100
I0826 21:17:55.275737 140232066361088 keras_utils.py:133] TimeHistory: 41.53 seconds, 4930.82 examples/second between steps 100 and 200
I0826 21:18:37.605607 140232066361088 keras_utils.py:133] TimeHistory: 42.33 seconds, 4838.45 examples/second between steps 200 and 300
I0826 21:19:20.053967 140232066361088 keras_utils.py:133] TimeHistory: 42.44 seconds, 4825.14 examples/second between steps 300 and 400
I0826 21:20:02.351098 140232066361088 keras_utils.py:133] TimeHistory: 42.29 seconds, 4842.22 examples/second between steps 400 and 500
I0826 21:20:44.917456 140232066361088 keras_utils.py:133] TimeHistory: 42.56 seconds, 4811.76 examples/second between steps 500 and 600

Epoch 00001: saving model to ../output/model.ckpt-0001
600/600 - 256s - loss: 6.0726 - accuracy: 0.7768 - top_5_accuracy: 0.8351
INFO:tensorflow:Running Distribute Coordinator with mode = 'independent_worker', cluster_spec = {'worker': ['10.11.0.2:11111', '10.11.0.3:11111']}, task_type = 'worker', task_id = 0, environment = None, rpc_layer = 'grpc'
I0826 21:20:46.892177 140232066361088 distribute_coordinator.py:783] Running Distribute Coordinator with mode = 'independent_worker', cluster_spec = {'worker': ['10.11.0.2:11111', '10.11.0.3:11111']}, task_type = 'worker', task_id = 0, environment = None, rpc_layer = 'grpc'
WARNING:tensorflow:`eval_fn` is not passed in. The `worker_fn` will be used if an "evaluator" task exists in the cluster.
W0826 21:20:46.892546 140232066361088 distribute_coordinator.py:832] `eval_fn` is not passed in. The `worker_fn` will be used if an "evaluator" task exists in the cluster.
WARNING:tensorflow:`eval_strategy` is not passed in. No distribution strategy will be used for evaluation.
W0826 21:20:46.892693 140232066361088 distribute_coordinator.py:836] `eval_strategy` is not passed in. No distribution strategy will be used for evaluation.
INFO:tensorflow:Using MirroredStrategy with devices ('/job:worker/task:0/device:GPU:0', '/job:worker/task:0/device:GPU:1', '/job:worker/task:0/device:GPU:2', '/job:worker/task:0/device:GPU:3', '/job:worker/task:0/device:GPU:4', '/job:worker/task:0/device:GPU:5', '/job:worker/task:0/device:GPU:6', '/job:worker/task:0/device:GPU:7')
I0826 21:20:46.898877 140232066361088 mirrored_strategy.py:341] Using MirroredStrategy with devices ('/job:worker/task:0/device:GPU:0', '/job:worker/task:0/device:GPU:1', '/job:worker/task:0/device:GPU:2', '/job:worker/task:0/device:GPU:3', '/job:worker/task:0/device:GPU:4', '/job:worker/task:0/device:GPU:5', '/job:worker/task:0/device:GPU:6', '/job:worker/task:0/device:GPU:7')
INFO:tensorflow:MultiWorkerMirroredStrategy with cluster_spec = {'worker': ['10.11.0.2:11111', '10.11.0.3:11111']}, task_type = 'worker', task_id = 0, num_workers = 2, local_devices = ('/job:worker/task:0/device:GPU:0', '/job:worker/task:0/device:GPU:1', '/job:worker/task:0/device:GPU:2', '/job:worker/task:0/device:GPU:3', '/job:worker/task:0/device:GPU:4', '/job:worker/task:0/device:GPU:5', '/job:worker/task:0/device:GPU:6', '/job:worker/task:0/device:GPU:7'), communication = CollectiveCommunication.NCCL
I0826 21:20:46.899692 140232066361088 collective_all_reduce_strategy.py:380] MultiWorkerMirroredStrategy with cluster_spec = {'worker': ['10.11.0.2:11111', '10.11.0.3:11111']}, task_type = 'worker', task_id = 0, num_workers = 2, local_devices = ('/job:worker/task:0/device:GPU:0', '/job:worker/task:0/device:GPU:1', '/job:worker/task:0/device:GPU:2', '/job:worker/task:0/device:GPU:3', '/job:worker/task:0/device:GPU:4', '/job:worker/task:0/device:GPU:5', '/job:worker/task:0/device:GPU:6', '/job:worker/task:0/device:GPU:7'), communication = CollectiveCommunication.NCCL
INFO:tensorflow:Using MirroredStrategy with devices ('/job:worker/task:0/device:GPU:0', '/job:worker/task:0/device:GPU:1', '/job:worker/task:0/device:GPU:2', '/job:worker/task:0/device:GPU:3', '/job:worker/task:0/device:GPU:4', '/job:worker/task:0/device:GPU:5', '/job:worker/task:0/device:GPU:6', '/job:worker/task:0/device:GPU:7')
I0826 21:20:46.906280 140232066361088 mirrored_strategy.py:341] Using MirroredStrategy with devices ('/job:worker/task:0/device:GPU:0', '/job:worker/task:0/device:GPU:1', '/job:worker/task:0/device:GPU:2', '/job:worker/task:0/device:GPU:3', '/job:worker/task:0/device:GPU:4', '/job:worker/task:0/device:GPU:5', '/job:worker/task:0/device:GPU:6', '/job:worker/task:0/device:GPU:7')
INFO:tensorflow:MultiWorkerMirroredStrategy with cluster_spec = {'worker': ['10.11.0.2:11111', '10.11.0.3:11111']}, task_type = 'worker', task_id = 0, num_workers = 2, local_devices = ('/job:worker/task:0/device:GPU:0', '/job:worker/task:0/device:GPU:1', '/job:worker/task:0/device:GPU:2', '/job:worker/task:0/device:GPU:3', '/job:worker/task:0/device:GPU:4', '/job:worker/task:0/device:GPU:5', '/job:worker/task:0/device:GPU:6', '/job:worker/task:0/device:GPU:7'), communication = CollectiveCommunication.NCCL
I0826 21:20:46.907176 140232066361088 collective_all_reduce_strategy.py:380] MultiWorkerMirroredStrategy with cluster_spec = {'worker': ['10.11.0.2:11111', '10.11.0.3:11111']}, task_type = 'worker', task_id = 0, num_workers = 2, local_devices = ('/job:worker/task:0/device:GPU:0', '/job:worker/task:0/device:GPU:1', '/job:worker/task:0/device:GPU:2', '/job:worker/task:0/device:GPU:3', '/job:worker/task:0/device:GPU:4', '/job:worker/task:0/device:GPU:5', '/job:worker/task:0/device:GPU:6', '/job:worker/task:0/device:GPU:7'), communication = CollectiveCommunication.NCCL
24/24 - 3s - loss: 6.1698 - accuracy: 0.5024 - top_5_accuracy: 0.5188
I0826 21:21:03.473110 140232066361088 classifier_trainer.py:447] Run stats:
{'accuracy_top_1': 0.5023600459098816, 'eval_loss': 6.169778823852539, 'loss': 6.0725998878479, 'training_accuracy_top_1': 0.7767732739448547, 'step_timestamp_log': ['BatchTimestamp<batch_index: 0, timestamp: 1598447705.892238>', 'BatchTimestamp<batch_index: 100, timestamp: 1598447833.73469>', 'BatchTimestamp<batch_index: 200, timestamp: 1598447875.2754886>', 'BatchTimestamp<batch_index: 300, timestamp: 1598447917.6052768>', 'BatchTimestamp<batch_index: 400, timestamp: 1598447960.0537808>', 'BatchTimestamp<batch_index: 500, timestamp: 1598448002.3508122>', 'BatchTimestamp<batch_index: 600, timestamp: 1598448044.9172723>'], 'train_finish_time': 1598448046.6783664, 'avg_exp_per_second': 3605.7870283350926}
2020-08-26 21:21:07.191970: W tensorflow/core/common_runtime/eager/context.cc:566] Unable to destroy server_ object, so releasing instead. Servers don't support clean shutdown.
