2020-08-26 21:06:57.070558: I tensorflow/stream_executor/platform/default/dso_loader.cc:48] Successfully opened dynamic library libcudart.so.10.1
I0826 21:06:58.420200 140364556375808 classifier_trainer.py:180] Base params: {'evaluation': {'epochs_between_evals': 1, 'skip_eval': False, 'steps': None},
 'export': {'checkpoint': None, 'destination': None},
 'mode': None,
 'model': {'learning_rate': {'boundaries': [30, 60, 80],
                             'decay_epochs': None,
                             'decay_rate': None,
                             'examples_per_epoch': 1281167,
                             'initial_lr': None,
                             'multipliers': [1.0, 0.1, 0.01, 0.001],
                             'name': 'piecewise_constant_with_warmup',
                             'scale_by_batch_size': 0.0,
                             'staircase': None,
                             'warmup_epochs': 5},
           'loss': {'label_smoothing': None,
                    'name': 'sparse_categorical_crossentropy'},
           'model_params': {'batch_size': None,
                            'num_classes': 1000,
                            'rescale_inputs': False,
                            'use_l2_regularizer': True},
           'name': 'ResNet',
           'num_classes': 1000,
           'optimizer': {'beta_1': None,
                         'beta_2': None,
                         'decay': 0.9,
                         'epsilon': 0.001,
                         'lookahead': None,
                         'momentum': 0.9,
                         'moving_average_decay': None,
                         'name': 'momentum',
                         'nesterov': None}},
 'model_dir': None,
 'model_name': None,
 'runtime': {'all_reduce_alg': None,
             'batchnorm_spatial_persistent': False,
             'dataset_num_private_threads': None,
             'distribution_strategy': 'mirrored',
             'enable_xla': False,
             'gpu_thread_mode': None,
             'loss_scale': None,
             'mixed_precision_dtype': None,
             'num_gpus': 0,
             'num_packs': 1,
             'per_gpu_thread_count': 0,
             'run_eagerly': False,
             'task_index': -1,
             'tpu': None,
             'worker_hosts': None},
 'train': {'callbacks': {'enable_checkpoint_and_export': True,
                         'enable_tensorboard': True,
                         'enable_time_history': True},
           'epochs': 90,
           'metrics': ['accuracy', 'top_5'],
           'resume_checkpoint': True,
           'set_epoch_loop': False,
           'steps': None,
           'tensorboard': {'track_lr': True, 'write_model_weights': False},
           'time_history': {'log_steps': 1}},
 'train_dataset': {'augmenter': {'name': None, 'params': None},
                   'batch_size': 128,
                   'builder': 'records',
                   'cache': False,
                   'data_dir': None,
                   'download': False,
                   'dtype': 'float32',
                   'file_shuffle_buffer_size': 1024,
                   'filenames': None,
                   'image_size': 224,
                   'mean_subtract': True,
                   'name': 'imagenet2012',
                   'num_channels': 'infer',
                   'num_classes': 'infer',
                   'num_devices': 1,
                   'num_examples': 'infer',
                   'one_hot': False,
                   'shuffle_buffer_size': 10000,
                   'skip_decoding': True,
                   'split': 'train',
                   'standardize': True,
                   'tf_data_service': None,
                   'use_per_replica_batch_size': True},
 'validation_dataset': {'augmenter': {'name': None, 'params': None},
                        'batch_size': 128,
                        'builder': 'records',
                        'cache': False,
                        'data_dir': None,
                        'download': False,
                        'dtype': 'float32',
                        'file_shuffle_buffer_size': 1024,
                        'filenames': None,
                        'image_size': 224,
                        'mean_subtract': True,
                        'name': 'imagenet2012',
                        'num_channels': 'infer',
                        'num_classes': 'infer',
                        'num_devices': 1,
                        'num_examples': 'infer',
                        'one_hot': False,
                        'shuffle_buffer_size': 10000,
                        'skip_decoding': True,
                        'split': 'validation',
                        'standardize': True,
                        'tf_data_service': None,
                        'use_per_replica_batch_size': True}}
I0826 21:06:58.420438 140364556375808 classifier_trainer.py:183] Overriding params: configs/examples/resnet/imagenet/two_node_gpu.yaml
/home/leinao/tensorflow/models-2.3.0/official/modeling/hyperparams/params_dict.py:431: YAMLLoadWarning: calling yaml.load() without Loader=... is deprecated, as the default Loader is unsafe. Please read https://msg.pyyaml.org/load for full details.
  params_dict = yaml.load(dict_or_string_or_yaml_file)
/home/leinao/tensorflow/models-2.3.0/official/modeling/hyperparams/params_dict.py:436: YAMLLoadWarning: calling yaml.load() without Loader=... is deprecated, as the default Loader is unsafe. Please read https://msg.pyyaml.org/load for full details.
  params.override(yaml.load(f), is_strict)
I0826 21:06:58.426355 140364556375808 classifier_trainer.py:183] Overriding params: runtime.num_gpus=8
I0826 21:06:58.426919 140364556375808 classifier_trainer.py:183] Overriding params: {'model_dir': '../output', 'mode': 'train_and_eval', 'model': {'name': 'resnet'}, 'runtime': {'run_eagerly': None, 'tpu': None}, 'train_dataset': {'data_dir': '/datasets/ImageNet/tfrecord'}, 'validation_dataset': {'data_dir': '/datasets/ImageNet/tfrecord'}, 'train': {'time_history': {'log_steps': 100}}}
I0826 21:06:58.428391 140364556375808 classifier_trainer.py:189] Final model parameters: {'evaluation': {'epochs_between_evals': 10, 'skip_eval': False, 'steps': None},
 'export': {'checkpoint': None, 'destination': None},
 'mode': 'train_and_eval',
 'model': {'learning_rate': {'boundaries': [30, 60, 80],
                             'decay_epochs': None,
                             'decay_rate': None,
                             'examples_per_epoch': 640512,
                             'initial_lr': 1.024,
                             'multipliers': [1.0, 0.1, 0.01, 0.001],
                             'name': 'piecewise_constant_with_warmup',
                             'scale_by_batch_size': 0.0,
                             'staircase': None,
                             'warmup_epochs': 1},
           'loss': {'label_smoothing': 0.1,
                    'name': 'sparse_categorical_crossentropy'},
           'model_params': {'batch_size': None,
                            'num_classes': 1000,
                            'rescale_inputs': False,
                            'use_l2_regularizer': True},
           'name': 'resnet',
           'num_classes': 1000,
           'optimizer': {'beta_1': None,
                         'beta_2': None,
                         'decay': 0.9,
                         'epsilon': 0.001,
                         'lookahead': None,
                         'momentum': 0.875,
                         'moving_average_decay': None,
                         'name': 'momentum',
                         'nesterov': None}},
 'model_dir': '../output',
 'model_name': None,
 'runtime': {'all_reduce_alg': 'nccl',
             'batchnorm_spatial_persistent': False,
             'dataset_num_private_threads': None,
             'distribution_strategy': 'multi_worker_mirrored',
             'enable_xla': False,
             'gpu_thread_mode': None,
             'loss_scale': None,
             'mixed_precision_dtype': None,
             'num_gpus': 8,
             'num_packs': 1,
             'per_gpu_thread_count': 0,
             'run_eagerly': None,
             'task_index': 0,
             'tpu': None,
             'worker_hosts': '10.11.0.2:11111,10.11.0.3:11111'},
 'train': {'callbacks': {'enable_checkpoint_and_export': True,
                         'enable_tensorboard': True,
                         'enable_time_history': True},
           'epochs': 1,
           'metrics': ['accuracy', 'top_5'],
           'resume_checkpoint': False,
           'set_epoch_loop': False,
           'steps': 600,
           'tensorboard': {'track_lr': True, 'write_model_weights': False},
           'time_history': {'log_steps': 100}},
 'train_dataset': {'augmenter': {'name': None, 'params': None},
                   'batch_size': 128,
                   'builder': 'records',
                   'cache': False,
                   'data_dir': '/datasets/ImageNet/tfrecord',
                   'download': False,
                   'dtype': 'float32',
                   'file_shuffle_buffer_size': 1024,
                   'filenames': None,
                   'image_size': 224,
                   'mean_subtract': True,
                   'name': 'imagenet2012',
                   'num_channels': 'infer',
                   'num_classes': 1000,
                   'num_devices': 1,
                   'num_examples': 640512,
                   'one_hot': False,
                   'shuffle_buffer_size': 10000,
                   'skip_decoding': True,
                   'split': 'train',
                   'standardize': True,
                   'tf_data_service': None,
                   'use_per_replica_batch_size': True},
 'validation_dataset': {'augmenter': {'name': None, 'params': None},
                        'batch_size': 128,
                        'builder': 'records',
                        'cache': False,
                        'data_dir': '/datasets/ImageNet/tfrecord',
                        'download': False,
                        'dtype': 'float32',
                        'file_shuffle_buffer_size': 1024,
                        'filenames': None,
                        'image_size': 224,
                        'mean_subtract': True,
                        'name': 'imagenet2012',
                        'num_channels': 'infer',
                        'num_classes': 1000,
                        'num_devices': 1,
                        'num_examples': 50000,
                        'one_hot': False,
                        'shuffle_buffer_size': 10000,
                        'skip_decoding': True,
                        'split': 'validation',
                        'standardize': True,
                        'tf_data_service': None,
                        'use_per_replica_batch_size': True}}
I0826 21:06:58.428467 140364556375808 classifier_trainer.py:294] Running train and eval.
2020-08-26 21:06:58.429963: I tensorflow/stream_executor/platform/default/dso_loader.cc:48] Successfully opened dynamic library libcuda.so.1
2020-08-26 21:07:00.488350: I tensorflow/core/common_runtime/gpu/gpu_device.cc:1716] Found device 0 with properties: 
pciBusID: 0000:1a:00.0 name: Tesla V100-SXM2-16GB computeCapability: 7.0
coreClock: 1.53GHz coreCount: 80 deviceMemorySize: 15.78GiB deviceMemoryBandwidth: 836.37GiB/s
2020-08-26 21:07:00.492528: I tensorflow/core/common_runtime/gpu/gpu_device.cc:1716] Found device 1 with properties: 
pciBusID: 0000:1b:00.0 name: Tesla V100-SXM2-16GB computeCapability: 7.0
coreClock: 1.53GHz coreCount: 80 deviceMemorySize: 15.78GiB deviceMemoryBandwidth: 836.37GiB/s
2020-08-26 21:07:00.496551: I tensorflow/core/common_runtime/gpu/gpu_device.cc:1716] Found device 2 with properties: 
pciBusID: 0000:3d:00.0 name: Tesla V100-SXM2-16GB computeCapability: 7.0
coreClock: 1.53GHz coreCount: 80 deviceMemorySize: 15.78GiB deviceMemoryBandwidth: 836.37GiB/s
2020-08-26 21:07:00.500045: I tensorflow/core/common_runtime/gpu/gpu_device.cc:1716] Found device 3 with properties: 
pciBusID: 0000:3e:00.0 name: Tesla V100-SXM2-16GB computeCapability: 7.0
coreClock: 1.53GHz coreCount: 80 deviceMemorySize: 15.78GiB deviceMemoryBandwidth: 836.37GiB/s
2020-08-26 21:07:00.504309: I tensorflow/core/common_runtime/gpu/gpu_device.cc:1716] Found device 4 with properties: 
pciBusID: 0000:88:00.0 name: Tesla V100-SXM2-16GB computeCapability: 7.0
coreClock: 1.53GHz coreCount: 80 deviceMemorySize: 15.78GiB deviceMemoryBandwidth: 836.37GiB/s
2020-08-26 21:07:00.507390: I tensorflow/core/common_runtime/gpu/gpu_device.cc:1716] Found device 5 with properties: 
pciBusID: 0000:89:00.0 name: Tesla V100-SXM2-16GB computeCapability: 7.0
coreClock: 1.53GHz coreCount: 80 deviceMemorySize: 15.78GiB deviceMemoryBandwidth: 836.37GiB/s
2020-08-26 21:07:00.510670: I tensorflow/core/common_runtime/gpu/gpu_device.cc:1716] Found device 6 with properties: 
pciBusID: 0000:b2:00.0 name: Tesla V100-SXM2-16GB computeCapability: 7.0
coreClock: 1.53GHz coreCount: 80 deviceMemorySize: 15.78GiB deviceMemoryBandwidth: 836.37GiB/s
2020-08-26 21:07:00.514260: I tensorflow/core/common_runtime/gpu/gpu_device.cc:1716] Found device 7 with properties: 
pciBusID: 0000:b3:00.0 name: Tesla V100-SXM2-16GB computeCapability: 7.0
coreClock: 1.53GHz coreCount: 80 deviceMemorySize: 15.78GiB deviceMemoryBandwidth: 836.37GiB/s
2020-08-26 21:07:00.514300: I tensorflow/stream_executor/platform/default/dso_loader.cc:48] Successfully opened dynamic library libcudart.so.10.1
2020-08-26 21:07:00.517311: I tensorflow/stream_executor/platform/default/dso_loader.cc:48] Successfully opened dynamic library libcublas.so.10
2020-08-26 21:07:00.520330: I tensorflow/stream_executor/platform/default/dso_loader.cc:48] Successfully opened dynamic library libcufft.so.10
2020-08-26 21:07:00.520805: I tensorflow/stream_executor/platform/default/dso_loader.cc:48] Successfully opened dynamic library libcurand.so.10
2020-08-26 21:07:00.524091: I tensorflow/stream_executor/platform/default/dso_loader.cc:48] Successfully opened dynamic library libcusolver.so.10
2020-08-26 21:07:00.525557: I tensorflow/stream_executor/platform/default/dso_loader.cc:48] Successfully opened dynamic library libcusparse.so.10
2020-08-26 21:07:00.531381: I tensorflow/stream_executor/platform/default/dso_loader.cc:48] Successfully opened dynamic library libcudnn.so.7
2020-08-26 21:07:00.561120: I tensorflow/core/common_runtime/gpu/gpu_device.cc:1858] Adding visible gpu devices: 0, 1, 2, 3, 4, 5, 6, 7
2020-08-26 21:07:00.562638: I tensorflow/core/platform/cpu_feature_guard.cc:142] This TensorFlow binary is optimized with oneAPI Deep Neural Network Library (oneDNN)to use the following CPU instructions in performance-critical operations:  AVX2 AVX512F FMA
To enable them in other operations, rebuild TensorFlow with the appropriate compiler flags.
2020-08-26 21:07:00.590240: I tensorflow/core/platform/profile_utils/cpu_utils.cc:104] CPU Frequency: 2300115000 Hz
2020-08-26 21:07:00.599880: I tensorflow/compiler/xla/service/service.cc:168] XLA service 0x55f9e59fd370 initialized for platform Host (this does not guarantee that XLA will be used). Devices:
2020-08-26 21:07:00.599934: I tensorflow/compiler/xla/service/service.cc:176]   StreamExecutor device (0): Host, Default Version
2020-08-26 21:07:02.883061: I tensorflow/compiler/xla/service/service.cc:168] XLA service 0x55f9e51d8b50 initialized for platform CUDA (this does not guarantee that XLA will be used). Devices:
2020-08-26 21:07:02.883119: I tensorflow/compiler/xla/service/service.cc:176]   StreamExecutor device (0): Tesla V100-SXM2-16GB, Compute Capability 7.0
2020-08-26 21:07:02.883134: I tensorflow/compiler/xla/service/service.cc:176]   StreamExecutor device (1): Tesla V100-SXM2-16GB, Compute Capability 7.0
2020-08-26 21:07:02.883146: I tensorflow/compiler/xla/service/service.cc:176]   StreamExecutor device (2): Tesla V100-SXM2-16GB, Compute Capability 7.0
2020-08-26 21:07:02.883158: I tensorflow/compiler/xla/service/service.cc:176]   StreamExecutor device (3): Tesla V100-SXM2-16GB, Compute Capability 7.0
2020-08-26 21:07:02.883170: I tensorflow/compiler/xla/service/service.cc:176]   StreamExecutor device (4): Tesla V100-SXM2-16GB, Compute Capability 7.0
2020-08-26 21:07:02.883181: I tensorflow/compiler/xla/service/service.cc:176]   StreamExecutor device (5): Tesla V100-SXM2-16GB, Compute Capability 7.0
2020-08-26 21:07:02.883192: I tensorflow/compiler/xla/service/service.cc:176]   StreamExecutor device (6): Tesla V100-SXM2-16GB, Compute Capability 7.0
2020-08-26 21:07:02.883203: I tensorflow/compiler/xla/service/service.cc:176]   StreamExecutor device (7): Tesla V100-SXM2-16GB, Compute Capability 7.0
2020-08-26 21:07:02.917256: I tensorflow/core/common_runtime/gpu/gpu_device.cc:1716] Found device 0 with properties: 
pciBusID: 0000:1a:00.0 name: Tesla V100-SXM2-16GB computeCapability: 7.0
coreClock: 1.53GHz coreCount: 80 deviceMemorySize: 15.78GiB deviceMemoryBandwidth: 836.37GiB/s
2020-08-26 21:07:02.921463: I tensorflow/core/common_runtime/gpu/gpu_device.cc:1716] Found device 1 with properties: 
pciBusID: 0000:1b:00.0 name: Tesla V100-SXM2-16GB computeCapability: 7.0
coreClock: 1.53GHz coreCount: 80 deviceMemorySize: 15.78GiB deviceMemoryBandwidth: 836.37GiB/s
2020-08-26 21:07:02.925801: I tensorflow/core/common_runtime/gpu/gpu_device.cc:1716] Found device 2 with properties: 
pciBusID: 0000:3d:00.0 name: Tesla V100-SXM2-16GB computeCapability: 7.0
coreClock: 1.53GHz coreCount: 80 deviceMemorySize: 15.78GiB deviceMemoryBandwidth: 836.37GiB/s
2020-08-26 21:07:02.930238: I tensorflow/core/common_runtime/gpu/gpu_device.cc:1716] Found device 3 with properties: 
pciBusID: 0000:3e:00.0 name: Tesla V100-SXM2-16GB computeCapability: 7.0
coreClock: 1.53GHz coreCount: 80 deviceMemorySize: 15.78GiB deviceMemoryBandwidth: 836.37GiB/s
2020-08-26 21:07:02.933722: I tensorflow/core/common_runtime/gpu/gpu_device.cc:1716] Found device 4 with properties: 
pciBusID: 0000:88:00.0 name: Tesla V100-SXM2-16GB computeCapability: 7.0
coreClock: 1.53GHz coreCount: 80 deviceMemorySize: 15.78GiB deviceMemoryBandwidth: 836.37GiB/s
2020-08-26 21:07:02.936675: I tensorflow/core/common_runtime/gpu/gpu_device.cc:1716] Found device 5 with properties: 
pciBusID: 0000:89:00.0 name: Tesla V100-SXM2-16GB computeCapability: 7.0
coreClock: 1.53GHz coreCount: 80 deviceMemorySize: 15.78GiB deviceMemoryBandwidth: 836.37GiB/s
2020-08-26 21:07:02.940005: I tensorflow/core/common_runtime/gpu/gpu_device.cc:1716] Found device 6 with properties: 
pciBusID: 0000:b2:00.0 name: Tesla V100-SXM2-16GB computeCapability: 7.0
coreClock: 1.53GHz coreCount: 80 deviceMemorySize: 15.78GiB deviceMemoryBandwidth: 836.37GiB/s
2020-08-26 21:07:02.943584: I tensorflow/core/common_runtime/gpu/gpu_device.cc:1716] Found device 7 with properties: 
pciBusID: 0000:b3:00.0 name: Tesla V100-SXM2-16GB computeCapability: 7.0
coreClock: 1.53GHz coreCount: 80 deviceMemorySize: 15.78GiB deviceMemoryBandwidth: 836.37GiB/s
2020-08-26 21:07:02.943663: I tensorflow/stream_executor/platform/default/dso_loader.cc:48] Successfully opened dynamic library libcudart.so.10.1
2020-08-26 21:07:02.943712: I tensorflow/stream_executor/platform/default/dso_loader.cc:48] Successfully opened dynamic library libcublas.so.10
2020-08-26 21:07:02.943738: I tensorflow/stream_executor/platform/default/dso_loader.cc:48] Successfully opened dynamic library libcufft.so.10
2020-08-26 21:07:02.943766: I tensorflow/stream_executor/platform/default/dso_loader.cc:48] Successfully opened dynamic library libcurand.so.10
2020-08-26 21:07:02.943794: I tensorflow/stream_executor/platform/default/dso_loader.cc:48] Successfully opened dynamic library libcusolver.so.10
2020-08-26 21:07:02.943821: I tensorflow/stream_executor/platform/default/dso_loader.cc:48] Successfully opened dynamic library libcusparse.so.10
2020-08-26 21:07:02.943849: I tensorflow/stream_executor/platform/default/dso_loader.cc:48] Successfully opened dynamic library libcudnn.so.7
2020-08-26 21:07:03.007847: I tensorflow/core/common_runtime/gpu/gpu_device.cc:1858] Adding visible gpu devices: 0, 1, 2, 3, 4, 5, 6, 7
2020-08-26 21:07:03.008011: I tensorflow/stream_executor/platform/default/dso_loader.cc:48] Successfully opened dynamic library libcudart.so.10.1
2020-08-26 21:07:08.031688: I tensorflow/core/common_runtime/gpu/gpu_device.cc:1257] Device interconnect StreamExecutor with strength 1 edge matrix:
2020-08-26 21:07:08.031735: I tensorflow/core/common_runtime/gpu/gpu_device.cc:1263]      0 1 2 3 4 5 6 7 
2020-08-26 21:07:08.031771: I tensorflow/core/common_runtime/gpu/gpu_device.cc:1276] 0:   N Y Y Y Y Y Y Y 
2020-08-26 21:07:08.031777: I tensorflow/core/common_runtime/gpu/gpu_device.cc:1276] 1:   Y N Y Y Y Y Y Y 
2020-08-26 21:07:08.031782: I tensorflow/core/common_runtime/gpu/gpu_device.cc:1276] 2:   Y Y N Y Y Y Y Y 
2020-08-26 21:07:08.031788: I tensorflow/core/common_runtime/gpu/gpu_device.cc:1276] 3:   Y Y Y N Y Y Y Y 
2020-08-26 21:07:08.031793: I tensorflow/core/common_runtime/gpu/gpu_device.cc:1276] 4:   Y Y Y Y N Y Y Y 
2020-08-26 21:07:08.031798: I tensorflow/core/common_runtime/gpu/gpu_device.cc:1276] 5:   Y Y Y Y Y N Y Y 
2020-08-26 21:07:08.031803: I tensorflow/core/common_runtime/gpu/gpu_device.cc:1276] 6:   Y Y Y Y Y Y N Y 
2020-08-26 21:07:08.031807: I tensorflow/core/common_runtime/gpu/gpu_device.cc:1276] 7:   Y Y Y Y Y Y Y N 
2020-08-26 21:07:08.059025: I tensorflow/core/common_runtime/gpu/gpu_device.cc:1402] Created TensorFlow device (/job:localhost/replica:0/task:0/device:GPU:0 with 14753 MB memory) -> physical GPU (device: 0, name: Tesla V100-SXM2-16GB, pci bus id: 0000:1a:00.0, compute capability: 7.0)
2020-08-26 21:07:08.062933: I tensorflow/core/common_runtime/gpu/gpu_device.cc:1402] Created TensorFlow device (/job:localhost/replica:0/task:0/device:GPU:1 with 14753 MB memory) -> physical GPU (device: 1, name: Tesla V100-SXM2-16GB, pci bus id: 0000:1b:00.0, compute capability: 7.0)
2020-08-26 21:07:08.067807: I tensorflow/core/common_runtime/gpu/gpu_device.cc:1402] Created TensorFlow device (/job:localhost/replica:0/task:0/device:GPU:2 with 14753 MB memory) -> physical GPU (device: 2, name: Tesla V100-SXM2-16GB, pci bus id: 0000:3d:00.0, compute capability: 7.0)
2020-08-26 21:07:08.072000: I tensorflow/core/common_runtime/gpu/gpu_device.cc:1402] Created TensorFlow device (/job:localhost/replica:0/task:0/device:GPU:3 with 14753 MB memory) -> physical GPU (device: 3, name: Tesla V100-SXM2-16GB, pci bus id: 0000:3e:00.0, compute capability: 7.0)
2020-08-26 21:07:08.076290: I tensorflow/core/common_runtime/gpu/gpu_device.cc:1402] Created TensorFlow device (/job:localhost/replica:0/task:0/device:GPU:4 with 14753 MB memory) -> physical GPU (device: 4, name: Tesla V100-SXM2-16GB, pci bus id: 0000:88:00.0, compute capability: 7.0)
2020-08-26 21:07:08.079979: I tensorflow/core/common_runtime/gpu/gpu_device.cc:1402] Created TensorFlow device (/job:localhost/replica:0/task:0/device:GPU:5 with 14753 MB memory) -> physical GPU (device: 5, name: Tesla V100-SXM2-16GB, pci bus id: 0000:89:00.0, compute capability: 7.0)
2020-08-26 21:07:08.083863: I tensorflow/core/common_runtime/gpu/gpu_device.cc:1402] Created TensorFlow device (/job:localhost/replica:0/task:0/device:GPU:6 with 14753 MB memory) -> physical GPU (device: 6, name: Tesla V100-SXM2-16GB, pci bus id: 0000:b2:00.0, compute capability: 7.0)
2020-08-26 21:07:08.088350: I tensorflow/core/common_runtime/gpu/gpu_device.cc:1402] Created TensorFlow device (/job:localhost/replica:0/task:0/device:GPU:7 with 14753 MB memory) -> physical GPU (device: 7, name: Tesla V100-SXM2-16GB, pci bus id: 0000:b3:00.0, compute capability: 7.0)
2020-08-26 21:07:08.104157: I tensorflow/core/common_runtime/gpu/gpu_device.cc:1716] Found device 0 with properties: 
pciBusID: 0000:1a:00.0 name: Tesla V100-SXM2-16GB computeCapability: 7.0
coreClock: 1.53GHz coreCount: 80 deviceMemorySize: 15.78GiB deviceMemoryBandwidth: 836.37GiB/s
2020-08-26 21:07:08.105769: I tensorflow/core/common_runtime/gpu/gpu_device.cc:1716] Found device 1 with properties: 
pciBusID: 0000:1b:00.0 name: Tesla V100-SXM2-16GB computeCapability: 7.0
coreClock: 1.53GHz coreCount: 80 deviceMemorySize: 15.78GiB deviceMemoryBandwidth: 836.37GiB/s
2020-08-26 21:07:08.107368: I tensorflow/core/common_runtime/gpu/gpu_device.cc:1716] Found device 2 with properties: 
pciBusID: 0000:3d:00.0 name: Tesla V100-SXM2-16GB computeCapability: 7.0
coreClock: 1.53GHz coreCount: 80 deviceMemorySize: 15.78GiB deviceMemoryBandwidth: 836.37GiB/s
2020-08-26 21:07:08.110043: I tensorflow/core/common_runtime/gpu/gpu_device.cc:1716] Found device 3 with properties: 
pciBusID: 0000:3e:00.0 name: Tesla V100-SXM2-16GB computeCapability: 7.0
coreClock: 1.53GHz coreCount: 80 deviceMemorySize: 15.78GiB deviceMemoryBandwidth: 836.37GiB/s
2020-08-26 21:07:08.113277: I tensorflow/core/common_runtime/gpu/gpu_device.cc:1716] Found device 4 with properties: 
pciBusID: 0000:88:00.0 name: Tesla V100-SXM2-16GB computeCapability: 7.0
coreClock: 1.53GHz coreCount: 80 deviceMemorySize: 15.78GiB deviceMemoryBandwidth: 836.37GiB/s
2020-08-26 21:07:08.116143: I tensorflow/core/common_runtime/gpu/gpu_device.cc:1716] Found device 5 with properties: 
pciBusID: 0000:89:00.0 name: Tesla V100-SXM2-16GB computeCapability: 7.0
coreClock: 1.53GHz coreCount: 80 deviceMemorySize: 15.78GiB deviceMemoryBandwidth: 836.37GiB/s
2020-08-26 21:07:08.117865: I tensorflow/core/common_runtime/gpu/gpu_device.cc:1716] Found device 6 with properties: 
pciBusID: 0000:b2:00.0 name: Tesla V100-SXM2-16GB computeCapability: 7.0
coreClock: 1.53GHz coreCount: 80 deviceMemorySize: 15.78GiB deviceMemoryBandwidth: 836.37GiB/s
2020-08-26 21:07:08.119565: I tensorflow/core/common_runtime/gpu/gpu_device.cc:1716] Found device 7 with properties: 
pciBusID: 0000:b3:00.0 name: Tesla V100-SXM2-16GB computeCapability: 7.0
coreClock: 1.53GHz coreCount: 80 deviceMemorySize: 15.78GiB deviceMemoryBandwidth: 836.37GiB/s
2020-08-26 21:07:08.119617: I tensorflow/stream_executor/platform/default/dso_loader.cc:48] Successfully opened dynamic library libcudart.so.10.1
2020-08-26 21:07:08.119698: I tensorflow/stream_executor/platform/default/dso_loader.cc:48] Successfully opened dynamic library libcublas.so.10
2020-08-26 21:07:08.119721: I tensorflow/stream_executor/platform/default/dso_loader.cc:48] Successfully opened dynamic library libcufft.so.10
2020-08-26 21:07:08.119737: I tensorflow/stream_executor/platform/default/dso_loader.cc:48] Successfully opened dynamic library libcurand.so.10
2020-08-26 21:07:08.119756: I tensorflow/stream_executor/platform/default/dso_loader.cc:48] Successfully opened dynamic library libcusolver.so.10
2020-08-26 21:07:08.119772: I tensorflow/stream_executor/platform/default/dso_loader.cc:48] Successfully opened dynamic library libcusparse.so.10
2020-08-26 21:07:08.119792: I tensorflow/stream_executor/platform/default/dso_loader.cc:48] Successfully opened dynamic library libcudnn.so.7
2020-08-26 21:07:08.170355: I tensorflow/core/common_runtime/gpu/gpu_device.cc:1858] Adding visible gpu devices: 0, 1, 2, 3, 4, 5, 6, 7
2020-08-26 21:07:08.174444: I tensorflow/core/common_runtime/gpu/gpu_device.cc:1257] Device interconnect StreamExecutor with strength 1 edge matrix:
2020-08-26 21:07:08.174478: I tensorflow/core/common_runtime/gpu/gpu_device.cc:1263]      0 1 2 3 4 5 6 7 
2020-08-26 21:07:08.174490: I tensorflow/core/common_runtime/gpu/gpu_device.cc:1276] 0:   N Y Y Y Y Y Y Y 
2020-08-26 21:07:08.174497: I tensorflow/core/common_runtime/gpu/gpu_device.cc:1276] 1:   Y N Y Y Y Y Y Y 
2020-08-26 21:07:08.174505: I tensorflow/core/common_runtime/gpu/gpu_device.cc:1276] 2:   Y Y N Y Y Y Y Y 
2020-08-26 21:07:08.174512: I tensorflow/core/common_runtime/gpu/gpu_device.cc:1276] 3:   Y Y Y N Y Y Y Y 
2020-08-26 21:07:08.174521: I tensorflow/core/common_runtime/gpu/gpu_device.cc:1276] 4:   Y Y Y Y N Y Y Y 
2020-08-26 21:07:08.174528: I tensorflow/core/common_runtime/gpu/gpu_device.cc:1276] 5:   Y Y Y Y Y N Y Y 
2020-08-26 21:07:08.174535: I tensorflow/core/common_runtime/gpu/gpu_device.cc:1276] 6:   Y Y Y Y Y Y N Y 
2020-08-26 21:07:08.174543: I tensorflow/core/common_runtime/gpu/gpu_device.cc:1276] 7:   Y Y Y Y Y Y Y N 
2020-08-26 21:07:08.193903: I tensorflow/core/common_runtime/gpu/gpu_device.cc:1402] Created TensorFlow device (/job:worker/replica:0/task:0/device:GPU:0 with 14753 MB memory) -> physical GPU (device: 0, name: Tesla V100-SXM2-16GB, pci bus id: 0000:1a:00.0, compute capability: 7.0)
2020-08-26 21:07:08.195611: I tensorflow/core/common_runtime/gpu/gpu_device.cc:1402] Created TensorFlow device (/job:worker/replica:0/task:0/device:GPU:1 with 14753 MB memory) -> physical GPU (device: 1, name: Tesla V100-SXM2-16GB, pci bus id: 0000:1b:00.0, compute capability: 7.0)
2020-08-26 21:07:08.197295: I tensorflow/core/common_runtime/gpu/gpu_device.cc:1402] Created TensorFlow device (/job:worker/replica:0/task:0/device:GPU:2 with 14753 MB memory) -> physical GPU (device: 2, name: Tesla V100-SXM2-16GB, pci bus id: 0000:3d:00.0, compute capability: 7.0)
2020-08-26 21:07:08.198994: I tensorflow/core/common_runtime/gpu/gpu_device.cc:1402] Created TensorFlow device (/job:worker/replica:0/task:0/device:GPU:3 with 14753 MB memory) -> physical GPU (device: 3, name: Tesla V100-SXM2-16GB, pci bus id: 0000:3e:00.0, compute capability: 7.0)
2020-08-26 21:07:08.200520: I tensorflow/core/common_runtime/gpu/gpu_device.cc:1402] Created TensorFlow device (/job:worker/replica:0/task:0/device:GPU:4 with 14753 MB memory) -> physical GPU (device: 4, name: Tesla V100-SXM2-16GB, pci bus id: 0000:88:00.0, compute capability: 7.0)
2020-08-26 21:07:08.202037: I tensorflow/core/common_runtime/gpu/gpu_device.cc:1402] Created TensorFlow device (/job:worker/replica:0/task:0/device:GPU:5 with 14753 MB memory) -> physical GPU (device: 5, name: Tesla V100-SXM2-16GB, pci bus id: 0000:89:00.0, compute capability: 7.0)
2020-08-26 21:07:08.203563: I tensorflow/core/common_runtime/gpu/gpu_device.cc:1402] Created TensorFlow device (/job:worker/replica:0/task:0/device:GPU:6 with 14753 MB memory) -> physical GPU (device: 6, name: Tesla V100-SXM2-16GB, pci bus id: 0000:b2:00.0, compute capability: 7.0)
2020-08-26 21:07:08.205080: I tensorflow/core/common_runtime/gpu/gpu_device.cc:1402] Created TensorFlow device (/job:worker/replica:0/task:0/device:GPU:7 with 14753 MB memory) -> physical GPU (device: 7, name: Tesla V100-SXM2-16GB, pci bus id: 0000:b3:00.0, compute capability: 7.0)
2020-08-26 21:07:08.234550: I tensorflow/core/distributed_runtime/rpc/grpc_channel.cc:301] Initialize GrpcChannelCache for job worker -> {0 -> 10.11.0.2:11111, 1 -> 10.11.0.3:11111}
2020-08-26 21:07:08.246171: I tensorflow/core/distributed_runtime/rpc/grpc_server_lib.cc:405] Started server with target: grpc://10.11.0.2:11111
INFO:tensorflow:Enabled multi-worker collective ops with available devices: ['/job:worker/replica:0/task:0/device:CPU:0', '/job:worker/replica:0/task:0/device:XLA_CPU:0', '/job:worker/replica:0/task:0/device:XLA_GPU:0', '/job:worker/replica:0/task:0/device:XLA_GPU:1', '/job:worker/replica:0/task:0/device:XLA_GPU:2', '/job:worker/replica:0/task:0/device:XLA_GPU:3', '/job:worker/replica:0/task:0/device:XLA_GPU:4', '/job:worker/replica:0/task:0/device:XLA_GPU:5', '/job:worker/replica:0/task:0/device:XLA_GPU:6', '/job:worker/replica:0/task:0/device:XLA_GPU:7', '/job:worker/replica:0/task:0/device:GPU:0', '/job:worker/replica:0/task:0/device:GPU:1', '/job:worker/replica:0/task:0/device:GPU:2', '/job:worker/replica:0/task:0/device:GPU:3', '/job:worker/replica:0/task:0/device:GPU:4', '/job:worker/replica:0/task:0/device:GPU:5', '/job:worker/replica:0/task:0/device:GPU:6', '/job:worker/replica:0/task:0/device:GPU:7']
I0826 21:07:08.265680 140364556375808 collective_all_reduce_strategy.py:329] Enabled multi-worker collective ops with available devices: ['/job:worker/replica:0/task:0/device:CPU:0', '/job:worker/replica:0/task:0/device:XLA_CPU:0', '/job:worker/replica:0/task:0/device:XLA_GPU:0', '/job:worker/replica:0/task:0/device:XLA_GPU:1', '/job:worker/replica:0/task:0/device:XLA_GPU:2', '/job:worker/replica:0/task:0/device:XLA_GPU:3', '/job:worker/replica:0/task:0/device:XLA_GPU:4', '/job:worker/replica:0/task:0/device:XLA_GPU:5', '/job:worker/replica:0/task:0/device:XLA_GPU:6', '/job:worker/replica:0/task:0/device:XLA_GPU:7', '/job:worker/replica:0/task:0/device:GPU:0', '/job:worker/replica:0/task:0/device:GPU:1', '/job:worker/replica:0/task:0/device:GPU:2', '/job:worker/replica:0/task:0/device:GPU:3', '/job:worker/replica:0/task:0/device:GPU:4', '/job:worker/replica:0/task:0/device:GPU:5', '/job:worker/replica:0/task:0/device:GPU:6', '/job:worker/replica:0/task:0/device:GPU:7']
INFO:tensorflow:Using MirroredStrategy with devices ('/job:worker/task:0/device:GPU:0', '/job:worker/task:0/device:GPU:1', '/job:worker/task:0/device:GPU:2', '/job:worker/task:0/device:GPU:3', '/job:worker/task:0/device:GPU:4', '/job:worker/task:0/device:GPU:5', '/job:worker/task:0/device:GPU:6', '/job:worker/task:0/device:GPU:7')
I0826 21:07:08.290447 140364556375808 mirrored_strategy.py:341] Using MirroredStrategy with devices ('/job:worker/task:0/device:GPU:0', '/job:worker/task:0/device:GPU:1', '/job:worker/task:0/device:GPU:2', '/job:worker/task:0/device:GPU:3', '/job:worker/task:0/device:GPU:4', '/job:worker/task:0/device:GPU:5', '/job:worker/task:0/device:GPU:6', '/job:worker/task:0/device:GPU:7')
INFO:tensorflow:MultiWorkerMirroredStrategy with cluster_spec = {'worker': ['10.11.0.2:11111', '10.11.0.3:11111']}, task_type = 'worker', task_id = 0, num_workers = 2, local_devices = ('/job:worker/task:0/device:GPU:0', '/job:worker/task:0/device:GPU:1', '/job:worker/task:0/device:GPU:2', '/job:worker/task:0/device:GPU:3', '/job:worker/task:0/device:GPU:4', '/job:worker/task:0/device:GPU:5', '/job:worker/task:0/device:GPU:6', '/job:worker/task:0/device:GPU:7'), communication = CollectiveCommunication.NCCL
I0826 21:07:08.296146 140364556375808 collective_all_reduce_strategy.py:380] MultiWorkerMirroredStrategy with cluster_spec = {'worker': ['10.11.0.2:11111', '10.11.0.3:11111']}, task_type = 'worker', task_id = 0, num_workers = 2, local_devices = ('/job:worker/task:0/device:GPU:0', '/job:worker/task:0/device:GPU:1', '/job:worker/task:0/device:GPU:2', '/job:worker/task:0/device:GPU:3', '/job:worker/task:0/device:GPU:4', '/job:worker/task:0/device:GPU:5', '/job:worker/task:0/device:GPU:6', '/job:worker/task:0/device:GPU:7'), communication = CollectiveCommunication.NCCL
I0826 21:07:08.312962 140364556375808 classifier_trainer.py:310] Detected 16 devices.
W0826 21:07:08.314455 140364556375808 classifier_trainer.py:101] label_smoothing > 0, so datasets will be one hot encoded.
I0826 21:07:08.319326 140364556375808 dataset_factory.py:173] Using augmentation: None
I0826 21:07:08.320429 140364556375808 dataset_factory.py:173] Using augmentation: None
I0826 21:07:08.323146 140364556375808 dataset_factory.py:358] Using TFRecords to load data.
I0826 21:07:08.345328 140364556375808 dataset_factory.py:403] Sharding the dataset: input_pipeline_id=2 num_input_pipelines=0
WARNING:tensorflow:From /home/leinao/anaconda3/envs/tensorflow/lib/python3.7/site-packages/tensorflow/python/util/dispatch.py:201: sample_distorted_bounding_box (from tensorflow.python.ops.image_ops_impl) is deprecated and will be removed in a future version.
Instructions for updating:
`seed2` arg is deprecated.Use sample_distorted_bounding_box_v2 instead.
W0826 21:07:08.868780 140364556375808 deprecation.py:323] From /home/leinao/anaconda3/envs/tensorflow/lib/python3.7/site-packages/tensorflow/python/util/dispatch.py:201: sample_distorted_bounding_box (from tensorflow.python.ops.image_ops_impl) is deprecated and will be removed in a future version.
Instructions for updating:
`seed2` arg is deprecated.Use sample_distorted_bounding_box_v2 instead.
I0826 21:07:09.074040 140364556375808 dataset_factory.py:358] Using TFRecords to load data.
I0826 21:07:09.081828 140364556375808 dataset_factory.py:403] Sharding the dataset: input_pipeline_id=2 num_input_pipelines=0
I0826 21:07:17.639565 140364556375808 dataset_info.py:430] Load pre-computed DatasetInfo (eg: splits, num examples,...) from GCS: imagenet2012/5.0.0
I0826 21:07:20.365721 140364556375808 dataset_info.py:361] Load dataset info from /tmp/tmppddv3knbtfds
I0826 21:07:20.375366 140364556375808 dataset_info.py:401] Field info.description from disk and from code do not match. Keeping the one from code.
I0826 21:07:20.375574 140364556375808 dataset_info.py:401] Field info.citation from disk and from code do not match. Keeping the one from code.
I0826 21:07:20.627352 140364556375808 classifier_trainer.py:329] Global batch size: 2048
INFO:tensorflow:Collective batch_all_reduce: 1 all-reduces, num_devices = 8, group_size = 16, communication_hint = AUTO, num_packs = 1
I0826 21:07:22.638537 140364556375808 cross_device_ops.py:1085] Collective batch_all_reduce: 1 all-reduces, num_devices = 8, group_size = 16, communication_hint = AUTO, num_packs = 1
INFO:tensorflow:Collective batch_all_reduce: 1 all-reduces, num_devices = 8, group_size = 16, communication_hint = AUTO, num_packs = 1
I0826 21:07:22.659494 140364556375808 cross_device_ops.py:1085] Collective batch_all_reduce: 1 all-reduces, num_devices = 8, group_size = 16, communication_hint = AUTO, num_packs = 1
INFO:tensorflow:Collective batch_all_reduce: 1 all-reduces, num_devices = 8, group_size = 16, communication_hint = AUTO, num_packs = 1
I0826 21:07:22.679912 140364556375808 cross_device_ops.py:1085] Collective batch_all_reduce: 1 all-reduces, num_devices = 8, group_size = 16, communication_hint = AUTO, num_packs = 1
INFO:tensorflow:Collective batch_all_reduce: 1 all-reduces, num_devices = 8, group_size = 16, communication_hint = AUTO, num_packs = 1
I0826 21:07:22.698483 140364556375808 cross_device_ops.py:1085] Collective batch_all_reduce: 1 all-reduces, num_devices = 8, group_size = 16, communication_hint = AUTO, num_packs = 1
INFO:tensorflow:Collective batch_all_reduce: 1 all-reduces, num_devices = 8, group_size = 16, communication_hint = AUTO, num_packs = 1
I0826 21:07:22.731224 140364556375808 cross_device_ops.py:1085] Collective batch_all_reduce: 1 all-reduces, num_devices = 8, group_size = 16, communication_hint = AUTO, num_packs = 1
INFO:tensorflow:Collective batch_all_reduce: 1 all-reduces, num_devices = 8, group_size = 16, communication_hint = AUTO, num_packs = 1
I0826 21:07:22.748814 140364556375808 cross_device_ops.py:1085] Collective batch_all_reduce: 1 all-reduces, num_devices = 8, group_size = 16, communication_hint = AUTO, num_packs = 1
INFO:tensorflow:Collective batch_all_reduce: 1 all-reduces, num_devices = 8, group_size = 16, communication_hint = AUTO, num_packs = 1
I0826 21:07:22.886763 140364556375808 cross_device_ops.py:1085] Collective batch_all_reduce: 1 all-reduces, num_devices = 8, group_size = 16, communication_hint = AUTO, num_packs = 1
INFO:tensorflow:Collective batch_all_reduce: 1 all-reduces, num_devices = 8, group_size = 16, communication_hint = AUTO, num_packs = 1
I0826 21:07:22.908306 140364556375808 cross_device_ops.py:1085] Collective batch_all_reduce: 1 all-reduces, num_devices = 8, group_size = 16, communication_hint = AUTO, num_packs = 1
INFO:tensorflow:Collective batch_all_reduce: 1 all-reduces, num_devices = 8, group_size = 16, communication_hint = AUTO, num_packs = 1
I0826 21:07:22.930318 140364556375808 cross_device_ops.py:1085] Collective batch_all_reduce: 1 all-reduces, num_devices = 8, group_size = 16, communication_hint = AUTO, num_packs = 1
INFO:tensorflow:Collective batch_all_reduce: 1 all-reduces, num_devices = 8, group_size = 16, communication_hint = AUTO, num_packs = 1
I0826 21:07:22.950830 140364556375808 cross_device_ops.py:1085] Collective batch_all_reduce: 1 all-reduces, num_devices = 8, group_size = 16, communication_hint = AUTO, num_packs = 1
I0826 21:07:37.621340 140364556375808 optimizer_factory.py:372] Using Piecewise constant decay with warmup. Parameters: batch_size: 2048, epoch_size: 640512, warmup_epochs: 1, boundaries: [30, 60, 80], multipliers: [1.0, 0.1, 0.01, 0.001]
I0826 21:07:37.621682 140364556375808 optimizer_factory.py:273] Building momentum optimizer with params {'name': 'momentum', 'decay': 0.9, 'epsilon': 0.001, 'momentum': 0.875, 'nesterov': None, 'moving_average_decay': None, 'lookahead': None, 'beta_1': None, 'beta_2': None}
I0826 21:07:37.621783 140364556375808 optimizer_factory.py:281] Using momentum optimizer
2020-08-26 21:07:37.856327: I tensorflow/core/profiler/lib/profiler_session.cc:164] Profiler session started.
2020-08-26 21:07:37.856452: I tensorflow/core/profiler/internal/gpu/cupti_tracer.cc:1391] Profiler found 8 GPUs
2020-08-26 21:07:37.857089: W tensorflow/stream_executor/platform/default/dso_loader.cc:59] Could not load dynamic library 'libcupti.so.10.1'; dlerror: libcupti.so.10.1: cannot open shared object file: No such file or directory; LD_LIBRARY_PATH: /home/leinao/gcc-5.5/lib/:/home/leinao/gcc-5.5/lib/::/usr/local/cuda/lib64:/usr/local/nccl_2.7.3-1+cuda10.1_x86_64/lib:/usr/local/openmpi/lib:/usr/local/cuda/lib64:/usr/local/nccl_2.7.3-1+cuda10.1_x86_64/lib:/usr/local/openmpi/lib
2020-08-26 21:07:37.857252: W tensorflow/stream_executor/platform/default/dso_loader.cc:59] Could not load dynamic library 'libcupti.so'; dlerror: libcupti.so: cannot open shared object file: No such file or directory; LD_LIBRARY_PATH: /home/leinao/gcc-5.5/lib/:/home/leinao/gcc-5.5/lib/::/usr/local/cuda/lib64:/usr/local/nccl_2.7.3-1+cuda10.1_x86_64/lib:/usr/local/openmpi/lib:/usr/local/cuda/lib64:/usr/local/nccl_2.7.3-1+cuda10.1_x86_64/lib:/usr/local/openmpi/lib
2020-08-26 21:07:37.857284: E tensorflow/core/profiler/internal/gpu/cupti_tracer.cc:1441] function cupti_interface_->Subscribe( &subscriber_, (CUpti_CallbackFunc)ApiCallback, this)failed with error CUPTI could not be loaded or symbol could not be found.
I0826 21:07:37.858668 140364556375808 classifier_trainer.py:285] Saving experiment configuration to ../output/params.yaml
INFO:tensorflow:Running Distribute Coordinator with mode = 'independent_worker', cluster_spec = {'worker': ['10.11.0.2:11111', '10.11.0.3:11111']}, task_type = 'worker', task_id = 0, environment = None, rpc_layer = 'grpc'
I0826 21:07:37.874133 140364556375808 distribute_coordinator.py:783] Running Distribute Coordinator with mode = 'independent_worker', cluster_spec = {'worker': ['10.11.0.2:11111', '10.11.0.3:11111']}, task_type = 'worker', task_id = 0, environment = None, rpc_layer = 'grpc'
WARNING:tensorflow:`eval_fn` is not passed in. The `worker_fn` will be used if an "evaluator" task exists in the cluster.
W0826 21:07:37.874291 140364556375808 distribute_coordinator.py:832] `eval_fn` is not passed in. The `worker_fn` will be used if an "evaluator" task exists in the cluster.
WARNING:tensorflow:`eval_strategy` is not passed in. No distribution strategy will be used for evaluation.
W0826 21:07:37.874363 140364556375808 distribute_coordinator.py:836] `eval_strategy` is not passed in. No distribution strategy will be used for evaluation.
INFO:tensorflow:Using MirroredStrategy with devices ('/job:worker/task:0/device:GPU:0', '/job:worker/task:0/device:GPU:1', '/job:worker/task:0/device:GPU:2', '/job:worker/task:0/device:GPU:3', '/job:worker/task:0/device:GPU:4', '/job:worker/task:0/device:GPU:5', '/job:worker/task:0/device:GPU:6', '/job:worker/task:0/device:GPU:7')
I0826 21:07:37.879678 140364556375808 mirrored_strategy.py:341] Using MirroredStrategy with devices ('/job:worker/task:0/device:GPU:0', '/job:worker/task:0/device:GPU:1', '/job:worker/task:0/device:GPU:2', '/job:worker/task:0/device:GPU:3', '/job:worker/task:0/device:GPU:4', '/job:worker/task:0/device:GPU:5', '/job:worker/task:0/device:GPU:6', '/job:worker/task:0/device:GPU:7')
INFO:tensorflow:MultiWorkerMirroredStrategy with cluster_spec = {'worker': ['10.11.0.2:11111', '10.11.0.3:11111']}, task_type = 'worker', task_id = 0, num_workers = 2, local_devices = ('/job:worker/task:0/device:GPU:0', '/job:worker/task:0/device:GPU:1', '/job:worker/task:0/device:GPU:2', '/job:worker/task:0/device:GPU:3', '/job:worker/task:0/device:GPU:4', '/job:worker/task:0/device:GPU:5', '/job:worker/task:0/device:GPU:6', '/job:worker/task:0/device:GPU:7'), communication = CollectiveCommunication.NCCL
I0826 21:07:37.880577 140364556375808 collective_all_reduce_strategy.py:380] MultiWorkerMirroredStrategy with cluster_spec = {'worker': ['10.11.0.2:11111', '10.11.0.3:11111']}, task_type = 'worker', task_id = 0, num_workers = 2, local_devices = ('/job:worker/task:0/device:GPU:0', '/job:worker/task:0/device:GPU:1', '/job:worker/task:0/device:GPU:2', '/job:worker/task:0/device:GPU:3', '/job:worker/task:0/device:GPU:4', '/job:worker/task:0/device:GPU:5', '/job:worker/task:0/device:GPU:6', '/job:worker/task:0/device:GPU:7'), communication = CollectiveCommunication.NCCL
INFO:tensorflow:Using MirroredStrategy with devices ('/job:worker/task:0/device:GPU:0', '/job:worker/task:0/device:GPU:1', '/job:worker/task:0/device:GPU:2', '/job:worker/task:0/device:GPU:3', '/job:worker/task:0/device:GPU:4', '/job:worker/task:0/device:GPU:5', '/job:worker/task:0/device:GPU:6', '/job:worker/task:0/device:GPU:7')
I0826 21:07:37.887632 140364556375808 mirrored_strategy.py:341] Using MirroredStrategy with devices ('/job:worker/task:0/device:GPU:0', '/job:worker/task:0/device:GPU:1', '/job:worker/task:0/device:GPU:2', '/job:worker/task:0/device:GPU:3', '/job:worker/task:0/device:GPU:4', '/job:worker/task:0/device:GPU:5', '/job:worker/task:0/device:GPU:6', '/job:worker/task:0/device:GPU:7')
INFO:tensorflow:MultiWorkerMirroredStrategy with cluster_spec = {'worker': ['10.11.0.2:11111', '10.11.0.3:11111']}, task_type = 'worker', task_id = 0, num_workers = 2, local_devices = ('/job:worker/task:0/device:GPU:0', '/job:worker/task:0/device:GPU:1', '/job:worker/task:0/device:GPU:2', '/job:worker/task:0/device:GPU:3', '/job:worker/task:0/device:GPU:4', '/job:worker/task:0/device:GPU:5', '/job:worker/task:0/device:GPU:6', '/job:worker/task:0/device:GPU:7'), communication = CollectiveCommunication.NCCL
I0826 21:07:37.888447 140364556375808 collective_all_reduce_strategy.py:380] MultiWorkerMirroredStrategy with cluster_spec = {'worker': ['10.11.0.2:11111', '10.11.0.3:11111']}, task_type = 'worker', task_id = 0, num_workers = 2, local_devices = ('/job:worker/task:0/device:GPU:0', '/job:worker/task:0/device:GPU:1', '/job:worker/task:0/device:GPU:2', '/job:worker/task:0/device:GPU:3', '/job:worker/task:0/device:GPU:4', '/job:worker/task:0/device:GPU:5', '/job:worker/task:0/device:GPU:6', '/job:worker/task:0/device:GPU:7'), communication = CollectiveCommunication.NCCL
WARNING:tensorflow:From /home/leinao/anaconda3/envs/tensorflow/lib/python3.7/site-packages/tensorflow/python/data/ops/multi_device_iterator_ops.py:601: get_next_as_optional (from tensorflow.python.data.ops.iterator_ops) is deprecated and will be removed in a future version.
Instructions for updating:
Use `tf.data.Iterator.get_next_as_optional()` instead.
W0826 21:07:39.536012 140364556375808 deprecation.py:323] From /home/leinao/anaconda3/envs/tensorflow/lib/python3.7/site-packages/tensorflow/python/data/ops/multi_device_iterator_ops.py:601: get_next_as_optional (from tensorflow.python.data.ops.iterator_ops) is deprecated and will be removed in a future version.
Instructions for updating:
Use `tf.data.Iterator.get_next_as_optional()` instead.
INFO:tensorflow:Collective batch_all_reduce: 161 all-reduces, num_devices = 8, group_size = 16, communication_hint = NCCL, num_packs = 1
I0826 21:07:50.544415 140364556375808 cross_device_ops.py:1079] Collective batch_all_reduce: 161 all-reduces, num_devices = 8, group_size = 16, communication_hint = NCCL, num_packs = 1
INFO:tensorflow:Collective batch_all_reduce: 161 all-reduces, num_devices = 8, group_size = 16, communication_hint = NCCL, num_packs = 1
I0826 21:08:15.565593 140364556375808 cross_device_ops.py:1079] Collective batch_all_reduce: 161 all-reduces, num_devices = 8, group_size = 16, communication_hint = NCCL, num_packs = 1
2020-08-26 21:08:44.104686: I tensorflow/stream_executor/platform/default/dso_loader.cc:48] Successfully opened dynamic library libcublas.so.10
2020-08-26 21:08:48.191700: I tensorflow/stream_executor/platform/default/dso_loader.cc:48] Successfully opened dynamic library libcudnn.so.7
2020-08-26 21:09:06.947206: I tensorflow/core/profiler/lib/profiler_session.cc:164] Profiler session started.
2020-08-26 21:09:06.947330: E tensorflow/core/profiler/internal/gpu/cupti_tracer.cc:1441] function cupti_interface_->Subscribe( &subscriber_, (CUpti_CallbackFunc)ApiCallback, this)failed with error CUPTI could not be loaded or symbol could not be found.
WARNING:tensorflow:From /home/leinao/anaconda3/envs/tensorflow/lib/python3.7/site-packages/tensorflow/python/ops/summary_ops_v2.py:1277: stop (from tensorflow.python.eager.profiler) is deprecated and will be removed after 2020-07-01.
Instructions for updating:
use `tf.profiler.experimental.stop` instead.
W0826 21:09:07.391251 140364556375808 deprecation.py:323] From /home/leinao/anaconda3/envs/tensorflow/lib/python3.7/site-packages/tensorflow/python/ops/summary_ops_v2.py:1277: stop (from tensorflow.python.eager.profiler) is deprecated and will be removed after 2020-07-01.
Instructions for updating:
use `tf.profiler.experimental.stop` instead.
2020-08-26 21:09:07.599587: I tensorflow/core/profiler/internal/gpu/device_tracer.cc:223]  GpuTracer has collected 0 callback api events and 0 activity events. 
2020-08-26 21:09:07.776787: I tensorflow/core/profiler/rpc/client/save_profile.cc:176] Creating directory: ../output/train/plugins/profile/2020_08_26_21_09_07
2020-08-26 21:09:07.887349: I tensorflow/core/profiler/rpc/client/save_profile.cc:182] Dumped gzipped tool data for trace.json.gz to ../output/train/plugins/profile/2020_08_26_21_09_07/VS002.trace.json.gz
2020-08-26 21:09:08.222660: I tensorflow/core/profiler/rpc/client/save_profile.cc:176] Creating directory: ../output/train/plugins/profile/2020_08_26_21_09_07
2020-08-26 21:09:08.273519: I tensorflow/core/profiler/rpc/client/save_profile.cc:182] Dumped gzipped tool data for memory_profile.json.gz to ../output/train/plugins/profile/2020_08_26_21_09_07/VS002.memory_profile.json.gz
2020-08-26 21:09:08.282178: I tensorflow/python/profiler/internal/profiler_wrapper.cc:111] Creating directory: ../output/train/plugins/profile/2020_08_26_21_09_07Dumped tool data for xplane.pb to ../output/train/plugins/profile/2020_08_26_21_09_07/VS002.xplane.pb
Dumped tool data for overview_page.pb to ../output/train/plugins/profile/2020_08_26_21_09_07/VS002.overview_page.pb
Dumped tool data for input_pipeline.pb to ../output/train/plugins/profile/2020_08_26_21_09_07/VS002.input_pipeline.pb
Dumped tool data for tensorflow_stats.pb to ../output/train/plugins/profile/2020_08_26_21_09_07/VS002.tensorflow_stats.pb
Dumped tool data for kernel_stats.pb to ../output/train/plugins/profile/2020_08_26_21_09_07/VS002.kernel_stats.pb

WARNING:tensorflow:Callbacks method `on_train_batch_end` is slow compared to the batch time (batch time: 0.4417s vs `on_train_batch_end` time: 0.9188s). Check your callbacks.
W0826 21:09:08.307917 140364556375808 callbacks.py:328] Callbacks method `on_train_batch_end` is slow compared to the batch time (batch time: 0.4417s vs `on_train_batch_end` time: 0.9188s). Check your callbacks.
I0826 21:09:51.218194 140364556375808 keras_utils.py:133] TimeHistory: 131.73 seconds, 1554.69 examples/second between steps 0 and 100
I0826 21:10:33.016740 140364556375808 keras_utils.py:133] TimeHistory: 41.79 seconds, 4900.45 examples/second between steps 100 and 200
I0826 21:11:14.878874 140364556375808 keras_utils.py:133] TimeHistory: 41.86 seconds, 4892.55 examples/second between steps 200 and 300
I0826 21:11:57.584846 140364556375808 keras_utils.py:133] TimeHistory: 42.70 seconds, 4795.85 examples/second between steps 300 and 400
I0826 21:12:40.320665 140364556375808 keras_utils.py:133] TimeHistory: 42.73 seconds, 4792.52 examples/second between steps 400 and 500
I0826 21:13:23.275583 140364556375808 keras_utils.py:133] TimeHistory: 42.95 seconds, 4768.26 examples/second between steps 500 and 600

Epoch 00001: saving model to ../output/model.ckpt-0001
600/600 - 258s - loss: 6.0470 - accuracy: 0.7822 - top_5_accuracy: 0.8391
INFO:tensorflow:Running Distribute Coordinator with mode = 'independent_worker', cluster_spec = {'worker': ['10.11.0.2:11111', '10.11.0.3:11111']}, task_type = 'worker', task_id = 0, environment = None, rpc_layer = 'grpc'
I0826 21:13:25.229526 140364556375808 distribute_coordinator.py:783] Running Distribute Coordinator with mode = 'independent_worker', cluster_spec = {'worker': ['10.11.0.2:11111', '10.11.0.3:11111']}, task_type = 'worker', task_id = 0, environment = None, rpc_layer = 'grpc'
WARNING:tensorflow:`eval_fn` is not passed in. The `worker_fn` will be used if an "evaluator" task exists in the cluster.
W0826 21:13:25.229935 140364556375808 distribute_coordinator.py:832] `eval_fn` is not passed in. The `worker_fn` will be used if an "evaluator" task exists in the cluster.
WARNING:tensorflow:`eval_strategy` is not passed in. No distribution strategy will be used for evaluation.
W0826 21:13:25.230081 140364556375808 distribute_coordinator.py:836] `eval_strategy` is not passed in. No distribution strategy will be used for evaluation.
INFO:tensorflow:Using MirroredStrategy with devices ('/job:worker/task:0/device:GPU:0', '/job:worker/task:0/device:GPU:1', '/job:worker/task:0/device:GPU:2', '/job:worker/task:0/device:GPU:3', '/job:worker/task:0/device:GPU:4', '/job:worker/task:0/device:GPU:5', '/job:worker/task:0/device:GPU:6', '/job:worker/task:0/device:GPU:7')
I0826 21:13:25.236940 140364556375808 mirrored_strategy.py:341] Using MirroredStrategy with devices ('/job:worker/task:0/device:GPU:0', '/job:worker/task:0/device:GPU:1', '/job:worker/task:0/device:GPU:2', '/job:worker/task:0/device:GPU:3', '/job:worker/task:0/device:GPU:4', '/job:worker/task:0/device:GPU:5', '/job:worker/task:0/device:GPU:6', '/job:worker/task:0/device:GPU:7')
INFO:tensorflow:MultiWorkerMirroredStrategy with cluster_spec = {'worker': ['10.11.0.2:11111', '10.11.0.3:11111']}, task_type = 'worker', task_id = 0, num_workers = 2, local_devices = ('/job:worker/task:0/device:GPU:0', '/job:worker/task:0/device:GPU:1', '/job:worker/task:0/device:GPU:2', '/job:worker/task:0/device:GPU:3', '/job:worker/task:0/device:GPU:4', '/job:worker/task:0/device:GPU:5', '/job:worker/task:0/device:GPU:6', '/job:worker/task:0/device:GPU:7'), communication = CollectiveCommunication.NCCL
I0826 21:13:25.237874 140364556375808 collective_all_reduce_strategy.py:380] MultiWorkerMirroredStrategy with cluster_spec = {'worker': ['10.11.0.2:11111', '10.11.0.3:11111']}, task_type = 'worker', task_id = 0, num_workers = 2, local_devices = ('/job:worker/task:0/device:GPU:0', '/job:worker/task:0/device:GPU:1', '/job:worker/task:0/device:GPU:2', '/job:worker/task:0/device:GPU:3', '/job:worker/task:0/device:GPU:4', '/job:worker/task:0/device:GPU:5', '/job:worker/task:0/device:GPU:6', '/job:worker/task:0/device:GPU:7'), communication = CollectiveCommunication.NCCL
INFO:tensorflow:Using MirroredStrategy with devices ('/job:worker/task:0/device:GPU:0', '/job:worker/task:0/device:GPU:1', '/job:worker/task:0/device:GPU:2', '/job:worker/task:0/device:GPU:3', '/job:worker/task:0/device:GPU:4', '/job:worker/task:0/device:GPU:5', '/job:worker/task:0/device:GPU:6', '/job:worker/task:0/device:GPU:7')
I0826 21:13:25.244005 140364556375808 mirrored_strategy.py:341] Using MirroredStrategy with devices ('/job:worker/task:0/device:GPU:0', '/job:worker/task:0/device:GPU:1', '/job:worker/task:0/device:GPU:2', '/job:worker/task:0/device:GPU:3', '/job:worker/task:0/device:GPU:4', '/job:worker/task:0/device:GPU:5', '/job:worker/task:0/device:GPU:6', '/job:worker/task:0/device:GPU:7')
INFO:tensorflow:MultiWorkerMirroredStrategy with cluster_spec = {'worker': ['10.11.0.2:11111', '10.11.0.3:11111']}, task_type = 'worker', task_id = 0, num_workers = 2, local_devices = ('/job:worker/task:0/device:GPU:0', '/job:worker/task:0/device:GPU:1', '/job:worker/task:0/device:GPU:2', '/job:worker/task:0/device:GPU:3', '/job:worker/task:0/device:GPU:4', '/job:worker/task:0/device:GPU:5', '/job:worker/task:0/device:GPU:6', '/job:worker/task:0/device:GPU:7'), communication = CollectiveCommunication.NCCL
I0826 21:13:25.244794 140364556375808 collective_all_reduce_strategy.py:380] MultiWorkerMirroredStrategy with cluster_spec = {'worker': ['10.11.0.2:11111', '10.11.0.3:11111']}, task_type = 'worker', task_id = 0, num_workers = 2, local_devices = ('/job:worker/task:0/device:GPU:0', '/job:worker/task:0/device:GPU:1', '/job:worker/task:0/device:GPU:2', '/job:worker/task:0/device:GPU:3', '/job:worker/task:0/device:GPU:4', '/job:worker/task:0/device:GPU:5', '/job:worker/task:0/device:GPU:6', '/job:worker/task:0/device:GPU:7'), communication = CollectiveCommunication.NCCL
24/24 - 3s - loss: 6.1575 - accuracy: 0.5029 - top_5_accuracy: 0.5153
I0826 21:13:41.677505 140364556375808 classifier_trainer.py:447] Run stats:
{'accuracy_top_1': 0.5029296875, 'eval_loss': 6.1575164794921875, 'loss': 6.046954154968262, 'training_accuracy_top_1': 0.7822314500808716, 'step_timestamp_log': ['BatchTimestamp<batch_index: 0, timestamp: 1598447259.4875112>', 'BatchTimestamp<batch_index: 100, timestamp: 1598447391.2178097>', 'BatchTimestamp<batch_index: 200, timestamp: 1598447433.0163426>', 'BatchTimestamp<batch_index: 300, timestamp: 1598447474.878611>', 'BatchTimestamp<batch_index: 400, timestamp: 1598447517.5846617>', 'BatchTimestamp<batch_index: 500, timestamp: 1598447560.320349>', 'BatchTimestamp<batch_index: 600, timestamp: 1598447603.275303>'], 'train_finish_time': 1598447605.0528646, 'avg_exp_per_second': 3555.91877479509}
2020-08-26 21:13:45.500007: W tensorflow/core/common_runtime/eager/context.cc:566] Unable to destroy server_ object, so releasing instead. Servers don't support clean shutdown.
