2020-08-26 22:04:15.644965: I tensorflow/stream_executor/platform/default/dso_loader.cc:48] Successfully opened dynamic library libcudart.so.10.1
I0826 22:04:17.052945 140182216304384 classifier_trainer.py:180] Base params: {'evaluation': {'epochs_between_evals': 1, 'skip_eval': False, 'steps': None},
 'export': {'checkpoint': None, 'destination': None},
 'mode': None,
 'model': {'learning_rate': {'boundaries': [30, 60, 80],
                             'decay_epochs': None,
                             'decay_rate': None,
                             'examples_per_epoch': 1281167,
                             'initial_lr': None,
                             'multipliers': [1.0, 0.1, 0.01, 0.001],
                             'name': 'piecewise_constant_with_warmup',
                             'scale_by_batch_size': 0.0,
                             'staircase': None,
                             'warmup_epochs': 5},
           'loss': {'label_smoothing': None,
                    'name': 'sparse_categorical_crossentropy'},
           'model_params': {'batch_size': None,
                            'num_classes': 1000,
                            'rescale_inputs': False,
                            'use_l2_regularizer': True},
           'name': 'ResNet',
           'num_classes': 1000,
           'optimizer': {'beta_1': None,
                         'beta_2': None,
                         'decay': 0.9,
                         'epsilon': 0.001,
                         'lookahead': None,
                         'momentum': 0.9,
                         'moving_average_decay': None,
                         'name': 'momentum',
                         'nesterov': None}},
 'model_dir': None,
 'model_name': None,
 'runtime': {'all_reduce_alg': None,
             'batchnorm_spatial_persistent': False,
             'dataset_num_private_threads': None,
             'distribution_strategy': 'mirrored',
             'enable_xla': False,
             'gpu_thread_mode': None,
             'loss_scale': None,
             'mixed_precision_dtype': None,
             'num_gpus': 0,
             'num_packs': 1,
             'per_gpu_thread_count': 0,
             'run_eagerly': False,
             'task_index': -1,
             'tpu': None,
             'worker_hosts': None},
 'train': {'callbacks': {'enable_checkpoint_and_export': True,
                         'enable_tensorboard': True,
                         'enable_time_history': True},
           'epochs': 90,
           'metrics': ['accuracy', 'top_5'],
           'resume_checkpoint': True,
           'set_epoch_loop': False,
           'steps': None,
           'tensorboard': {'track_lr': True, 'write_model_weights': False},
           'time_history': {'log_steps': 1}},
 'train_dataset': {'augmenter': {'name': None, 'params': None},
                   'batch_size': 128,
                   'builder': 'records',
                   'cache': False,
                   'data_dir': None,
                   'download': False,
                   'dtype': 'float32',
                   'file_shuffle_buffer_size': 1024,
                   'filenames': None,
                   'image_size': 224,
                   'mean_subtract': True,
                   'name': 'imagenet2012',
                   'num_channels': 'infer',
                   'num_classes': 'infer',
                   'num_devices': 1,
                   'num_examples': 'infer',
                   'one_hot': False,
                   'shuffle_buffer_size': 10000,
                   'skip_decoding': True,
                   'split': 'train',
                   'standardize': True,
                   'tf_data_service': None,
                   'use_per_replica_batch_size': True},
 'validation_dataset': {'augmenter': {'name': None, 'params': None},
                        'batch_size': 128,
                        'builder': 'records',
                        'cache': False,
                        'data_dir': None,
                        'download': False,
                        'dtype': 'float32',
                        'file_shuffle_buffer_size': 1024,
                        'filenames': None,
                        'image_size': 224,
                        'mean_subtract': True,
                        'name': 'imagenet2012',
                        'num_channels': 'infer',
                        'num_classes': 'infer',
                        'num_devices': 1,
                        'num_examples': 'infer',
                        'one_hot': False,
                        'shuffle_buffer_size': 10000,
                        'skip_decoding': True,
                        'split': 'validation',
                        'standardize': True,
                        'tf_data_service': None,
                        'use_per_replica_batch_size': True}}
I0826 22:04:17.053225 140182216304384 classifier_trainer.py:183] Overriding params: configs/examples/resnet/imagenet/multi_node_gpu.yaml
/home/leinao/tensorflow/models-2.3.0/official/modeling/hyperparams/params_dict.py:431: YAMLLoadWarning: calling yaml.load() without Loader=... is deprecated, as the default Loader is unsafe. Please read https://msg.pyyaml.org/load for full details.
  params_dict = yaml.load(dict_or_string_or_yaml_file)
/home/leinao/tensorflow/models-2.3.0/official/modeling/hyperparams/params_dict.py:436: YAMLLoadWarning: calling yaml.load() without Loader=... is deprecated, as the default Loader is unsafe. Please read https://msg.pyyaml.org/load for full details.
  params.override(yaml.load(f), is_strict)
I0826 22:04:17.059890 140182216304384 classifier_trainer.py:183] Overriding params: runtime.num_gpus=8
I0826 22:04:17.060468 140182216304384 classifier_trainer.py:183] Overriding params: {'model_dir': '../output', 'mode': 'train_and_eval', 'model': {'name': 'resnet'}, 'runtime': {'run_eagerly': None, 'tpu': None}, 'train_dataset': {'data_dir': '/datasets/ImageNet/tfrecord'}, 'validation_dataset': {'data_dir': '/datasets/ImageNet/tfrecord'}, 'train': {'time_history': {'log_steps': 100}}}
I0826 22:04:17.062040 140182216304384 classifier_trainer.py:189] Final model parameters: {'evaluation': {'epochs_between_evals': 10, 'skip_eval': False, 'steps': None},
 'export': {'checkpoint': None, 'destination': None},
 'mode': 'train_and_eval',
 'model': {'learning_rate': {'boundaries': [30, 60, 80],
                             'decay_epochs': None,
                             'decay_rate': None,
                             'examples_per_epoch': 640512,
                             'initial_lr': 1.024,
                             'multipliers': [1.0, 0.1, 0.01, 0.001],
                             'name': 'piecewise_constant_with_warmup',
                             'scale_by_batch_size': 0.0,
                             'staircase': None,
                             'warmup_epochs': 1},
           'loss': {'label_smoothing': 0.1,
                    'name': 'sparse_categorical_crossentropy'},
           'model_params': {'batch_size': None,
                            'num_classes': 1000,
                            'rescale_inputs': False,
                            'use_l2_regularizer': True},
           'name': 'resnet',
           'num_classes': 1000,
           'optimizer': {'beta_1': None,
                         'beta_2': None,
                         'decay': 0.9,
                         'epsilon': 0.001,
                         'lookahead': None,
                         'momentum': 0.875,
                         'moving_average_decay': None,
                         'name': 'momentum',
                         'nesterov': None}},
 'model_dir': '../output',
 'model_name': None,
 'runtime': {'all_reduce_alg': 'nccl',
             'batchnorm_spatial_persistent': False,
             'dataset_num_private_threads': None,
             'distribution_strategy': 'multi_worker_mirrored',
             'enable_xla': False,
             'gpu_thread_mode': None,
             'loss_scale': None,
             'mixed_precision_dtype': None,
             'num_gpus': 8,
             'num_packs': 1,
             'per_gpu_thread_count': 0,
             'run_eagerly': None,
             'task_index': 0,
             'tpu': None,
             'worker_hosts': '10.11.0.2:11111,10.11.0.3:11111,10.11.0.4:11111,10.11.0.5:11111'},
 'train': {'callbacks': {'enable_checkpoint_and_export': True,
                         'enable_tensorboard': True,
                         'enable_time_history': True},
           'epochs': 1,
           'metrics': ['accuracy', 'top_5'],
           'resume_checkpoint': False,
           'set_epoch_loop': False,
           'steps': 600,
           'tensorboard': {'track_lr': True, 'write_model_weights': False},
           'time_history': {'log_steps': 100}},
 'train_dataset': {'augmenter': {'name': None, 'params': None},
                   'batch_size': 128,
                   'builder': 'records',
                   'cache': False,
                   'data_dir': '/datasets/ImageNet/tfrecord',
                   'download': False,
                   'dtype': 'float32',
                   'file_shuffle_buffer_size': 1024,
                   'filenames': None,
                   'image_size': 224,
                   'mean_subtract': True,
                   'name': 'imagenet2012',
                   'num_channels': 'infer',
                   'num_classes': 1000,
                   'num_devices': 1,
                   'num_examples': 640512,
                   'one_hot': False,
                   'shuffle_buffer_size': 10000,
                   'skip_decoding': True,
                   'split': 'train',
                   'standardize': True,
                   'tf_data_service': None,
                   'use_per_replica_batch_size': True},
 'validation_dataset': {'augmenter': {'name': None, 'params': None},
                        'batch_size': 128,
                        'builder': 'records',
                        'cache': False,
                        'data_dir': '/datasets/ImageNet/tfrecord',
                        'download': False,
                        'dtype': 'float32',
                        'file_shuffle_buffer_size': 1024,
                        'filenames': None,
                        'image_size': 224,
                        'mean_subtract': True,
                        'name': 'imagenet2012',
                        'num_channels': 'infer',
                        'num_classes': 1000,
                        'num_devices': 1,
                        'num_examples': 50000,
                        'one_hot': False,
                        'shuffle_buffer_size': 10000,
                        'skip_decoding': True,
                        'split': 'validation',
                        'standardize': True,
                        'tf_data_service': None,
                        'use_per_replica_batch_size': True}}
I0826 22:04:17.062120 140182216304384 classifier_trainer.py:294] Running train and eval.
2020-08-26 22:04:17.063701: I tensorflow/stream_executor/platform/default/dso_loader.cc:48] Successfully opened dynamic library libcuda.so.1
2020-08-26 22:04:18.671767: I tensorflow/core/common_runtime/gpu/gpu_device.cc:1716] Found device 0 with properties: 
pciBusID: 0000:1a:00.0 name: Tesla V100-SXM2-16GB computeCapability: 7.0
coreClock: 1.53GHz coreCount: 80 deviceMemorySize: 15.78GiB deviceMemoryBandwidth: 836.37GiB/s
2020-08-26 22:04:18.676499: I tensorflow/core/common_runtime/gpu/gpu_device.cc:1716] Found device 1 with properties: 
pciBusID: 0000:1b:00.0 name: Tesla V100-SXM2-16GB computeCapability: 7.0
coreClock: 1.53GHz coreCount: 80 deviceMemorySize: 15.78GiB deviceMemoryBandwidth: 836.37GiB/s
2020-08-26 22:04:18.681152: I tensorflow/core/common_runtime/gpu/gpu_device.cc:1716] Found device 2 with properties: 
pciBusID: 0000:3d:00.0 name: Tesla V100-SXM2-16GB computeCapability: 7.0
coreClock: 1.53GHz coreCount: 80 deviceMemorySize: 15.78GiB deviceMemoryBandwidth: 836.37GiB/s
2020-08-26 22:04:18.685911: I tensorflow/core/common_runtime/gpu/gpu_device.cc:1716] Found device 3 with properties: 
pciBusID: 0000:3e:00.0 name: Tesla V100-SXM2-16GB computeCapability: 7.0
coreClock: 1.53GHz coreCount: 80 deviceMemorySize: 15.78GiB deviceMemoryBandwidth: 836.37GiB/s
2020-08-26 22:04:18.691021: I tensorflow/core/common_runtime/gpu/gpu_device.cc:1716] Found device 4 with properties: 
pciBusID: 0000:88:00.0 name: Tesla V100-SXM2-16GB computeCapability: 7.0
coreClock: 1.53GHz coreCount: 80 deviceMemorySize: 15.78GiB deviceMemoryBandwidth: 836.37GiB/s
2020-08-26 22:04:18.696980: I tensorflow/core/common_runtime/gpu/gpu_device.cc:1716] Found device 5 with properties: 
pciBusID: 0000:89:00.0 name: Tesla V100-SXM2-16GB computeCapability: 7.0
coreClock: 1.53GHz coreCount: 80 deviceMemorySize: 15.78GiB deviceMemoryBandwidth: 836.37GiB/s
2020-08-26 22:04:18.699466: I tensorflow/core/common_runtime/gpu/gpu_device.cc:1716] Found device 6 with properties: 
pciBusID: 0000:b2:00.0 name: Tesla V100-SXM2-16GB computeCapability: 7.0
coreClock: 1.53GHz coreCount: 80 deviceMemorySize: 15.78GiB deviceMemoryBandwidth: 836.37GiB/s
2020-08-26 22:04:18.703580: I tensorflow/core/common_runtime/gpu/gpu_device.cc:1716] Found device 7 with properties: 
pciBusID: 0000:b3:00.0 name: Tesla V100-SXM2-16GB computeCapability: 7.0
coreClock: 1.53GHz coreCount: 80 deviceMemorySize: 15.78GiB deviceMemoryBandwidth: 836.37GiB/s
2020-08-26 22:04:18.703623: I tensorflow/stream_executor/platform/default/dso_loader.cc:48] Successfully opened dynamic library libcudart.so.10.1
2020-08-26 22:04:18.706429: I tensorflow/stream_executor/platform/default/dso_loader.cc:48] Successfully opened dynamic library libcublas.so.10
2020-08-26 22:04:18.709311: I tensorflow/stream_executor/platform/default/dso_loader.cc:48] Successfully opened dynamic library libcufft.so.10
2020-08-26 22:04:18.709767: I tensorflow/stream_executor/platform/default/dso_loader.cc:48] Successfully opened dynamic library libcurand.so.10
2020-08-26 22:04:18.712864: I tensorflow/stream_executor/platform/default/dso_loader.cc:48] Successfully opened dynamic library libcusolver.so.10
2020-08-26 22:04:18.714355: I tensorflow/stream_executor/platform/default/dso_loader.cc:48] Successfully opened dynamic library libcusparse.so.10
2020-08-26 22:04:18.720381: I tensorflow/stream_executor/platform/default/dso_loader.cc:48] Successfully opened dynamic library libcudnn.so.7
2020-08-26 22:04:18.745208: I tensorflow/core/common_runtime/gpu/gpu_device.cc:1858] Adding visible gpu devices: 0, 1, 2, 3, 4, 5, 6, 7
2020-08-26 22:04:18.747374: I tensorflow/core/platform/cpu_feature_guard.cc:142] This TensorFlow binary is optimized with oneAPI Deep Neural Network Library (oneDNN)to use the following CPU instructions in performance-critical operations:  AVX2 AVX512F FMA
To enable them in other operations, rebuild TensorFlow with the appropriate compiler flags.
2020-08-26 22:04:18.776216: I tensorflow/core/platform/profile_utils/cpu_utils.cc:104] CPU Frequency: 2300115000 Hz
2020-08-26 22:04:18.787253: I tensorflow/compiler/xla/service/service.cc:168] XLA service 0x565382b9ba40 initialized for platform Host (this does not guarantee that XLA will be used). Devices:
2020-08-26 22:04:18.787305: I tensorflow/compiler/xla/service/service.cc:176]   StreamExecutor device (0): Host, Default Version
2020-08-26 22:04:20.999489: I tensorflow/compiler/xla/service/service.cc:168] XLA service 0x5653823ba6c0 initialized for platform CUDA (this does not guarantee that XLA will be used). Devices:
2020-08-26 22:04:20.999542: I tensorflow/compiler/xla/service/service.cc:176]   StreamExecutor device (0): Tesla V100-SXM2-16GB, Compute Capability 7.0
2020-08-26 22:04:20.999552: I tensorflow/compiler/xla/service/service.cc:176]   StreamExecutor device (1): Tesla V100-SXM2-16GB, Compute Capability 7.0
2020-08-26 22:04:20.999561: I tensorflow/compiler/xla/service/service.cc:176]   StreamExecutor device (2): Tesla V100-SXM2-16GB, Compute Capability 7.0
2020-08-26 22:04:20.999569: I tensorflow/compiler/xla/service/service.cc:176]   StreamExecutor device (3): Tesla V100-SXM2-16GB, Compute Capability 7.0
2020-08-26 22:04:20.999577: I tensorflow/compiler/xla/service/service.cc:176]   StreamExecutor device (4): Tesla V100-SXM2-16GB, Compute Capability 7.0
2020-08-26 22:04:20.999585: I tensorflow/compiler/xla/service/service.cc:176]   StreamExecutor device (5): Tesla V100-SXM2-16GB, Compute Capability 7.0
2020-08-26 22:04:20.999593: I tensorflow/compiler/xla/service/service.cc:176]   StreamExecutor device (6): Tesla V100-SXM2-16GB, Compute Capability 7.0
2020-08-26 22:04:20.999601: I tensorflow/compiler/xla/service/service.cc:176]   StreamExecutor device (7): Tesla V100-SXM2-16GB, Compute Capability 7.0
2020-08-26 22:04:21.015495: I tensorflow/core/common_runtime/gpu/gpu_device.cc:1716] Found device 0 with properties: 
pciBusID: 0000:1a:00.0 name: Tesla V100-SXM2-16GB computeCapability: 7.0
coreClock: 1.53GHz coreCount: 80 deviceMemorySize: 15.78GiB deviceMemoryBandwidth: 836.37GiB/s
2020-08-26 22:04:21.019115: I tensorflow/core/common_runtime/gpu/gpu_device.cc:1716] Found device 1 with properties: 
pciBusID: 0000:1b:00.0 name: Tesla V100-SXM2-16GB computeCapability: 7.0
coreClock: 1.53GHz coreCount: 80 deviceMemorySize: 15.78GiB deviceMemoryBandwidth: 836.37GiB/s
2020-08-26 22:04:21.021701: I tensorflow/core/common_runtime/gpu/gpu_device.cc:1716] Found device 2 with properties: 
pciBusID: 0000:3d:00.0 name: Tesla V100-SXM2-16GB computeCapability: 7.0
coreClock: 1.53GHz coreCount: 80 deviceMemorySize: 15.78GiB deviceMemoryBandwidth: 836.37GiB/s
2020-08-26 22:04:21.025002: I tensorflow/core/common_runtime/gpu/gpu_device.cc:1716] Found device 3 with properties: 
pciBusID: 0000:3e:00.0 name: Tesla V100-SXM2-16GB computeCapability: 7.0
coreClock: 1.53GHz coreCount: 80 deviceMemorySize: 15.78GiB deviceMemoryBandwidth: 836.37GiB/s
2020-08-26 22:04:21.028951: I tensorflow/core/common_runtime/gpu/gpu_device.cc:1716] Found device 4 with properties: 
pciBusID: 0000:88:00.0 name: Tesla V100-SXM2-16GB computeCapability: 7.0
coreClock: 1.53GHz coreCount: 80 deviceMemorySize: 15.78GiB deviceMemoryBandwidth: 836.37GiB/s
2020-08-26 22:04:21.031499: I tensorflow/core/common_runtime/gpu/gpu_device.cc:1716] Found device 5 with properties: 
pciBusID: 0000:89:00.0 name: Tesla V100-SXM2-16GB computeCapability: 7.0
coreClock: 1.53GHz coreCount: 80 deviceMemorySize: 15.78GiB deviceMemoryBandwidth: 836.37GiB/s
2020-08-26 22:04:21.033114: I tensorflow/core/common_runtime/gpu/gpu_device.cc:1716] Found device 6 with properties: 
pciBusID: 0000:b2:00.0 name: Tesla V100-SXM2-16GB computeCapability: 7.0
coreClock: 1.53GHz coreCount: 80 deviceMemorySize: 15.78GiB deviceMemoryBandwidth: 836.37GiB/s
2020-08-26 22:04:21.034716: I tensorflow/core/common_runtime/gpu/gpu_device.cc:1716] Found device 7 with properties: 
pciBusID: 0000:b3:00.0 name: Tesla V100-SXM2-16GB computeCapability: 7.0
coreClock: 1.53GHz coreCount: 80 deviceMemorySize: 15.78GiB deviceMemoryBandwidth: 836.37GiB/s
2020-08-26 22:04:21.034759: I tensorflow/stream_executor/platform/default/dso_loader.cc:48] Successfully opened dynamic library libcudart.so.10.1
2020-08-26 22:04:21.034799: I tensorflow/stream_executor/platform/default/dso_loader.cc:48] Successfully opened dynamic library libcublas.so.10
2020-08-26 22:04:21.034813: I tensorflow/stream_executor/platform/default/dso_loader.cc:48] Successfully opened dynamic library libcufft.so.10
2020-08-26 22:04:21.034827: I tensorflow/stream_executor/platform/default/dso_loader.cc:48] Successfully opened dynamic library libcurand.so.10
2020-08-26 22:04:21.034839: I tensorflow/stream_executor/platform/default/dso_loader.cc:48] Successfully opened dynamic library libcusolver.so.10
2020-08-26 22:04:21.034851: I tensorflow/stream_executor/platform/default/dso_loader.cc:48] Successfully opened dynamic library libcusparse.so.10
2020-08-26 22:04:21.034866: I tensorflow/stream_executor/platform/default/dso_loader.cc:48] Successfully opened dynamic library libcudnn.so.7
2020-08-26 22:04:21.073516: I tensorflow/core/common_runtime/gpu/gpu_device.cc:1858] Adding visible gpu devices: 0, 1, 2, 3, 4, 5, 6, 7
2020-08-26 22:04:21.073642: I tensorflow/stream_executor/platform/default/dso_loader.cc:48] Successfully opened dynamic library libcudart.so.10.1
2020-08-26 22:04:26.183404: I tensorflow/core/common_runtime/gpu/gpu_device.cc:1257] Device interconnect StreamExecutor with strength 1 edge matrix:
2020-08-26 22:04:26.183449: I tensorflow/core/common_runtime/gpu/gpu_device.cc:1263]      0 1 2 3 4 5 6 7 
2020-08-26 22:04:26.183458: I tensorflow/core/common_runtime/gpu/gpu_device.cc:1276] 0:   N Y Y Y Y Y Y Y 
2020-08-26 22:04:26.183463: I tensorflow/core/common_runtime/gpu/gpu_device.cc:1276] 1:   Y N Y Y Y Y Y Y 
2020-08-26 22:04:26.183467: I tensorflow/core/common_runtime/gpu/gpu_device.cc:1276] 2:   Y Y N Y Y Y Y Y 
2020-08-26 22:04:26.183472: I tensorflow/core/common_runtime/gpu/gpu_device.cc:1276] 3:   Y Y Y N Y Y Y Y 
2020-08-26 22:04:26.183476: I tensorflow/core/common_runtime/gpu/gpu_device.cc:1276] 4:   Y Y Y Y N Y Y Y 
2020-08-26 22:04:26.183481: I tensorflow/core/common_runtime/gpu/gpu_device.cc:1276] 5:   Y Y Y Y Y N Y Y 
2020-08-26 22:04:26.183485: I tensorflow/core/common_runtime/gpu/gpu_device.cc:1276] 6:   Y Y Y Y Y Y N Y 
2020-08-26 22:04:26.183490: I tensorflow/core/common_runtime/gpu/gpu_device.cc:1276] 7:   Y Y Y Y Y Y Y N 
2020-08-26 22:04:26.196940: I tensorflow/core/common_runtime/gpu/gpu_device.cc:1402] Created TensorFlow device (/job:localhost/replica:0/task:0/device:GPU:0 with 14753 MB memory) -> physical GPU (device: 0, name: Tesla V100-SXM2-16GB, pci bus id: 0000:1a:00.0, compute capability: 7.0)
2020-08-26 22:04:26.201614: I tensorflow/core/common_runtime/gpu/gpu_device.cc:1402] Created TensorFlow device (/job:localhost/replica:0/task:0/device:GPU:1 with 14753 MB memory) -> physical GPU (device: 1, name: Tesla V100-SXM2-16GB, pci bus id: 0000:1b:00.0, compute capability: 7.0)
2020-08-26 22:04:26.205341: I tensorflow/core/common_runtime/gpu/gpu_device.cc:1402] Created TensorFlow device (/job:localhost/replica:0/task:0/device:GPU:2 with 14753 MB memory) -> physical GPU (device: 2, name: Tesla V100-SXM2-16GB, pci bus id: 0000:3d:00.0, compute capability: 7.0)
2020-08-26 22:04:26.209456: I tensorflow/core/common_runtime/gpu/gpu_device.cc:1402] Created TensorFlow device (/job:localhost/replica:0/task:0/device:GPU:3 with 14753 MB memory) -> physical GPU (device: 3, name: Tesla V100-SXM2-16GB, pci bus id: 0000:3e:00.0, compute capability: 7.0)
2020-08-26 22:04:26.212808: I tensorflow/core/common_runtime/gpu/gpu_device.cc:1402] Created TensorFlow device (/job:localhost/replica:0/task:0/device:GPU:4 with 14753 MB memory) -> physical GPU (device: 4, name: Tesla V100-SXM2-16GB, pci bus id: 0000:88:00.0, compute capability: 7.0)
2020-08-26 22:04:26.216617: I tensorflow/core/common_runtime/gpu/gpu_device.cc:1402] Created TensorFlow device (/job:localhost/replica:0/task:0/device:GPU:5 with 14753 MB memory) -> physical GPU (device: 5, name: Tesla V100-SXM2-16GB, pci bus id: 0000:89:00.0, compute capability: 7.0)
2020-08-26 22:04:26.221265: I tensorflow/core/common_runtime/gpu/gpu_device.cc:1402] Created TensorFlow device (/job:localhost/replica:0/task:0/device:GPU:6 with 14753 MB memory) -> physical GPU (device: 6, name: Tesla V100-SXM2-16GB, pci bus id: 0000:b2:00.0, compute capability: 7.0)
2020-08-26 22:04:26.224990: I tensorflow/core/common_runtime/gpu/gpu_device.cc:1402] Created TensorFlow device (/job:localhost/replica:0/task:0/device:GPU:7 with 14753 MB memory) -> physical GPU (device: 7, name: Tesla V100-SXM2-16GB, pci bus id: 0000:b3:00.0, compute capability: 7.0)
2020-08-26 22:04:26.237409: I tensorflow/core/common_runtime/gpu/gpu_device.cc:1716] Found device 0 with properties: 
pciBusID: 0000:1a:00.0 name: Tesla V100-SXM2-16GB computeCapability: 7.0
coreClock: 1.53GHz coreCount: 80 deviceMemorySize: 15.78GiB deviceMemoryBandwidth: 836.37GiB/s
2020-08-26 22:04:26.239447: I tensorflow/core/common_runtime/gpu/gpu_device.cc:1716] Found device 1 with properties: 
pciBusID: 0000:1b:00.0 name: Tesla V100-SXM2-16GB computeCapability: 7.0
coreClock: 1.53GHz coreCount: 80 deviceMemorySize: 15.78GiB deviceMemoryBandwidth: 836.37GiB/s
2020-08-26 22:04:26.241317: I tensorflow/core/common_runtime/gpu/gpu_device.cc:1716] Found device 2 with properties: 
pciBusID: 0000:3d:00.0 name: Tesla V100-SXM2-16GB computeCapability: 7.0
coreClock: 1.53GHz coreCount: 80 deviceMemorySize: 15.78GiB deviceMemoryBandwidth: 836.37GiB/s
2020-08-26 22:04:26.244334: I tensorflow/core/common_runtime/gpu/gpu_device.cc:1716] Found device 3 with properties: 
pciBusID: 0000:3e:00.0 name: Tesla V100-SXM2-16GB computeCapability: 7.0
coreClock: 1.53GHz coreCount: 80 deviceMemorySize: 15.78GiB deviceMemoryBandwidth: 836.37GiB/s
2020-08-26 22:04:26.246929: I tensorflow/core/common_runtime/gpu/gpu_device.cc:1716] Found device 4 with properties: 
pciBusID: 0000:88:00.0 name: Tesla V100-SXM2-16GB computeCapability: 7.0
coreClock: 1.53GHz coreCount: 80 deviceMemorySize: 15.78GiB deviceMemoryBandwidth: 836.37GiB/s
2020-08-26 22:04:26.248449: I tensorflow/core/common_runtime/gpu/gpu_device.cc:1716] Found device 5 with properties: 
pciBusID: 0000:89:00.0 name: Tesla V100-SXM2-16GB computeCapability: 7.0
coreClock: 1.53GHz coreCount: 80 deviceMemorySize: 15.78GiB deviceMemoryBandwidth: 836.37GiB/s
2020-08-26 22:04:26.249964: I tensorflow/core/common_runtime/gpu/gpu_device.cc:1716] Found device 6 with properties: 
pciBusID: 0000:b2:00.0 name: Tesla V100-SXM2-16GB computeCapability: 7.0
coreClock: 1.53GHz coreCount: 80 deviceMemorySize: 15.78GiB deviceMemoryBandwidth: 836.37GiB/s
2020-08-26 22:04:26.251506: I tensorflow/core/common_runtime/gpu/gpu_device.cc:1716] Found device 7 with properties: 
pciBusID: 0000:b3:00.0 name: Tesla V100-SXM2-16GB computeCapability: 7.0
coreClock: 1.53GHz coreCount: 80 deviceMemorySize: 15.78GiB deviceMemoryBandwidth: 836.37GiB/s
2020-08-26 22:04:26.251563: I tensorflow/stream_executor/platform/default/dso_loader.cc:48] Successfully opened dynamic library libcudart.so.10.1
2020-08-26 22:04:26.251644: I tensorflow/stream_executor/platform/default/dso_loader.cc:48] Successfully opened dynamic library libcublas.so.10
2020-08-26 22:04:26.251670: I tensorflow/stream_executor/platform/default/dso_loader.cc:48] Successfully opened dynamic library libcufft.so.10
2020-08-26 22:04:26.251691: I tensorflow/stream_executor/platform/default/dso_loader.cc:48] Successfully opened dynamic library libcurand.so.10
2020-08-26 22:04:26.251707: I tensorflow/stream_executor/platform/default/dso_loader.cc:48] Successfully opened dynamic library libcusolver.so.10
2020-08-26 22:04:26.251725: I tensorflow/stream_executor/platform/default/dso_loader.cc:48] Successfully opened dynamic library libcusparse.so.10
2020-08-26 22:04:26.251740: I tensorflow/stream_executor/platform/default/dso_loader.cc:48] Successfully opened dynamic library libcudnn.so.7
2020-08-26 22:04:26.295226: I tensorflow/core/common_runtime/gpu/gpu_device.cc:1858] Adding visible gpu devices: 0, 1, 2, 3, 4, 5, 6, 7
2020-08-26 22:04:26.299374: I tensorflow/core/common_runtime/gpu/gpu_device.cc:1257] Device interconnect StreamExecutor with strength 1 edge matrix:
2020-08-26 22:04:26.299393: I tensorflow/core/common_runtime/gpu/gpu_device.cc:1263]      0 1 2 3 4 5 6 7 
2020-08-26 22:04:26.299402: I tensorflow/core/common_runtime/gpu/gpu_device.cc:1276] 0:   N Y Y Y Y Y Y Y 
2020-08-26 22:04:26.299410: I tensorflow/core/common_runtime/gpu/gpu_device.cc:1276] 1:   Y N Y Y Y Y Y Y 
2020-08-26 22:04:26.299418: I tensorflow/core/common_runtime/gpu/gpu_device.cc:1276] 2:   Y Y N Y Y Y Y Y 
2020-08-26 22:04:26.299425: I tensorflow/core/common_runtime/gpu/gpu_device.cc:1276] 3:   Y Y Y N Y Y Y Y 
2020-08-26 22:04:26.299433: I tensorflow/core/common_runtime/gpu/gpu_device.cc:1276] 4:   Y Y Y Y N Y Y Y 
2020-08-26 22:04:26.299440: I tensorflow/core/common_runtime/gpu/gpu_device.cc:1276] 5:   Y Y Y Y Y N Y Y 
2020-08-26 22:04:26.299448: I tensorflow/core/common_runtime/gpu/gpu_device.cc:1276] 6:   Y Y Y Y Y Y N Y 
2020-08-26 22:04:26.299455: I tensorflow/core/common_runtime/gpu/gpu_device.cc:1276] 7:   Y Y Y Y Y Y Y N 
2020-08-26 22:04:26.334746: I tensorflow/core/common_runtime/gpu/gpu_device.cc:1402] Created TensorFlow device (/job:worker/replica:0/task:0/device:GPU:0 with 14753 MB memory) -> physical GPU (device: 0, name: Tesla V100-SXM2-16GB, pci bus id: 0000:1a:00.0, compute capability: 7.0)
2020-08-26 22:04:26.336734: I tensorflow/core/common_runtime/gpu/gpu_device.cc:1402] Created TensorFlow device (/job:worker/replica:0/task:0/device:GPU:1 with 14753 MB memory) -> physical GPU (device: 1, name: Tesla V100-SXM2-16GB, pci bus id: 0000:1b:00.0, compute capability: 7.0)
2020-08-26 22:04:26.338552: I tensorflow/core/common_runtime/gpu/gpu_device.cc:1402] Created TensorFlow device (/job:worker/replica:0/task:0/device:GPU:2 with 14753 MB memory) -> physical GPU (device: 2, name: Tesla V100-SXM2-16GB, pci bus id: 0000:3d:00.0, compute capability: 7.0)
2020-08-26 22:04:26.340370: I tensorflow/core/common_runtime/gpu/gpu_device.cc:1402] Created TensorFlow device (/job:worker/replica:0/task:0/device:GPU:3 with 14753 MB memory) -> physical GPU (device: 3, name: Tesla V100-SXM2-16GB, pci bus id: 0000:3e:00.0, compute capability: 7.0)
2020-08-26 22:04:26.342178: I tensorflow/core/common_runtime/gpu/gpu_device.cc:1402] Created TensorFlow device (/job:worker/replica:0/task:0/device:GPU:4 with 14753 MB memory) -> physical GPU (device: 4, name: Tesla V100-SXM2-16GB, pci bus id: 0000:88:00.0, compute capability: 7.0)
2020-08-26 22:04:26.343820: I tensorflow/core/common_runtime/gpu/gpu_device.cc:1402] Created TensorFlow device (/job:worker/replica:0/task:0/device:GPU:5 with 14753 MB memory) -> physical GPU (device: 5, name: Tesla V100-SXM2-16GB, pci bus id: 0000:89:00.0, compute capability: 7.0)
2020-08-26 22:04:26.345357: I tensorflow/core/common_runtime/gpu/gpu_device.cc:1402] Created TensorFlow device (/job:worker/replica:0/task:0/device:GPU:6 with 14753 MB memory) -> physical GPU (device: 6, name: Tesla V100-SXM2-16GB, pci bus id: 0000:b2:00.0, compute capability: 7.0)
2020-08-26 22:04:26.346887: I tensorflow/core/common_runtime/gpu/gpu_device.cc:1402] Created TensorFlow device (/job:worker/replica:0/task:0/device:GPU:7 with 14753 MB memory) -> physical GPU (device: 7, name: Tesla V100-SXM2-16GB, pci bus id: 0000:b3:00.0, compute capability: 7.0)
2020-08-26 22:04:26.373987: I tensorflow/core/distributed_runtime/rpc/grpc_channel.cc:301] Initialize GrpcChannelCache for job worker -> {0 -> 10.11.0.2:11111, 1 -> 10.11.0.3:11111, 2 -> 10.11.0.4:11111, 3 -> 10.11.0.5:11111}
2020-08-26 22:04:26.383832: I tensorflow/core/distributed_runtime/rpc/grpc_server_lib.cc:405] Started server with target: grpc://10.11.0.2:11111
INFO:tensorflow:Enabled multi-worker collective ops with available devices: ['/job:worker/replica:0/task:0/device:CPU:0', '/job:worker/replica:0/task:0/device:XLA_CPU:0', '/job:worker/replica:0/task:0/device:XLA_GPU:0', '/job:worker/replica:0/task:0/device:XLA_GPU:1', '/job:worker/replica:0/task:0/device:XLA_GPU:2', '/job:worker/replica:0/task:0/device:XLA_GPU:3', '/job:worker/replica:0/task:0/device:XLA_GPU:4', '/job:worker/replica:0/task:0/device:XLA_GPU:5', '/job:worker/replica:0/task:0/device:XLA_GPU:6', '/job:worker/replica:0/task:0/device:XLA_GPU:7', '/job:worker/replica:0/task:0/device:GPU:0', '/job:worker/replica:0/task:0/device:GPU:1', '/job:worker/replica:0/task:0/device:GPU:2', '/job:worker/replica:0/task:0/device:GPU:3', '/job:worker/replica:0/task:0/device:GPU:4', '/job:worker/replica:0/task:0/device:GPU:5', '/job:worker/replica:0/task:0/device:GPU:6', '/job:worker/replica:0/task:0/device:GPU:7']
I0826 22:04:26.402235 140182216304384 collective_all_reduce_strategy.py:329] Enabled multi-worker collective ops with available devices: ['/job:worker/replica:0/task:0/device:CPU:0', '/job:worker/replica:0/task:0/device:XLA_CPU:0', '/job:worker/replica:0/task:0/device:XLA_GPU:0', '/job:worker/replica:0/task:0/device:XLA_GPU:1', '/job:worker/replica:0/task:0/device:XLA_GPU:2', '/job:worker/replica:0/task:0/device:XLA_GPU:3', '/job:worker/replica:0/task:0/device:XLA_GPU:4', '/job:worker/replica:0/task:0/device:XLA_GPU:5', '/job:worker/replica:0/task:0/device:XLA_GPU:6', '/job:worker/replica:0/task:0/device:XLA_GPU:7', '/job:worker/replica:0/task:0/device:GPU:0', '/job:worker/replica:0/task:0/device:GPU:1', '/job:worker/replica:0/task:0/device:GPU:2', '/job:worker/replica:0/task:0/device:GPU:3', '/job:worker/replica:0/task:0/device:GPU:4', '/job:worker/replica:0/task:0/device:GPU:5', '/job:worker/replica:0/task:0/device:GPU:6', '/job:worker/replica:0/task:0/device:GPU:7']
INFO:tensorflow:Using MirroredStrategy with devices ('/job:worker/task:0/device:GPU:0', '/job:worker/task:0/device:GPU:1', '/job:worker/task:0/device:GPU:2', '/job:worker/task:0/device:GPU:3', '/job:worker/task:0/device:GPU:4', '/job:worker/task:0/device:GPU:5', '/job:worker/task:0/device:GPU:6', '/job:worker/task:0/device:GPU:7')
I0826 22:04:26.427671 140182216304384 mirrored_strategy.py:341] Using MirroredStrategy with devices ('/job:worker/task:0/device:GPU:0', '/job:worker/task:0/device:GPU:1', '/job:worker/task:0/device:GPU:2', '/job:worker/task:0/device:GPU:3', '/job:worker/task:0/device:GPU:4', '/job:worker/task:0/device:GPU:5', '/job:worker/task:0/device:GPU:6', '/job:worker/task:0/device:GPU:7')
INFO:tensorflow:MultiWorkerMirroredStrategy with cluster_spec = {'worker': ['10.11.0.2:11111', '10.11.0.3:11111', '10.11.0.4:11111', '10.11.0.5:11111']}, task_type = 'worker', task_id = 0, num_workers = 4, local_devices = ('/job:worker/task:0/device:GPU:0', '/job:worker/task:0/device:GPU:1', '/job:worker/task:0/device:GPU:2', '/job:worker/task:0/device:GPU:3', '/job:worker/task:0/device:GPU:4', '/job:worker/task:0/device:GPU:5', '/job:worker/task:0/device:GPU:6', '/job:worker/task:0/device:GPU:7'), communication = CollectiveCommunication.NCCL
I0826 22:04:26.435869 140182216304384 collective_all_reduce_strategy.py:380] MultiWorkerMirroredStrategy with cluster_spec = {'worker': ['10.11.0.2:11111', '10.11.0.3:11111', '10.11.0.4:11111', '10.11.0.5:11111']}, task_type = 'worker', task_id = 0, num_workers = 4, local_devices = ('/job:worker/task:0/device:GPU:0', '/job:worker/task:0/device:GPU:1', '/job:worker/task:0/device:GPU:2', '/job:worker/task:0/device:GPU:3', '/job:worker/task:0/device:GPU:4', '/job:worker/task:0/device:GPU:5', '/job:worker/task:0/device:GPU:6', '/job:worker/task:0/device:GPU:7'), communication = CollectiveCommunication.NCCL
I0826 22:04:26.462120 140182216304384 classifier_trainer.py:310] Detected 32 devices.
W0826 22:04:26.463735 140182216304384 classifier_trainer.py:101] label_smoothing > 0, so datasets will be one hot encoded.
I0826 22:04:26.468165 140182216304384 dataset_factory.py:173] Using augmentation: None
I0826 22:04:26.469594 140182216304384 dataset_factory.py:173] Using augmentation: None
I0826 22:04:26.472443 140182216304384 dataset_factory.py:358] Using TFRecords to load data.
I0826 22:04:26.494556 140182216304384 dataset_factory.py:403] Sharding the dataset: input_pipeline_id=4 num_input_pipelines=0
WARNING:tensorflow:From /home/leinao/anaconda3/envs/tensorflow/lib/python3.7/site-packages/tensorflow/python/util/dispatch.py:201: sample_distorted_bounding_box (from tensorflow.python.ops.image_ops_impl) is deprecated and will be removed in a future version.
Instructions for updating:
`seed2` arg is deprecated.Use sample_distorted_bounding_box_v2 instead.
W0826 22:04:27.033227 140182216304384 deprecation.py:323] From /home/leinao/anaconda3/envs/tensorflow/lib/python3.7/site-packages/tensorflow/python/util/dispatch.py:201: sample_distorted_bounding_box (from tensorflow.python.ops.image_ops_impl) is deprecated and will be removed in a future version.
Instructions for updating:
`seed2` arg is deprecated.Use sample_distorted_bounding_box_v2 instead.
I0826 22:04:27.242520 140182216304384 dataset_factory.py:358] Using TFRecords to load data.
I0826 22:04:27.247752 140182216304384 dataset_factory.py:403] Sharding the dataset: input_pipeline_id=4 num_input_pipelines=0
I0826 22:04:28.412659 140182216304384 dataset_info.py:430] Load pre-computed DatasetInfo (eg: splits, num examples,...) from GCS: imagenet2012/5.0.0
I0826 22:04:30.969762 140182216304384 dataset_info.py:361] Load dataset info from /tmp/tmp37kdpek3tfds
I0826 22:04:30.979417 140182216304384 dataset_info.py:401] Field info.description from disk and from code do not match. Keeping the one from code.
I0826 22:04:30.979550 140182216304384 dataset_info.py:401] Field info.citation from disk and from code do not match. Keeping the one from code.
I0826 22:04:31.223606 140182216304384 classifier_trainer.py:329] Global batch size: 4096
INFO:tensorflow:Collective batch_all_reduce: 1 all-reduces, num_devices = 8, group_size = 32, communication_hint = AUTO, num_packs = 1
I0826 22:05:06.604222 140182216304384 cross_device_ops.py:1085] Collective batch_all_reduce: 1 all-reduces, num_devices = 8, group_size = 32, communication_hint = AUTO, num_packs = 1
INFO:tensorflow:Collective batch_all_reduce: 1 all-reduces, num_devices = 8, group_size = 32, communication_hint = AUTO, num_packs = 1
I0826 22:05:06.630002 140182216304384 cross_device_ops.py:1085] Collective batch_all_reduce: 1 all-reduces, num_devices = 8, group_size = 32, communication_hint = AUTO, num_packs = 1
INFO:tensorflow:Collective batch_all_reduce: 1 all-reduces, num_devices = 8, group_size = 32, communication_hint = AUTO, num_packs = 1
I0826 22:05:06.656075 140182216304384 cross_device_ops.py:1085] Collective batch_all_reduce: 1 all-reduces, num_devices = 8, group_size = 32, communication_hint = AUTO, num_packs = 1
INFO:tensorflow:Collective batch_all_reduce: 1 all-reduces, num_devices = 8, group_size = 32, communication_hint = AUTO, num_packs = 1
I0826 22:05:06.680170 140182216304384 cross_device_ops.py:1085] Collective batch_all_reduce: 1 all-reduces, num_devices = 8, group_size = 32, communication_hint = AUTO, num_packs = 1
INFO:tensorflow:Collective batch_all_reduce: 1 all-reduces, num_devices = 8, group_size = 32, communication_hint = AUTO, num_packs = 1
I0826 22:05:06.724124 140182216304384 cross_device_ops.py:1085] Collective batch_all_reduce: 1 all-reduces, num_devices = 8, group_size = 32, communication_hint = AUTO, num_packs = 1
INFO:tensorflow:Collective batch_all_reduce: 1 all-reduces, num_devices = 8, group_size = 32, communication_hint = AUTO, num_packs = 1
I0826 22:05:06.748150 140182216304384 cross_device_ops.py:1085] Collective batch_all_reduce: 1 all-reduces, num_devices = 8, group_size = 32, communication_hint = AUTO, num_packs = 1
INFO:tensorflow:Collective batch_all_reduce: 1 all-reduces, num_devices = 8, group_size = 32, communication_hint = AUTO, num_packs = 1
I0826 22:05:06.904522 140182216304384 cross_device_ops.py:1085] Collective batch_all_reduce: 1 all-reduces, num_devices = 8, group_size = 32, communication_hint = AUTO, num_packs = 1
INFO:tensorflow:Collective batch_all_reduce: 1 all-reduces, num_devices = 8, group_size = 32, communication_hint = AUTO, num_packs = 1
I0826 22:05:06.927538 140182216304384 cross_device_ops.py:1085] Collective batch_all_reduce: 1 all-reduces, num_devices = 8, group_size = 32, communication_hint = AUTO, num_packs = 1
INFO:tensorflow:Collective batch_all_reduce: 1 all-reduces, num_devices = 8, group_size = 32, communication_hint = AUTO, num_packs = 1
I0826 22:05:06.951336 140182216304384 cross_device_ops.py:1085] Collective batch_all_reduce: 1 all-reduces, num_devices = 8, group_size = 32, communication_hint = AUTO, num_packs = 1
INFO:tensorflow:Collective batch_all_reduce: 1 all-reduces, num_devices = 8, group_size = 32, communication_hint = AUTO, num_packs = 1
I0826 22:05:06.973591 140182216304384 cross_device_ops.py:1085] Collective batch_all_reduce: 1 all-reduces, num_devices = 8, group_size = 32, communication_hint = AUTO, num_packs = 1
I0826 22:05:23.520744 140182216304384 optimizer_factory.py:372] Using Piecewise constant decay with warmup. Parameters: batch_size: 4096, epoch_size: 640512, warmup_epochs: 1, boundaries: [30, 60, 80], multipliers: [1.0, 0.1, 0.01, 0.001]
I0826 22:05:23.521298 140182216304384 optimizer_factory.py:273] Building momentum optimizer with params {'name': 'momentum', 'decay': 0.9, 'epsilon': 0.001, 'momentum': 0.875, 'nesterov': None, 'moving_average_decay': None, 'lookahead': None, 'beta_1': None, 'beta_2': None}
I0826 22:05:23.521380 140182216304384 optimizer_factory.py:281] Using momentum optimizer
2020-08-26 22:05:23.768723: I tensorflow/core/profiler/lib/profiler_session.cc:164] Profiler session started.
2020-08-26 22:05:23.768824: I tensorflow/core/profiler/internal/gpu/cupti_tracer.cc:1391] Profiler found 8 GPUs
2020-08-26 22:05:23.769586: W tensorflow/stream_executor/platform/default/dso_loader.cc:59] Could not load dynamic library 'libcupti.so.10.1'; dlerror: libcupti.so.10.1: cannot open shared object file: No such file or directory; LD_LIBRARY_PATH: /home/leinao/gcc-5.5/lib/:/home/leinao/gcc-5.5/lib/::/usr/local/cuda/lib64:/usr/local/nccl_2.7.3-1+cuda10.1_x86_64/lib:/usr/local/openmpi/lib:/usr/local/cuda/lib64:/usr/local/nccl_2.7.3-1+cuda10.1_x86_64/lib:/usr/local/openmpi/lib
2020-08-26 22:05:23.769673: W tensorflow/stream_executor/platform/default/dso_loader.cc:59] Could not load dynamic library 'libcupti.so'; dlerror: libcupti.so: cannot open shared object file: No such file or directory; LD_LIBRARY_PATH: /home/leinao/gcc-5.5/lib/:/home/leinao/gcc-5.5/lib/::/usr/local/cuda/lib64:/usr/local/nccl_2.7.3-1+cuda10.1_x86_64/lib:/usr/local/openmpi/lib:/usr/local/cuda/lib64:/usr/local/nccl_2.7.3-1+cuda10.1_x86_64/lib:/usr/local/openmpi/lib
2020-08-26 22:05:23.769692: E tensorflow/core/profiler/internal/gpu/cupti_tracer.cc:1441] function cupti_interface_->Subscribe( &subscriber_, (CUpti_CallbackFunc)ApiCallback, this)failed with error CUPTI could not be loaded or symbol could not be found.
I0826 22:05:23.770903 140182216304384 classifier_trainer.py:285] Saving experiment configuration to ../output/params.yaml
INFO:tensorflow:Running Distribute Coordinator with mode = 'independent_worker', cluster_spec = {'worker': ['10.11.0.2:11111', '10.11.0.3:11111', '10.11.0.4:11111', '10.11.0.5:11111']}, task_type = 'worker', task_id = 0, environment = None, rpc_layer = 'grpc'
I0826 22:05:23.783100 140182216304384 distribute_coordinator.py:783] Running Distribute Coordinator with mode = 'independent_worker', cluster_spec = {'worker': ['10.11.0.2:11111', '10.11.0.3:11111', '10.11.0.4:11111', '10.11.0.5:11111']}, task_type = 'worker', task_id = 0, environment = None, rpc_layer = 'grpc'
WARNING:tensorflow:`eval_fn` is not passed in. The `worker_fn` will be used if an "evaluator" task exists in the cluster.
W0826 22:05:23.783272 140182216304384 distribute_coordinator.py:832] `eval_fn` is not passed in. The `worker_fn` will be used if an "evaluator" task exists in the cluster.
WARNING:tensorflow:`eval_strategy` is not passed in. No distribution strategy will be used for evaluation.
W0826 22:05:23.783329 140182216304384 distribute_coordinator.py:836] `eval_strategy` is not passed in. No distribution strategy will be used for evaluation.
INFO:tensorflow:Using MirroredStrategy with devices ('/job:worker/task:0/device:GPU:0', '/job:worker/task:0/device:GPU:1', '/job:worker/task:0/device:GPU:2', '/job:worker/task:0/device:GPU:3', '/job:worker/task:0/device:GPU:4', '/job:worker/task:0/device:GPU:5', '/job:worker/task:0/device:GPU:6', '/job:worker/task:0/device:GPU:7')
I0826 22:05:23.789987 140182216304384 mirrored_strategy.py:341] Using MirroredStrategy with devices ('/job:worker/task:0/device:GPU:0', '/job:worker/task:0/device:GPU:1', '/job:worker/task:0/device:GPU:2', '/job:worker/task:0/device:GPU:3', '/job:worker/task:0/device:GPU:4', '/job:worker/task:0/device:GPU:5', '/job:worker/task:0/device:GPU:6', '/job:worker/task:0/device:GPU:7')
INFO:tensorflow:MultiWorkerMirroredStrategy with cluster_spec = {'worker': ['10.11.0.2:11111', '10.11.0.3:11111', '10.11.0.4:11111', '10.11.0.5:11111']}, task_type = 'worker', task_id = 0, num_workers = 4, local_devices = ('/job:worker/task:0/device:GPU:0', '/job:worker/task:0/device:GPU:1', '/job:worker/task:0/device:GPU:2', '/job:worker/task:0/device:GPU:3', '/job:worker/task:0/device:GPU:4', '/job:worker/task:0/device:GPU:5', '/job:worker/task:0/device:GPU:6', '/job:worker/task:0/device:GPU:7'), communication = CollectiveCommunication.NCCL
I0826 22:05:23.790888 140182216304384 collective_all_reduce_strategy.py:380] MultiWorkerMirroredStrategy with cluster_spec = {'worker': ['10.11.0.2:11111', '10.11.0.3:11111', '10.11.0.4:11111', '10.11.0.5:11111']}, task_type = 'worker', task_id = 0, num_workers = 4, local_devices = ('/job:worker/task:0/device:GPU:0', '/job:worker/task:0/device:GPU:1', '/job:worker/task:0/device:GPU:2', '/job:worker/task:0/device:GPU:3', '/job:worker/task:0/device:GPU:4', '/job:worker/task:0/device:GPU:5', '/job:worker/task:0/device:GPU:6', '/job:worker/task:0/device:GPU:7'), communication = CollectiveCommunication.NCCL
INFO:tensorflow:Using MirroredStrategy with devices ('/job:worker/task:0/device:GPU:0', '/job:worker/task:0/device:GPU:1', '/job:worker/task:0/device:GPU:2', '/job:worker/task:0/device:GPU:3', '/job:worker/task:0/device:GPU:4', '/job:worker/task:0/device:GPU:5', '/job:worker/task:0/device:GPU:6', '/job:worker/task:0/device:GPU:7')
I0826 22:05:23.799198 140182216304384 mirrored_strategy.py:341] Using MirroredStrategy with devices ('/job:worker/task:0/device:GPU:0', '/job:worker/task:0/device:GPU:1', '/job:worker/task:0/device:GPU:2', '/job:worker/task:0/device:GPU:3', '/job:worker/task:0/device:GPU:4', '/job:worker/task:0/device:GPU:5', '/job:worker/task:0/device:GPU:6', '/job:worker/task:0/device:GPU:7')
INFO:tensorflow:MultiWorkerMirroredStrategy with cluster_spec = {'worker': ['10.11.0.2:11111', '10.11.0.3:11111', '10.11.0.4:11111', '10.11.0.5:11111']}, task_type = 'worker', task_id = 0, num_workers = 4, local_devices = ('/job:worker/task:0/device:GPU:0', '/job:worker/task:0/device:GPU:1', '/job:worker/task:0/device:GPU:2', '/job:worker/task:0/device:GPU:3', '/job:worker/task:0/device:GPU:4', '/job:worker/task:0/device:GPU:5', '/job:worker/task:0/device:GPU:6', '/job:worker/task:0/device:GPU:7'), communication = CollectiveCommunication.NCCL
I0826 22:05:23.799973 140182216304384 collective_all_reduce_strategy.py:380] MultiWorkerMirroredStrategy with cluster_spec = {'worker': ['10.11.0.2:11111', '10.11.0.3:11111', '10.11.0.4:11111', '10.11.0.5:11111']}, task_type = 'worker', task_id = 0, num_workers = 4, local_devices = ('/job:worker/task:0/device:GPU:0', '/job:worker/task:0/device:GPU:1', '/job:worker/task:0/device:GPU:2', '/job:worker/task:0/device:GPU:3', '/job:worker/task:0/device:GPU:4', '/job:worker/task:0/device:GPU:5', '/job:worker/task:0/device:GPU:6', '/job:worker/task:0/device:GPU:7'), communication = CollectiveCommunication.NCCL
WARNING:tensorflow:From /home/leinao/anaconda3/envs/tensorflow/lib/python3.7/site-packages/tensorflow/python/data/ops/multi_device_iterator_ops.py:601: get_next_as_optional (from tensorflow.python.data.ops.iterator_ops) is deprecated and will be removed in a future version.
Instructions for updating:
Use `tf.data.Iterator.get_next_as_optional()` instead.
W0826 22:05:25.454142 140182216304384 deprecation.py:323] From /home/leinao/anaconda3/envs/tensorflow/lib/python3.7/site-packages/tensorflow/python/data/ops/multi_device_iterator_ops.py:601: get_next_as_optional (from tensorflow.python.data.ops.iterator_ops) is deprecated and will be removed in a future version.
Instructions for updating:
Use `tf.data.Iterator.get_next_as_optional()` instead.
INFO:tensorflow:Collective batch_all_reduce: 161 all-reduces, num_devices = 8, group_size = 32, communication_hint = NCCL, num_packs = 1
I0826 22:05:36.571384 140182216304384 cross_device_ops.py:1079] Collective batch_all_reduce: 161 all-reduces, num_devices = 8, group_size = 32, communication_hint = NCCL, num_packs = 1
INFO:tensorflow:Collective batch_all_reduce: 161 all-reduces, num_devices = 8, group_size = 32, communication_hint = NCCL, num_packs = 1
I0826 22:06:03.038817 140182216304384 cross_device_ops.py:1079] Collective batch_all_reduce: 161 all-reduces, num_devices = 8, group_size = 32, communication_hint = NCCL, num_packs = 1
2020-08-26 22:06:31.861771: I tensorflow/stream_executor/platform/default/dso_loader.cc:48] Successfully opened dynamic library libcublas.so.10
2020-08-26 22:06:43.404687: I tensorflow/stream_executor/platform/default/dso_loader.cc:48] Successfully opened dynamic library libcudnn.so.7
2020-08-26 22:07:22.214446: I tensorflow/core/profiler/lib/profiler_session.cc:164] Profiler session started.
2020-08-26 22:07:22.214604: E tensorflow/core/profiler/internal/gpu/cupti_tracer.cc:1441] function cupti_interface_->Subscribe( &subscriber_, (CUpti_CallbackFunc)ApiCallback, this)failed with error CUPTI could not be loaded or symbol could not be found.
WARNING:tensorflow:From /home/leinao/anaconda3/envs/tensorflow/lib/python3.7/site-packages/tensorflow/python/ops/summary_ops_v2.py:1277: stop (from tensorflow.python.eager.profiler) is deprecated and will be removed after 2020-07-01.
Instructions for updating:
use `tf.profiler.experimental.stop` instead.
W0826 22:07:22.649333 140182216304384 deprecation.py:323] From /home/leinao/anaconda3/envs/tensorflow/lib/python3.7/site-packages/tensorflow/python/ops/summary_ops_v2.py:1277: stop (from tensorflow.python.eager.profiler) is deprecated and will be removed after 2020-07-01.
Instructions for updating:
use `tf.profiler.experimental.stop` instead.
2020-08-26 22:07:22.900486: I tensorflow/core/profiler/internal/gpu/device_tracer.cc:223]  GpuTracer has collected 0 callback api events and 0 activity events. 
2020-08-26 22:07:23.189028: I tensorflow/core/profiler/rpc/client/save_profile.cc:176] Creating directory: ../output/train/plugins/profile/2020_08_26_22_07_22
2020-08-26 22:07:23.365304: I tensorflow/core/profiler/rpc/client/save_profile.cc:182] Dumped gzipped tool data for trace.json.gz to ../output/train/plugins/profile/2020_08_26_22_07_22/VS002.trace.json.gz
2020-08-26 22:07:23.690132: I tensorflow/core/profiler/rpc/client/save_profile.cc:176] Creating directory: ../output/train/plugins/profile/2020_08_26_22_07_22
2020-08-26 22:07:23.739918: I tensorflow/core/profiler/rpc/client/save_profile.cc:182] Dumped gzipped tool data for memory_profile.json.gz to ../output/train/plugins/profile/2020_08_26_22_07_22/VS002.memory_profile.json.gz
2020-08-26 22:07:23.749127: I tensorflow/python/profiler/internal/profiler_wrapper.cc:111] Creating directory: ../output/train/plugins/profile/2020_08_26_22_07_22Dumped tool data for xplane.pb to ../output/train/plugins/profile/2020_08_26_22_07_22/VS002.xplane.pb
Dumped tool data for overview_page.pb to ../output/train/plugins/profile/2020_08_26_22_07_22/VS002.overview_page.pb
Dumped tool data for input_pipeline.pb to ../output/train/plugins/profile/2020_08_26_22_07_22/VS002.input_pipeline.pb
Dumped tool data for tensorflow_stats.pb to ../output/train/plugins/profile/2020_08_26_22_07_22/VS002.tensorflow_stats.pb
Dumped tool data for kernel_stats.pb to ../output/train/plugins/profile/2020_08_26_22_07_22/VS002.kernel_stats.pb

WARNING:tensorflow:Callbacks method `on_train_batch_end` is slow compared to the batch time (batch time: 0.4324s vs `on_train_batch_end` time: 1.1408s). Check your callbacks.
W0826 22:07:23.787957 140182216304384 callbacks.py:328] Callbacks method `on_train_batch_end` is slow compared to the batch time (batch time: 0.4324s vs `on_train_batch_end` time: 1.1408s). Check your callbacks.
I0826 22:08:06.037720 140182216304384 keras_utils.py:133] TimeHistory: 160.61 seconds, 2550.21 examples/second between steps 0 and 100
I0826 22:08:51.275446 140182216304384 keras_utils.py:133] TimeHistory: 45.23 seconds, 9055.29 examples/second between steps 100 and 200
I0826 22:09:34.349376 140182216304384 keras_utils.py:133] TimeHistory: 43.07 seconds, 9510.18 examples/second between steps 200 and 300
I0826 22:10:17.470604 140182216304384 keras_utils.py:133] TimeHistory: 43.12 seconds, 9499.47 examples/second between steps 300 and 400
I0826 22:11:00.528508 140182216304384 keras_utils.py:133] TimeHistory: 43.06 seconds, 9513.38 examples/second between steps 400 and 500
I0826 22:11:43.543306 140182216304384 keras_utils.py:133] TimeHistory: 43.01 seconds, 9522.81 examples/second between steps 500 and 600

Epoch 00001: saving model to ../output/model.ckpt-0001
600/600 - 264s - loss: 5.6138 - accuracy: 0.6647 - top_5_accuracy: 0.7265
INFO:tensorflow:Running Distribute Coordinator with mode = 'independent_worker', cluster_spec = {'worker': ['10.11.0.2:11111', '10.11.0.3:11111', '10.11.0.4:11111', '10.11.0.5:11111']}, task_type = 'worker', task_id = 0, environment = None, rpc_layer = 'grpc'
I0826 22:11:46.104383 140182216304384 distribute_coordinator.py:783] Running Distribute Coordinator with mode = 'independent_worker', cluster_spec = {'worker': ['10.11.0.2:11111', '10.11.0.3:11111', '10.11.0.4:11111', '10.11.0.5:11111']}, task_type = 'worker', task_id = 0, environment = None, rpc_layer = 'grpc'
WARNING:tensorflow:`eval_fn` is not passed in. The `worker_fn` will be used if an "evaluator" task exists in the cluster.
W0826 22:11:46.104822 140182216304384 distribute_coordinator.py:832] `eval_fn` is not passed in. The `worker_fn` will be used if an "evaluator" task exists in the cluster.
WARNING:tensorflow:`eval_strategy` is not passed in. No distribution strategy will be used for evaluation.
W0826 22:11:46.104975 140182216304384 distribute_coordinator.py:836] `eval_strategy` is not passed in. No distribution strategy will be used for evaluation.
INFO:tensorflow:Using MirroredStrategy with devices ('/job:worker/task:0/device:GPU:0', '/job:worker/task:0/device:GPU:1', '/job:worker/task:0/device:GPU:2', '/job:worker/task:0/device:GPU:3', '/job:worker/task:0/device:GPU:4', '/job:worker/task:0/device:GPU:5', '/job:worker/task:0/device:GPU:6', '/job:worker/task:0/device:GPU:7')
I0826 22:11:46.112257 140182216304384 mirrored_strategy.py:341] Using MirroredStrategy with devices ('/job:worker/task:0/device:GPU:0', '/job:worker/task:0/device:GPU:1', '/job:worker/task:0/device:GPU:2', '/job:worker/task:0/device:GPU:3', '/job:worker/task:0/device:GPU:4', '/job:worker/task:0/device:GPU:5', '/job:worker/task:0/device:GPU:6', '/job:worker/task:0/device:GPU:7')
INFO:tensorflow:MultiWorkerMirroredStrategy with cluster_spec = {'worker': ['10.11.0.2:11111', '10.11.0.3:11111', '10.11.0.4:11111', '10.11.0.5:11111']}, task_type = 'worker', task_id = 0, num_workers = 4, local_devices = ('/job:worker/task:0/device:GPU:0', '/job:worker/task:0/device:GPU:1', '/job:worker/task:0/device:GPU:2', '/job:worker/task:0/device:GPU:3', '/job:worker/task:0/device:GPU:4', '/job:worker/task:0/device:GPU:5', '/job:worker/task:0/device:GPU:6', '/job:worker/task:0/device:GPU:7'), communication = CollectiveCommunication.NCCL
I0826 22:11:46.113154 140182216304384 collective_all_reduce_strategy.py:380] MultiWorkerMirroredStrategy with cluster_spec = {'worker': ['10.11.0.2:11111', '10.11.0.3:11111', '10.11.0.4:11111', '10.11.0.5:11111']}, task_type = 'worker', task_id = 0, num_workers = 4, local_devices = ('/job:worker/task:0/device:GPU:0', '/job:worker/task:0/device:GPU:1', '/job:worker/task:0/device:GPU:2', '/job:worker/task:0/device:GPU:3', '/job:worker/task:0/device:GPU:4', '/job:worker/task:0/device:GPU:5', '/job:worker/task:0/device:GPU:6', '/job:worker/task:0/device:GPU:7'), communication = CollectiveCommunication.NCCL
INFO:tensorflow:Using MirroredStrategy with devices ('/job:worker/task:0/device:GPU:0', '/job:worker/task:0/device:GPU:1', '/job:worker/task:0/device:GPU:2', '/job:worker/task:0/device:GPU:3', '/job:worker/task:0/device:GPU:4', '/job:worker/task:0/device:GPU:5', '/job:worker/task:0/device:GPU:6', '/job:worker/task:0/device:GPU:7')
I0826 22:11:46.119812 140182216304384 mirrored_strategy.py:341] Using MirroredStrategy with devices ('/job:worker/task:0/device:GPU:0', '/job:worker/task:0/device:GPU:1', '/job:worker/task:0/device:GPU:2', '/job:worker/task:0/device:GPU:3', '/job:worker/task:0/device:GPU:4', '/job:worker/task:0/device:GPU:5', '/job:worker/task:0/device:GPU:6', '/job:worker/task:0/device:GPU:7')
INFO:tensorflow:MultiWorkerMirroredStrategy with cluster_spec = {'worker': ['10.11.0.2:11111', '10.11.0.3:11111', '10.11.0.4:11111', '10.11.0.5:11111']}, task_type = 'worker', task_id = 0, num_workers = 4, local_devices = ('/job:worker/task:0/device:GPU:0', '/job:worker/task:0/device:GPU:1', '/job:worker/task:0/device:GPU:2', '/job:worker/task:0/device:GPU:3', '/job:worker/task:0/device:GPU:4', '/job:worker/task:0/device:GPU:5', '/job:worker/task:0/device:GPU:6', '/job:worker/task:0/device:GPU:7'), communication = CollectiveCommunication.NCCL
I0826 22:11:46.120564 140182216304384 collective_all_reduce_strategy.py:380] MultiWorkerMirroredStrategy with cluster_spec = {'worker': ['10.11.0.2:11111', '10.11.0.3:11111', '10.11.0.4:11111', '10.11.0.5:11111']}, task_type = 'worker', task_id = 0, num_workers = 4, local_devices = ('/job:worker/task:0/device:GPU:0', '/job:worker/task:0/device:GPU:1', '/job:worker/task:0/device:GPU:2', '/job:worker/task:0/device:GPU:3', '/job:worker/task:0/device:GPU:4', '/job:worker/task:0/device:GPU:5', '/job:worker/task:0/device:GPU:6', '/job:worker/task:0/device:GPU:7'), communication = CollectiveCommunication.NCCL
12/12 - 2s - loss: 11.5831 - accuracy: 0.0267 - top_5_accuracy: 0.0843
I0826 22:12:04.264095 140182216304384 classifier_trainer.py:447] Run stats:
{'accuracy_top_1': 0.02669270895421505, 'eval_loss': 11.583122253417969, 'loss': 5.613829135894775, 'training_accuracy_top_1': 0.664746880531311, 'step_timestamp_log': ['BatchTimestamp<batch_index: 0, timestamp: 1598450725.423036>', 'BatchTimestamp<batch_index: 100, timestamp: 1598450886.037428>', 'BatchTimestamp<batch_index: 200, timestamp: 1598450931.275041>', 'BatchTimestamp<batch_index: 300, timestamp: 1598450974.348958>', 'BatchTimestamp<batch_index: 400, timestamp: 1598451017.470402>', 'BatchTimestamp<batch_index: 500, timestamp: 1598451060.5283198>', 'BatchTimestamp<batch_index: 600, timestamp: 1598451103.5431185>'], 'train_finish_time': 1598451105.9306335, 'avg_exp_per_second': 6458.754632998098}
2020-08-26 22:12:08.397446: W tensorflow/core/common_runtime/eager/context.cc:566] Unable to destroy server_ object, so releasing instead. Servers don't support clean shutdown.
