2020-08-26 15:10:08.207215: I tensorflow/stream_executor/platform/default/dso_loader.cc:48] Successfully opened dynamic library libcudart.so.10.1
I0826 15:10:09.627880 140405777909504 classifier_trainer.py:180] Base params: {'evaluation': {'epochs_between_evals': 1, 'skip_eval': False, 'steps': None},
 'export': {'checkpoint': None, 'destination': None},
 'mode': None,
 'model': {'learning_rate': {'boundaries': [30, 60, 80],
                             'decay_epochs': None,
                             'decay_rate': None,
                             'examples_per_epoch': 1281167,
                             'initial_lr': None,
                             'multipliers': [1.0, 0.1, 0.01, 0.001],
                             'name': 'piecewise_constant_with_warmup',
                             'scale_by_batch_size': 0.0,
                             'staircase': None,
                             'warmup_epochs': 5},
           'loss': {'label_smoothing': None,
                    'name': 'sparse_categorical_crossentropy'},
           'model_params': {'batch_size': None,
                            'num_classes': 1000,
                            'rescale_inputs': False,
                            'use_l2_regularizer': True},
           'name': 'ResNet',
           'num_classes': 1000,
           'optimizer': {'beta_1': None,
                         'beta_2': None,
                         'decay': 0.9,
                         'epsilon': 0.001,
                         'lookahead': None,
                         'momentum': 0.9,
                         'moving_average_decay': None,
                         'name': 'momentum',
                         'nesterov': None}},
 'model_dir': None,
 'model_name': None,
 'runtime': {'all_reduce_alg': None,
             'batchnorm_spatial_persistent': False,
             'dataset_num_private_threads': None,
             'distribution_strategy': 'mirrored',
             'enable_xla': False,
             'gpu_thread_mode': None,
             'loss_scale': None,
             'mixed_precision_dtype': None,
             'num_gpus': 0,
             'num_packs': 1,
             'per_gpu_thread_count': 0,
             'run_eagerly': False,
             'task_index': -1,
             'tpu': None,
             'worker_hosts': None},
 'train': {'callbacks': {'enable_checkpoint_and_export': True,
                         'enable_tensorboard': True,
                         'enable_time_history': True},
           'epochs': 90,
           'metrics': ['accuracy', 'top_5'],
           'resume_checkpoint': True,
           'set_epoch_loop': False,
           'steps': None,
           'tensorboard': {'track_lr': True, 'write_model_weights': False},
           'time_history': {'log_steps': 1}},
 'train_dataset': {'augmenter': {'name': None, 'params': None},
                   'batch_size': 128,
                   'builder': 'records',
                   'cache': False,
                   'data_dir': None,
                   'download': False,
                   'dtype': 'float32',
                   'file_shuffle_buffer_size': 1024,
                   'filenames': None,
                   'image_size': 224,
                   'mean_subtract': True,
                   'name': 'imagenet2012',
                   'num_channels': 'infer',
                   'num_classes': 'infer',
                   'num_devices': 1,
                   'num_examples': 'infer',
                   'one_hot': False,
                   'shuffle_buffer_size': 10000,
                   'skip_decoding': True,
                   'split': 'train',
                   'standardize': True,
                   'tf_data_service': None,
                   'use_per_replica_batch_size': True},
 'validation_dataset': {'augmenter': {'name': None, 'params': None},
                        'batch_size': 128,
                        'builder': 'records',
                        'cache': False,
                        'data_dir': None,
                        'download': False,
                        'dtype': 'float32',
                        'file_shuffle_buffer_size': 1024,
                        'filenames': None,
                        'image_size': 224,
                        'mean_subtract': True,
                        'name': 'imagenet2012',
                        'num_channels': 'infer',
                        'num_classes': 'infer',
                        'num_devices': 1,
                        'num_examples': 'infer',
                        'one_hot': False,
                        'shuffle_buffer_size': 10000,
                        'skip_decoding': True,
                        'split': 'validation',
                        'standardize': True,
                        'tf_data_service': None,
                        'use_per_replica_batch_size': True}}
I0826 15:10:09.628112 140405777909504 classifier_trainer.py:183] Overriding params: configs/examples/resnet/imagenet/gpu.yaml
/home/leinao/tensorflow/models-2.3.0/official/modeling/hyperparams/params_dict.py:431: YAMLLoadWarning: calling yaml.load() without Loader=... is deprecated, as the default Loader is unsafe. Please read https://msg.pyyaml.org/load for full details.
  params_dict = yaml.load(dict_or_string_or_yaml_file)
/home/leinao/tensorflow/models-2.3.0/official/modeling/hyperparams/params_dict.py:436: YAMLLoadWarning: calling yaml.load() without Loader=... is deprecated, as the default Loader is unsafe. Please read https://msg.pyyaml.org/load for full details.
  params.override(yaml.load(f), is_strict)
I0826 15:10:09.634183 140405777909504 classifier_trainer.py:183] Overriding params: runtime.num_gpus=1
I0826 15:10:09.634768 140405777909504 classifier_trainer.py:183] Overriding params: {'model_dir': '../output', 'mode': 'train_and_eval', 'model': {'name': 'resnet'}, 'runtime': {'run_eagerly': None, 'tpu': None}, 'train_dataset': {'data_dir': '/datasets/ImageNet/tfrecord'}, 'validation_dataset': {'data_dir': '/datasets/ImageNet/tfrecord'}, 'train': {'time_history': {'log_steps': 100}}}
I0826 15:10:09.636244 140405777909504 classifier_trainer.py:189] Final model parameters: {'evaluation': {'epochs_between_evals': 10, 'skip_eval': False, 'steps': None},
 'export': {'checkpoint': None, 'destination': None},
 'mode': 'train_and_eval',
 'model': {'learning_rate': {'boundaries': [30, 60, 80],
                             'decay_epochs': None,
                             'decay_rate': None,
                             'examples_per_epoch': 640512,
                             'initial_lr': 0.256,
                             'multipliers': [1.0, 0.1, 0.01, 0.001],
                             'name': 'piecewise_constant_with_warmup',
                             'scale_by_batch_size': 0.0,
                             'staircase': None,
                             'warmup_epochs': 0},
           'loss': {'label_smoothing': 0.1,
                    'name': 'sparse_categorical_crossentropy'},
           'model_params': {'batch_size': None,
                            'num_classes': 1000,
                            'rescale_inputs': False,
                            'use_l2_regularizer': True},
           'name': 'resnet',
           'num_classes': 1000,
           'optimizer': {'beta_1': None,
                         'beta_2': None,
                         'decay': 0.9,
                         'epsilon': 0.001,
                         'lookahead': None,
                         'momentum': 0.875,
                         'moving_average_decay': None,
                         'name': 'momentum',
                         'nesterov': None}},
 'model_dir': '../output',
 'model_name': None,
 'runtime': {'all_reduce_alg': None,
             'batchnorm_spatial_persistent': True,
             'dataset_num_private_threads': None,
             'distribution_strategy': 'mirrored',
             'enable_xla': False,
             'gpu_thread_mode': None,
             'loss_scale': None,
             'mixed_precision_dtype': None,
             'num_gpus': 1,
             'num_packs': 1,
             'per_gpu_thread_count': 0,
             'run_eagerly': None,
             'task_index': -1,
             'tpu': None,
             'worker_hosts': None},
 'train': {'callbacks': {'enable_checkpoint_and_export': True,
                         'enable_tensorboard': True,
                         'enable_time_history': True},
           'epochs': 1,
           'metrics': ['accuracy', 'top_5'],
           'resume_checkpoint': False,
           'set_epoch_loop': False,
           'steps': 600,
           'tensorboard': {'track_lr': True, 'write_model_weights': False},
           'time_history': {'log_steps': 100}},
 'train_dataset': {'augmenter': {'name': None, 'params': None},
                   'batch_size': 128,
                   'builder': 'records',
                   'cache': False,
                   'data_dir': '/datasets/ImageNet/tfrecord',
                   'download': False,
                   'dtype': 'float32',
                   'file_shuffle_buffer_size': 1024,
                   'filenames': None,
                   'image_size': 224,
                   'mean_subtract': True,
                   'name': 'imagenet2012',
                   'num_channels': 'infer',
                   'num_classes': 1000,
                   'num_devices': 1,
                   'num_examples': 640512,
                   'one_hot': False,
                   'shuffle_buffer_size': 10000,
                   'skip_decoding': True,
                   'split': 'train',
                   'standardize': True,
                   'tf_data_service': None,
                   'use_per_replica_batch_size': True},
 'validation_dataset': {'augmenter': {'name': None, 'params': None},
                        'batch_size': 128,
                        'builder': 'records',
                        'cache': False,
                        'data_dir': '/datasets/ImageNet/tfrecord',
                        'download': False,
                        'dtype': 'float32',
                        'file_shuffle_buffer_size': 1024,
                        'filenames': None,
                        'image_size': 224,
                        'mean_subtract': True,
                        'name': 'imagenet2012',
                        'num_channels': 'infer',
                        'num_classes': 1000,
                        'num_devices': 1,
                        'num_examples': 50000,
                        'one_hot': False,
                        'shuffle_buffer_size': 10000,
                        'skip_decoding': True,
                        'split': 'validation',
                        'standardize': True,
                        'tf_data_service': None,
                        'use_per_replica_batch_size': True}}
I0826 15:10:09.636316 140405777909504 classifier_trainer.py:294] Running train and eval.
2020-08-26 15:10:09.637566: I tensorflow/stream_executor/platform/default/dso_loader.cc:48] Successfully opened dynamic library libcuda.so.1
2020-08-26 15:10:12.072284: I tensorflow/core/common_runtime/gpu/gpu_device.cc:1716] Found device 0 with properties: 
pciBusID: 0000:1a:00.0 name: Tesla V100-SXM2-16GB computeCapability: 7.0
coreClock: 1.53GHz coreCount: 80 deviceMemorySize: 15.78GiB deviceMemoryBandwidth: 836.37GiB/s
2020-08-26 15:10:12.072328: I tensorflow/stream_executor/platform/default/dso_loader.cc:48] Successfully opened dynamic library libcudart.so.10.1
2020-08-26 15:10:12.074771: I tensorflow/stream_executor/platform/default/dso_loader.cc:48] Successfully opened dynamic library libcublas.so.10
2020-08-26 15:10:12.076677: I tensorflow/stream_executor/platform/default/dso_loader.cc:48] Successfully opened dynamic library libcufft.so.10
2020-08-26 15:10:12.076992: I tensorflow/stream_executor/platform/default/dso_loader.cc:48] Successfully opened dynamic library libcurand.so.10
2020-08-26 15:10:12.079105: I tensorflow/stream_executor/platform/default/dso_loader.cc:48] Successfully opened dynamic library libcusolver.so.10
2020-08-26 15:10:12.080212: I tensorflow/stream_executor/platform/default/dso_loader.cc:48] Successfully opened dynamic library libcusparse.so.10
2020-08-26 15:10:12.085103: I tensorflow/stream_executor/platform/default/dso_loader.cc:48] Successfully opened dynamic library libcudnn.so.7
2020-08-26 15:10:12.091347: I tensorflow/core/common_runtime/gpu/gpu_device.cc:1858] Adding visible gpu devices: 0
2020-08-26 15:10:12.091841: I tensorflow/core/platform/cpu_feature_guard.cc:142] This TensorFlow binary is optimized with oneAPI Deep Neural Network Library (oneDNN)to use the following CPU instructions in performance-critical operations:  AVX2 AVX512F FMA
To enable them in other operations, rebuild TensorFlow with the appropriate compiler flags.
2020-08-26 15:10:12.109536: I tensorflow/core/platform/profile_utils/cpu_utils.cc:104] CPU Frequency: 2300115000 Hz
2020-08-26 15:10:12.116331: I tensorflow/compiler/xla/service/service.cc:168] XLA service 0x555c7084f190 initialized for platform Host (this does not guarantee that XLA will be used). Devices:
2020-08-26 15:10:12.116362: I tensorflow/compiler/xla/service/service.cc:176]   StreamExecutor device (0): Host, Default Version
2020-08-26 15:10:18.885967: I tensorflow/compiler/xla/service/service.cc:168] XLA service 0x555c708bb850 initialized for platform CUDA (this does not guarantee that XLA will be used). Devices:
2020-08-26 15:10:18.886027: I tensorflow/compiler/xla/service/service.cc:176]   StreamExecutor device (0): Tesla V100-SXM2-16GB, Compute Capability 7.0
2020-08-26 15:10:20.584068: I tensorflow/core/common_runtime/gpu/gpu_device.cc:1716] Found device 0 with properties: 
pciBusID: 0000:1a:00.0 name: Tesla V100-SXM2-16GB computeCapability: 7.0
coreClock: 1.53GHz coreCount: 80 deviceMemorySize: 15.78GiB deviceMemoryBandwidth: 836.37GiB/s
2020-08-26 15:10:20.584178: I tensorflow/stream_executor/platform/default/dso_loader.cc:48] Successfully opened dynamic library libcudart.so.10.1
2020-08-26 15:10:20.584266: I tensorflow/stream_executor/platform/default/dso_loader.cc:48] Successfully opened dynamic library libcublas.so.10
2020-08-26 15:10:20.584300: I tensorflow/stream_executor/platform/default/dso_loader.cc:48] Successfully opened dynamic library libcufft.so.10
2020-08-26 15:10:20.584333: I tensorflow/stream_executor/platform/default/dso_loader.cc:48] Successfully opened dynamic library libcurand.so.10
2020-08-26 15:10:20.584366: I tensorflow/stream_executor/platform/default/dso_loader.cc:48] Successfully opened dynamic library libcusolver.so.10
2020-08-26 15:10:20.584398: I tensorflow/stream_executor/platform/default/dso_loader.cc:48] Successfully opened dynamic library libcusparse.so.10
2020-08-26 15:10:20.584431: I tensorflow/stream_executor/platform/default/dso_loader.cc:48] Successfully opened dynamic library libcudnn.so.7
2020-08-26 15:10:21.533205: I tensorflow/core/common_runtime/gpu/gpu_device.cc:1858] Adding visible gpu devices: 0
2020-08-26 15:10:21.533336: I tensorflow/stream_executor/platform/default/dso_loader.cc:48] Successfully opened dynamic library libcudart.so.10.1
2020-08-26 15:10:36.574837: I tensorflow/core/common_runtime/gpu/gpu_device.cc:1257] Device interconnect StreamExecutor with strength 1 edge matrix:
2020-08-26 15:10:36.574900: I tensorflow/core/common_runtime/gpu/gpu_device.cc:1263]      0 
2020-08-26 15:10:36.574910: I tensorflow/core/common_runtime/gpu/gpu_device.cc:1276] 0:   N 
2020-08-26 15:10:36.585548: I tensorflow/core/common_runtime/gpu/gpu_device.cc:1402] Created TensorFlow device (/job:localhost/replica:0/task:0/device:GPU:0 with 14755 MB memory) -> physical GPU (device: 0, name: Tesla V100-SXM2-16GB, pci bus id: 0000:1a:00.0, compute capability: 7.0)
INFO:tensorflow:Using MirroredStrategy with devices ('/job:localhost/replica:0/task:0/device:GPU:0',)
I0826 15:10:36.617647 140405777909504 mirrored_strategy.py:341] Using MirroredStrategy with devices ('/job:localhost/replica:0/task:0/device:GPU:0',)
I0826 15:10:36.619961 140405777909504 classifier_trainer.py:310] Detected 1 devices.
W0826 15:10:36.620257 140405777909504 classifier_trainer.py:101] label_smoothing > 0, so datasets will be one hot encoded.
I0826 15:10:36.620665 140405777909504 dataset_factory.py:173] Using augmentation: None
I0826 15:10:36.621058 140405777909504 dataset_factory.py:173] Using augmentation: None
I0826 15:10:36.621304 140405777909504 dataset_factory.py:358] Using TFRecords to load data.
WARNING:tensorflow:From /home/leinao/anaconda3/envs/tensorflow/lib/python3.7/site-packages/tensorflow/python/util/dispatch.py:201: sample_distorted_bounding_box (from tensorflow.python.ops.image_ops_impl) is deprecated and will be removed in a future version.
Instructions for updating:
`seed2` arg is deprecated.Use sample_distorted_bounding_box_v2 instead.
W0826 15:10:37.206152 140405777909504 deprecation.py:323] From /home/leinao/anaconda3/envs/tensorflow/lib/python3.7/site-packages/tensorflow/python/util/dispatch.py:201: sample_distorted_bounding_box (from tensorflow.python.ops.image_ops_impl) is deprecated and will be removed in a future version.
Instructions for updating:
`seed2` arg is deprecated.Use sample_distorted_bounding_box_v2 instead.
I0826 15:10:37.416915 140405777909504 dataset_factory.py:358] Using TFRecords to load data.
I0826 15:10:38.330165 140405777909504 dataset_info.py:430] Load pre-computed DatasetInfo (eg: splits, num examples,...) from GCS: imagenet2012/5.0.0
I0826 15:10:43.290793 140405777909504 dataset_info.py:361] Load dataset info from /tmp/tmpf3fmvtwitfds
I0826 15:10:43.299536 140405777909504 dataset_info.py:401] Field info.description from disk and from code do not match. Keeping the one from code.
I0826 15:10:43.299673 140405777909504 dataset_info.py:401] Field info.citation from disk and from code do not match. Keeping the one from code.
I0826 15:10:43.533212 140405777909504 classifier_trainer.py:329] Global batch size: 128
INFO:tensorflow:Reduce to /job:localhost/replica:0/task:0/device:CPU:0 then broadcast to ('/job:localhost/replica:0/task:0/device:CPU:0',).
I0826 15:10:46.433235 140405777909504 cross_device_ops.py:443] Reduce to /job:localhost/replica:0/task:0/device:CPU:0 then broadcast to ('/job:localhost/replica:0/task:0/device:CPU:0',).
INFO:tensorflow:Reduce to /job:localhost/replica:0/task:0/device:CPU:0 then broadcast to ('/job:localhost/replica:0/task:0/device:CPU:0',).
I0826 15:10:46.436038 140405777909504 cross_device_ops.py:443] Reduce to /job:localhost/replica:0/task:0/device:CPU:0 then broadcast to ('/job:localhost/replica:0/task:0/device:CPU:0',).
INFO:tensorflow:Reduce to /job:localhost/replica:0/task:0/device:CPU:0 then broadcast to ('/job:localhost/replica:0/task:0/device:CPU:0',).
I0826 15:10:46.439847 140405777909504 cross_device_ops.py:443] Reduce to /job:localhost/replica:0/task:0/device:CPU:0 then broadcast to ('/job:localhost/replica:0/task:0/device:CPU:0',).
INFO:tensorflow:Reduce to /job:localhost/replica:0/task:0/device:CPU:0 then broadcast to ('/job:localhost/replica:0/task:0/device:CPU:0',).
I0826 15:10:46.442264 140405777909504 cross_device_ops.py:443] Reduce to /job:localhost/replica:0/task:0/device:CPU:0 then broadcast to ('/job:localhost/replica:0/task:0/device:CPU:0',).
INFO:tensorflow:Reduce to /job:localhost/replica:0/task:0/device:CPU:0 then broadcast to ('/job:localhost/replica:0/task:0/device:CPU:0',).
I0826 15:10:46.452475 140405777909504 cross_device_ops.py:443] Reduce to /job:localhost/replica:0/task:0/device:CPU:0 then broadcast to ('/job:localhost/replica:0/task:0/device:CPU:0',).
INFO:tensorflow:Reduce to /job:localhost/replica:0/task:0/device:CPU:0 then broadcast to ('/job:localhost/replica:0/task:0/device:CPU:0',).
I0826 15:10:46.454943 140405777909504 cross_device_ops.py:443] Reduce to /job:localhost/replica:0/task:0/device:CPU:0 then broadcast to ('/job:localhost/replica:0/task:0/device:CPU:0',).
INFO:tensorflow:Reduce to /job:localhost/replica:0/task:0/device:CPU:0 then broadcast to ('/job:localhost/replica:0/task:0/device:CPU:0',).
I0826 15:10:46.479767 140405777909504 cross_device_ops.py:443] Reduce to /job:localhost/replica:0/task:0/device:CPU:0 then broadcast to ('/job:localhost/replica:0/task:0/device:CPU:0',).
INFO:tensorflow:Reduce to /job:localhost/replica:0/task:0/device:CPU:0 then broadcast to ('/job:localhost/replica:0/task:0/device:CPU:0',).
I0826 15:10:46.482219 140405777909504 cross_device_ops.py:443] Reduce to /job:localhost/replica:0/task:0/device:CPU:0 then broadcast to ('/job:localhost/replica:0/task:0/device:CPU:0',).
INFO:tensorflow:Reduce to /job:localhost/replica:0/task:0/device:CPU:0 then broadcast to ('/job:localhost/replica:0/task:0/device:CPU:0',).
I0826 15:10:46.485586 140405777909504 cross_device_ops.py:443] Reduce to /job:localhost/replica:0/task:0/device:CPU:0 then broadcast to ('/job:localhost/replica:0/task:0/device:CPU:0',).
INFO:tensorflow:Reduce to /job:localhost/replica:0/task:0/device:CPU:0 then broadcast to ('/job:localhost/replica:0/task:0/device:CPU:0',).
I0826 15:10:46.488029 140405777909504 cross_device_ops.py:443] Reduce to /job:localhost/replica:0/task:0/device:CPU:0 then broadcast to ('/job:localhost/replica:0/task:0/device:CPU:0',).
I0826 15:10:48.834235 140405777909504 optimizer_factory.py:372] Using Piecewise constant decay with warmup. Parameters: batch_size: 128, epoch_size: 640512, warmup_epochs: 0, boundaries: [30, 60, 80], multipliers: [1.0, 0.1, 0.01, 0.001]
I0826 15:10:48.834497 140405777909504 optimizer_factory.py:273] Building momentum optimizer with params {'name': 'momentum', 'decay': 0.9, 'epsilon': 0.001, 'momentum': 0.875, 'nesterov': None, 'moving_average_decay': None, 'lookahead': None, 'beta_1': None, 'beta_2': None}
I0826 15:10:48.834572 140405777909504 optimizer_factory.py:281] Using momentum optimizer
2020-08-26 15:10:48.872511: I tensorflow/core/profiler/lib/profiler_session.cc:164] Profiler session started.
2020-08-26 15:10:48.872577: I tensorflow/core/profiler/internal/gpu/cupti_tracer.cc:1391] Profiler found 1 GPUs
2020-08-26 15:10:48.872949: W tensorflow/stream_executor/platform/default/dso_loader.cc:59] Could not load dynamic library 'libcupti.so.10.1'; dlerror: libcupti.so.10.1: cannot open shared object file: No such file or directory; LD_LIBRARY_PATH: /home/leinao/gcc-5.5/lib/:/home/leinao/gcc-5.5/lib/::/usr/local/cuda/lib64:/usr/local/nccl_2.7.3-1+cuda10.1_x86_64/lib:/usr/local/openmpi/lib:/usr/local/cuda/lib64:/usr/local/nccl_2.7.3-1+cuda10.1_x86_64/lib:/usr/local/openmpi/lib
2020-08-26 15:10:48.873025: W tensorflow/stream_executor/platform/default/dso_loader.cc:59] Could not load dynamic library 'libcupti.so'; dlerror: libcupti.so: cannot open shared object file: No such file or directory; LD_LIBRARY_PATH: /home/leinao/gcc-5.5/lib/:/home/leinao/gcc-5.5/lib/::/usr/local/cuda/lib64:/usr/local/nccl_2.7.3-1+cuda10.1_x86_64/lib:/usr/local/openmpi/lib:/usr/local/cuda/lib64:/usr/local/nccl_2.7.3-1+cuda10.1_x86_64/lib:/usr/local/openmpi/lib
2020-08-26 15:10:48.873038: E tensorflow/core/profiler/internal/gpu/cupti_tracer.cc:1441] function cupti_interface_->Subscribe( &subscriber_, (CUpti_CallbackFunc)ApiCallback, this)failed with error CUPTI could not be loaded or symbol could not be found.
I0826 15:10:48.873677 140405777909504 classifier_trainer.py:285] Saving experiment configuration to ../output/params.yaml
2020-08-26 15:11:05.068694: I tensorflow/stream_executor/platform/default/dso_loader.cc:48] Successfully opened dynamic library libcublas.so.10
2020-08-26 15:11:20.831735: I tensorflow/stream_executor/platform/default/dso_loader.cc:48] Successfully opened dynamic library libcudnn.so.7
2020-08-26 15:12:09.180787: I tensorflow/core/profiler/lib/profiler_session.cc:164] Profiler session started.
2020-08-26 15:12:09.181024: E tensorflow/core/profiler/internal/gpu/cupti_tracer.cc:1441] function cupti_interface_->Subscribe( &subscriber_, (CUpti_CallbackFunc)ApiCallback, this)failed with error CUPTI could not be loaded or symbol could not be found.
WARNING:tensorflow:From /home/leinao/anaconda3/envs/tensorflow/lib/python3.7/site-packages/tensorflow/python/ops/summary_ops_v2.py:1277: stop (from tensorflow.python.eager.profiler) is deprecated and will be removed after 2020-07-01.
Instructions for updating:
use `tf.profiler.experimental.stop` instead.
W0826 15:12:09.581914 140405777909504 deprecation.py:323] From /home/leinao/anaconda3/envs/tensorflow/lib/python3.7/site-packages/tensorflow/python/ops/summary_ops_v2.py:1277: stop (from tensorflow.python.eager.profiler) is deprecated and will be removed after 2020-07-01.
Instructions for updating:
use `tf.profiler.experimental.stop` instead.
2020-08-26 15:12:09.613771: I tensorflow/core/profiler/internal/gpu/device_tracer.cc:223]  GpuTracer has collected 0 callback api events and 0 activity events. 
2020-08-26 15:12:11.213107: I tensorflow/core/profiler/rpc/client/save_profile.cc:176] Creating directory: ../output/train/plugins/profile/2020_08_26_15_12_11
2020-08-26 15:12:11.228003: I tensorflow/core/profiler/rpc/client/save_profile.cc:182] Dumped gzipped tool data for trace.json.gz to ../output/train/plugins/profile/2020_08_26_15_12_11/VS002.trace.json.gz
2020-08-26 15:12:11.272028: I tensorflow/core/profiler/rpc/client/save_profile.cc:176] Creating directory: ../output/train/plugins/profile/2020_08_26_15_12_11
2020-08-26 15:12:11.280196: I tensorflow/core/profiler/rpc/client/save_profile.cc:182] Dumped gzipped tool data for memory_profile.json.gz to ../output/train/plugins/profile/2020_08_26_15_12_11/VS002.memory_profile.json.gz
2020-08-26 15:12:11.281480: I tensorflow/python/profiler/internal/profiler_wrapper.cc:111] Creating directory: ../output/train/plugins/profile/2020_08_26_15_12_11Dumped tool data for xplane.pb to ../output/train/plugins/profile/2020_08_26_15_12_11/VS002.xplane.pb
Dumped tool data for overview_page.pb to ../output/train/plugins/profile/2020_08_26_15_12_11/VS002.overview_page.pb
Dumped tool data for input_pipeline.pb to ../output/train/plugins/profile/2020_08_26_15_12_11/VS002.input_pipeline.pb
Dumped tool data for tensorflow_stats.pb to ../output/train/plugins/profile/2020_08_26_15_12_11/VS002.tensorflow_stats.pb
Dumped tool data for kernel_stats.pb to ../output/train/plugins/profile/2020_08_26_15_12_11/VS002.kernel_stats.pb

WARNING:tensorflow:Callbacks method `on_train_batch_end` is slow compared to the batch time (batch time: 0.3966s vs `on_train_batch_end` time: 1.7075s). Check your callbacks.
W0826 15:12:11.285453 140405777909504 callbacks.py:328] Callbacks method `on_train_batch_end` is slow compared to the batch time (batch time: 0.3966s vs `on_train_batch_end` time: 1.7075s). Check your callbacks.
I0826 15:12:50.113950 140405777909504 keras_utils.py:133] TimeHistory: 116.24 seconds, 110.12 examples/second between steps 0 and 100
I0826 15:13:29.256277 140405777909504 keras_utils.py:133] TimeHistory: 39.13 seconds, 327.08 examples/second between steps 100 and 200
I0826 15:14:08.658297 140405777909504 keras_utils.py:133] TimeHistory: 39.40 seconds, 324.90 examples/second between steps 200 and 300
I0826 15:14:47.758158 140405777909504 keras_utils.py:133] TimeHistory: 39.10 seconds, 327.40 examples/second between steps 300 and 400
I0826 15:15:27.942586 140405777909504 keras_utils.py:133] TimeHistory: 40.18 seconds, 318.56 examples/second between steps 400 and 500
I0826 15:16:07.753183 140405777909504 keras_utils.py:133] TimeHistory: 39.81 seconds, 321.57 examples/second between steps 500 and 600

Epoch 00001: saving model to ../output/model.ckpt-0001
600/600 - 239s - loss: 10.4633 - accuracy: 0.1303 - top_5_accuracy: 0.2842
WARNING:tensorflow:From /home/leinao/anaconda3/envs/tensorflow/lib/python3.7/site-packages/tensorflow/python/data/ops/multi_device_iterator_ops.py:601: get_next_as_optional (from tensorflow.python.data.ops.iterator_ops) is deprecated and will be removed in a future version.
Instructions for updating:
Use `tf.data.Iterator.get_next_as_optional()` instead.
W0826 15:16:13.767831 140405777909504 deprecation.py:323] From /home/leinao/anaconda3/envs/tensorflow/lib/python3.7/site-packages/tensorflow/python/data/ops/multi_device_iterator_ops.py:601: get_next_as_optional (from tensorflow.python.data.ops.iterator_ops) is deprecated and will be removed in a future version.
Instructions for updating:
Use `tf.data.Iterator.get_next_as_optional()` instead.
390/390 - 51s - loss: 7.5603 - accuracy: 0.6128 - top_5_accuracy: 0.8920
I0826 15:17:09.407213 140405777909504 classifier_trainer.py:447] Run stats:
{'accuracy_top_1': 0.6127804517745972, 'eval_loss': 7.560250759124756, 'loss': 10.46327018737793, 'training_accuracy_top_1': 0.13028645515441895, 'step_timestamp_log': ['BatchTimestamp<batch_index: 0, timestamp: 1598425853.8731217>', 'BatchTimestamp<batch_index: 100, timestamp: 1598425970.1134088>', 'BatchTimestamp<batch_index: 200, timestamp: 1598426009.255885>', 'BatchTimestamp<batch_index: 300, timestamp: 1598426048.6579986>', 'BatchTimestamp<batch_index: 400, timestamp: 1598426087.7579637>', 'BatchTimestamp<batch_index: 500, timestamp: 1598426127.9422464>', 'BatchTimestamp<batch_index: 600, timestamp: 1598426167.7528434>'], 'train_finish_time': 1598426168.314759, 'avg_exp_per_second': 244.24304352395347}
