2020-08-26 16:41:46.002012: I tensorflow/stream_executor/platform/default/dso_loader.cc:48] Successfully opened dynamic library libcudart.so.10.1
I0826 16:41:47.427499 140377425331968 classifier_trainer.py:180] Base params: {'evaluation': {'epochs_between_evals': 1, 'skip_eval': False, 'steps': None},
 'export': {'checkpoint': None, 'destination': None},
 'mode': None,
 'model': {'learning_rate': {'boundaries': [30, 60, 80],
                             'decay_epochs': None,
                             'decay_rate': None,
                             'examples_per_epoch': 1281167,
                             'initial_lr': None,
                             'multipliers': [1.0, 0.1, 0.01, 0.001],
                             'name': 'piecewise_constant_with_warmup',
                             'scale_by_batch_size': 0.0,
                             'staircase': None,
                             'warmup_epochs': 5},
           'loss': {'label_smoothing': None,
                    'name': 'sparse_categorical_crossentropy'},
           'model_params': {'batch_size': None,
                            'num_classes': 1000,
                            'rescale_inputs': False,
                            'use_l2_regularizer': True},
           'name': 'ResNet',
           'num_classes': 1000,
           'optimizer': {'beta_1': None,
                         'beta_2': None,
                         'decay': 0.9,
                         'epsilon': 0.001,
                         'lookahead': None,
                         'momentum': 0.9,
                         'moving_average_decay': None,
                         'name': 'momentum',
                         'nesterov': None}},
 'model_dir': None,
 'model_name': None,
 'runtime': {'all_reduce_alg': None,
             'batchnorm_spatial_persistent': False,
             'dataset_num_private_threads': None,
             'distribution_strategy': 'mirrored',
             'enable_xla': False,
             'gpu_thread_mode': None,
             'loss_scale': None,
             'mixed_precision_dtype': None,
             'num_gpus': 0,
             'num_packs': 1,
             'per_gpu_thread_count': 0,
             'run_eagerly': False,
             'task_index': -1,
             'tpu': None,
             'worker_hosts': None},
 'train': {'callbacks': {'enable_checkpoint_and_export': True,
                         'enable_tensorboard': True,
                         'enable_time_history': True},
           'epochs': 90,
           'metrics': ['accuracy', 'top_5'],
           'resume_checkpoint': True,
           'set_epoch_loop': False,
           'steps': None,
           'tensorboard': {'track_lr': True, 'write_model_weights': False},
           'time_history': {'log_steps': 1}},
 'train_dataset': {'augmenter': {'name': None, 'params': None},
                   'batch_size': 128,
                   'builder': 'records',
                   'cache': False,
                   'data_dir': None,
                   'download': False,
                   'dtype': 'float32',
                   'file_shuffle_buffer_size': 1024,
                   'filenames': None,
                   'image_size': 224,
                   'mean_subtract': True,
                   'name': 'imagenet2012',
                   'num_channels': 'infer',
                   'num_classes': 'infer',
                   'num_devices': 1,
                   'num_examples': 'infer',
                   'one_hot': False,
                   'shuffle_buffer_size': 10000,
                   'skip_decoding': True,
                   'split': 'train',
                   'standardize': True,
                   'tf_data_service': None,
                   'use_per_replica_batch_size': True},
 'validation_dataset': {'augmenter': {'name': None, 'params': None},
                        'batch_size': 128,
                        'builder': 'records',
                        'cache': False,
                        'data_dir': None,
                        'download': False,
                        'dtype': 'float32',
                        'file_shuffle_buffer_size': 1024,
                        'filenames': None,
                        'image_size': 224,
                        'mean_subtract': True,
                        'name': 'imagenet2012',
                        'num_channels': 'infer',
                        'num_classes': 'infer',
                        'num_devices': 1,
                        'num_examples': 'infer',
                        'one_hot': False,
                        'shuffle_buffer_size': 10000,
                        'skip_decoding': True,
                        'split': 'validation',
                        'standardize': True,
                        'tf_data_service': None,
                        'use_per_replica_batch_size': True}}
I0826 16:41:47.427778 140377425331968 classifier_trainer.py:183] Overriding params: configs/examples/resnet/imagenet/gpu.yaml
/home/leinao/tensorflow/models-2.3.0/official/modeling/hyperparams/params_dict.py:431: YAMLLoadWarning: calling yaml.load() without Loader=... is deprecated, as the default Loader is unsafe. Please read https://msg.pyyaml.org/load for full details.
  params_dict = yaml.load(dict_or_string_or_yaml_file)
/home/leinao/tensorflow/models-2.3.0/official/modeling/hyperparams/params_dict.py:436: YAMLLoadWarning: calling yaml.load() without Loader=... is deprecated, as the default Loader is unsafe. Please read https://msg.pyyaml.org/load for full details.
  params.override(yaml.load(f), is_strict)
I0826 16:41:47.433693 140377425331968 classifier_trainer.py:183] Overriding params: runtime.num_gpus=4
I0826 16:41:47.434251 140377425331968 classifier_trainer.py:183] Overriding params: {'model_dir': '../output', 'mode': 'train_and_eval', 'model': {'name': 'resnet'}, 'runtime': {'run_eagerly': None, 'tpu': None}, 'train_dataset': {'data_dir': '/datasets/ImageNet/tfrecord'}, 'validation_dataset': {'data_dir': '/datasets/ImageNet/tfrecord'}, 'train': {'time_history': {'log_steps': 100}}}
I0826 16:41:47.435830 140377425331968 classifier_trainer.py:189] Final model parameters: {'evaluation': {'epochs_between_evals': 10, 'skip_eval': False, 'steps': None},
 'export': {'checkpoint': None, 'destination': None},
 'mode': 'train_and_eval',
 'model': {'learning_rate': {'boundaries': [30, 60, 80],
                             'decay_epochs': None,
                             'decay_rate': None,
                             'examples_per_epoch': 640512,
                             'initial_lr': 0.256,
                             'multipliers': [1.0, 0.1, 0.01, 0.001],
                             'name': 'piecewise_constant_with_warmup',
                             'scale_by_batch_size': 0.0,
                             'staircase': None,
                             'warmup_epochs': 0},
           'loss': {'label_smoothing': 0.1,
                    'name': 'sparse_categorical_crossentropy'},
           'model_params': {'batch_size': None,
                            'num_classes': 1000,
                            'rescale_inputs': False,
                            'use_l2_regularizer': True},
           'name': 'resnet',
           'num_classes': 1000,
           'optimizer': {'beta_1': None,
                         'beta_2': None,
                         'decay': 0.9,
                         'epsilon': 0.001,
                         'lookahead': None,
                         'momentum': 0.875,
                         'moving_average_decay': None,
                         'name': 'momentum',
                         'nesterov': None}},
 'model_dir': '../output',
 'model_name': None,
 'runtime': {'all_reduce_alg': None,
             'batchnorm_spatial_persistent': True,
             'dataset_num_private_threads': None,
             'distribution_strategy': 'mirrored',
             'enable_xla': False,
             'gpu_thread_mode': None,
             'loss_scale': None,
             'mixed_precision_dtype': None,
             'num_gpus': 4,
             'num_packs': 1,
             'per_gpu_thread_count': 0,
             'run_eagerly': None,
             'task_index': -1,
             'tpu': None,
             'worker_hosts': None},
 'train': {'callbacks': {'enable_checkpoint_and_export': True,
                         'enable_tensorboard': True,
                         'enable_time_history': True},
           'epochs': 1,
           'metrics': ['accuracy', 'top_5'],
           'resume_checkpoint': False,
           'set_epoch_loop': False,
           'steps': 600,
           'tensorboard': {'track_lr': True, 'write_model_weights': False},
           'time_history': {'log_steps': 100}},
 'train_dataset': {'augmenter': {'name': None, 'params': None},
                   'batch_size': 128,
                   'builder': 'records',
                   'cache': False,
                   'data_dir': '/datasets/ImageNet/tfrecord',
                   'download': False,
                   'dtype': 'float32',
                   'file_shuffle_buffer_size': 1024,
                   'filenames': None,
                   'image_size': 224,
                   'mean_subtract': True,
                   'name': 'imagenet2012',
                   'num_channels': 'infer',
                   'num_classes': 1000,
                   'num_devices': 1,
                   'num_examples': 640512,
                   'one_hot': False,
                   'shuffle_buffer_size': 10000,
                   'skip_decoding': True,
                   'split': 'train',
                   'standardize': True,
                   'tf_data_service': None,
                   'use_per_replica_batch_size': True},
 'validation_dataset': {'augmenter': {'name': None, 'params': None},
                        'batch_size': 128,
                        'builder': 'records',
                        'cache': False,
                        'data_dir': '/datasets/ImageNet/tfrecord',
                        'download': False,
                        'dtype': 'float32',
                        'file_shuffle_buffer_size': 1024,
                        'filenames': None,
                        'image_size': 224,
                        'mean_subtract': True,
                        'name': 'imagenet2012',
                        'num_channels': 'infer',
                        'num_classes': 1000,
                        'num_devices': 1,
                        'num_examples': 50000,
                        'one_hot': False,
                        'shuffle_buffer_size': 10000,
                        'skip_decoding': True,
                        'split': 'validation',
                        'standardize': True,
                        'tf_data_service': None,
                        'use_per_replica_batch_size': True}}
I0826 16:41:47.435923 140377425331968 classifier_trainer.py:294] Running train and eval.
2020-08-26 16:41:47.437276: I tensorflow/stream_executor/platform/default/dso_loader.cc:48] Successfully opened dynamic library libcuda.so.1
2020-08-26 16:41:52.235922: I tensorflow/core/common_runtime/gpu/gpu_device.cc:1716] Found device 0 with properties: 
pciBusID: 0000:1a:00.0 name: Tesla V100-SXM2-16GB computeCapability: 7.0
coreClock: 1.53GHz coreCount: 80 deviceMemorySize: 15.78GiB deviceMemoryBandwidth: 836.37GiB/s
2020-08-26 16:41:52.241090: I tensorflow/core/common_runtime/gpu/gpu_device.cc:1716] Found device 1 with properties: 
pciBusID: 0000:1b:00.0 name: Tesla V100-SXM2-16GB computeCapability: 7.0
coreClock: 1.53GHz coreCount: 80 deviceMemorySize: 15.78GiB deviceMemoryBandwidth: 836.37GiB/s
2020-08-26 16:41:52.247981: I tensorflow/core/common_runtime/gpu/gpu_device.cc:1716] Found device 2 with properties: 
pciBusID: 0000:3d:00.0 name: Tesla V100-SXM2-16GB computeCapability: 7.0
coreClock: 1.53GHz coreCount: 80 deviceMemorySize: 15.78GiB deviceMemoryBandwidth: 836.37GiB/s
2020-08-26 16:41:52.251394: I tensorflow/core/common_runtime/gpu/gpu_device.cc:1716] Found device 3 with properties: 
pciBusID: 0000:3e:00.0 name: Tesla V100-SXM2-16GB computeCapability: 7.0
coreClock: 1.53GHz coreCount: 80 deviceMemorySize: 15.78GiB deviceMemoryBandwidth: 836.37GiB/s
2020-08-26 16:41:52.251443: I tensorflow/stream_executor/platform/default/dso_loader.cc:48] Successfully opened dynamic library libcudart.so.10.1
2020-08-26 16:41:52.255134: I tensorflow/stream_executor/platform/default/dso_loader.cc:48] Successfully opened dynamic library libcublas.so.10
2020-08-26 16:41:52.257760: I tensorflow/stream_executor/platform/default/dso_loader.cc:48] Successfully opened dynamic library libcufft.so.10
2020-08-26 16:41:52.258207: I tensorflow/stream_executor/platform/default/dso_loader.cc:48] Successfully opened dynamic library libcurand.so.10
2020-08-26 16:41:52.261300: I tensorflow/stream_executor/platform/default/dso_loader.cc:48] Successfully opened dynamic library libcusolver.so.10
2020-08-26 16:41:52.262931: I tensorflow/stream_executor/platform/default/dso_loader.cc:48] Successfully opened dynamic library libcusparse.so.10
2020-08-26 16:41:52.268879: I tensorflow/stream_executor/platform/default/dso_loader.cc:48] Successfully opened dynamic library libcudnn.so.7
2020-08-26 16:41:52.312639: I tensorflow/core/common_runtime/gpu/gpu_device.cc:1858] Adding visible gpu devices: 0, 1, 2, 3
2020-08-26 16:41:52.314326: I tensorflow/core/platform/cpu_feature_guard.cc:142] This TensorFlow binary is optimized with oneAPI Deep Neural Network Library (oneDNN)to use the following CPU instructions in performance-critical operations:  AVX2 AVX512F FMA
To enable them in other operations, rebuild TensorFlow with the appropriate compiler flags.
2020-08-26 16:41:52.342612: I tensorflow/core/platform/profile_utils/cpu_utils.cc:104] CPU Frequency: 2300115000 Hz
2020-08-26 16:41:52.353619: I tensorflow/compiler/xla/service/service.cc:168] XLA service 0x55dbbe27cac0 initialized for platform Host (this does not guarantee that XLA will be used). Devices:
2020-08-26 16:41:52.353681: I tensorflow/compiler/xla/service/service.cc:176]   StreamExecutor device (0): Host, Default Version
2020-08-26 16:42:02.634405: I tensorflow/compiler/xla/service/service.cc:168] XLA service 0x55dbbda694f0 initialized for platform CUDA (this does not guarantee that XLA will be used). Devices:
2020-08-26 16:42:02.634476: I tensorflow/compiler/xla/service/service.cc:176]   StreamExecutor device (0): Tesla V100-SXM2-16GB, Compute Capability 7.0
2020-08-26 16:42:02.634491: I tensorflow/compiler/xla/service/service.cc:176]   StreamExecutor device (1): Tesla V100-SXM2-16GB, Compute Capability 7.0
2020-08-26 16:42:02.634504: I tensorflow/compiler/xla/service/service.cc:176]   StreamExecutor device (2): Tesla V100-SXM2-16GB, Compute Capability 7.0
2020-08-26 16:42:02.634515: I tensorflow/compiler/xla/service/service.cc:176]   StreamExecutor device (3): Tesla V100-SXM2-16GB, Compute Capability 7.0
2020-08-26 16:42:02.639984: I tensorflow/core/common_runtime/gpu/gpu_device.cc:1716] Found device 0 with properties: 
pciBusID: 0000:1a:00.0 name: Tesla V100-SXM2-16GB computeCapability: 7.0
coreClock: 1.53GHz coreCount: 80 deviceMemorySize: 15.78GiB deviceMemoryBandwidth: 836.37GiB/s
2020-08-26 16:42:02.645546: I tensorflow/core/common_runtime/gpu/gpu_device.cc:1716] Found device 1 with properties: 
pciBusID: 0000:1b:00.0 name: Tesla V100-SXM2-16GB computeCapability: 7.0
coreClock: 1.53GHz coreCount: 80 deviceMemorySize: 15.78GiB deviceMemoryBandwidth: 836.37GiB/s
2020-08-26 16:42:02.651477: I tensorflow/core/common_runtime/gpu/gpu_device.cc:1716] Found device 2 with properties: 
pciBusID: 0000:3d:00.0 name: Tesla V100-SXM2-16GB computeCapability: 7.0
coreClock: 1.53GHz coreCount: 80 deviceMemorySize: 15.78GiB deviceMemoryBandwidth: 836.37GiB/s
2020-08-26 16:42:02.657458: I tensorflow/core/common_runtime/gpu/gpu_device.cc:1716] Found device 3 with properties: 
pciBusID: 0000:3e:00.0 name: Tesla V100-SXM2-16GB computeCapability: 7.0
coreClock: 1.53GHz coreCount: 80 deviceMemorySize: 15.78GiB deviceMemoryBandwidth: 836.37GiB/s
2020-08-26 16:42:02.657543: I tensorflow/stream_executor/platform/default/dso_loader.cc:48] Successfully opened dynamic library libcudart.so.10.1
2020-08-26 16:42:02.657736: I tensorflow/stream_executor/platform/default/dso_loader.cc:48] Successfully opened dynamic library libcublas.so.10
2020-08-26 16:42:02.657772: I tensorflow/stream_executor/platform/default/dso_loader.cc:48] Successfully opened dynamic library libcufft.so.10
2020-08-26 16:42:02.657797: I tensorflow/stream_executor/platform/default/dso_loader.cc:48] Successfully opened dynamic library libcurand.so.10
2020-08-26 16:42:02.657816: I tensorflow/stream_executor/platform/default/dso_loader.cc:48] Successfully opened dynamic library libcusolver.so.10
2020-08-26 16:42:02.657836: I tensorflow/stream_executor/platform/default/dso_loader.cc:48] Successfully opened dynamic library libcusparse.so.10
2020-08-26 16:42:02.657856: I tensorflow/stream_executor/platform/default/dso_loader.cc:48] Successfully opened dynamic library libcudnn.so.7
2020-08-26 16:42:02.704816: I tensorflow/core/common_runtime/gpu/gpu_device.cc:1858] Adding visible gpu devices: 0, 1, 2, 3
2020-08-26 16:42:02.704935: I tensorflow/stream_executor/platform/default/dso_loader.cc:48] Successfully opened dynamic library libcudart.so.10.1
2020-08-26 16:42:59.100279: I tensorflow/core/common_runtime/gpu/gpu_device.cc:1257] Device interconnect StreamExecutor with strength 1 edge matrix:
2020-08-26 16:42:59.100326: I tensorflow/core/common_runtime/gpu/gpu_device.cc:1263]      0 1 2 3 
2020-08-26 16:42:59.100336: I tensorflow/core/common_runtime/gpu/gpu_device.cc:1276] 0:   N Y Y Y 
2020-08-26 16:42:59.100341: I tensorflow/core/common_runtime/gpu/gpu_device.cc:1276] 1:   Y N Y Y 
2020-08-26 16:42:59.100346: I tensorflow/core/common_runtime/gpu/gpu_device.cc:1276] 2:   Y Y N Y 
2020-08-26 16:42:59.100351: I tensorflow/core/common_runtime/gpu/gpu_device.cc:1276] 3:   Y Y Y N 
2020-08-26 16:43:04.211792: I tensorflow/core/common_runtime/gpu/gpu_device.cc:1402] Created TensorFlow device (/job:localhost/replica:0/task:0/device:GPU:0 with 14755 MB memory) -> physical GPU (device: 0, name: Tesla V100-SXM2-16GB, pci bus id: 0000:1a:00.0, compute capability: 7.0)
2020-08-26 16:43:04.217691: I tensorflow/core/common_runtime/gpu/gpu_device.cc:1402] Created TensorFlow device (/job:localhost/replica:0/task:0/device:GPU:1 with 14755 MB memory) -> physical GPU (device: 1, name: Tesla V100-SXM2-16GB, pci bus id: 0000:1b:00.0, compute capability: 7.0)
2020-08-26 16:43:04.223783: I tensorflow/core/common_runtime/gpu/gpu_device.cc:1402] Created TensorFlow device (/job:localhost/replica:0/task:0/device:GPU:2 with 14755 MB memory) -> physical GPU (device: 2, name: Tesla V100-SXM2-16GB, pci bus id: 0000:3d:00.0, compute capability: 7.0)
2020-08-26 16:43:04.230873: I tensorflow/core/common_runtime/gpu/gpu_device.cc:1402] Created TensorFlow device (/job:localhost/replica:0/task:0/device:GPU:3 with 14755 MB memory) -> physical GPU (device: 3, name: Tesla V100-SXM2-16GB, pci bus id: 0000:3e:00.0, compute capability: 7.0)
INFO:tensorflow:Using MirroredStrategy with devices ('/job:localhost/replica:0/task:0/device:GPU:0', '/job:localhost/replica:0/task:0/device:GPU:1', '/job:localhost/replica:0/task:0/device:GPU:2', '/job:localhost/replica:0/task:0/device:GPU:3')
I0826 16:43:04.251749 140377425331968 mirrored_strategy.py:341] Using MirroredStrategy with devices ('/job:localhost/replica:0/task:0/device:GPU:0', '/job:localhost/replica:0/task:0/device:GPU:1', '/job:localhost/replica:0/task:0/device:GPU:2', '/job:localhost/replica:0/task:0/device:GPU:3')
I0826 16:43:04.255512 140377425331968 classifier_trainer.py:310] Detected 4 devices.
W0826 16:43:04.256236 140377425331968 classifier_trainer.py:101] label_smoothing > 0, so datasets will be one hot encoded.
I0826 16:43:04.257423 140377425331968 dataset_factory.py:173] Using augmentation: None
I0826 16:43:04.258343 140377425331968 dataset_factory.py:173] Using augmentation: None
I0826 16:43:04.258940 140377425331968 dataset_factory.py:358] Using TFRecords to load data.
WARNING:tensorflow:From /home/leinao/anaconda3/envs/tensorflow/lib/python3.7/site-packages/tensorflow/python/util/dispatch.py:201: sample_distorted_bounding_box (from tensorflow.python.ops.image_ops_impl) is deprecated and will be removed in a future version.
Instructions for updating:
`seed2` arg is deprecated.Use sample_distorted_bounding_box_v2 instead.
W0826 16:43:04.870941 140377425331968 deprecation.py:323] From /home/leinao/anaconda3/envs/tensorflow/lib/python3.7/site-packages/tensorflow/python/util/dispatch.py:201: sample_distorted_bounding_box (from tensorflow.python.ops.image_ops_impl) is deprecated and will be removed in a future version.
Instructions for updating:
`seed2` arg is deprecated.Use sample_distorted_bounding_box_v2 instead.
I0826 16:43:05.072165 140377425331968 dataset_factory.py:358] Using TFRecords to load data.
I0826 16:43:06.272831 140377425331968 dataset_info.py:430] Load pre-computed DatasetInfo (eg: splits, num examples,...) from GCS: imagenet2012/5.0.0
I0826 16:43:09.160144 140377425331968 dataset_info.py:361] Load dataset info from /tmp/tmptn5rzo3gtfds
I0826 16:43:09.169564 140377425331968 dataset_info.py:401] Field info.description from disk and from code do not match. Keeping the one from code.
I0826 16:43:09.169813 140377425331968 dataset_info.py:401] Field info.citation from disk and from code do not match. Keeping the one from code.
I0826 16:43:09.418488 140377425331968 classifier_trainer.py:329] Global batch size: 512
INFO:tensorflow:Reduce to /job:localhost/replica:0/task:0/device:CPU:0 then broadcast to ('/job:localhost/replica:0/task:0/device:CPU:0',).
I0826 16:43:15.921433 140377425331968 cross_device_ops.py:443] Reduce to /job:localhost/replica:0/task:0/device:CPU:0 then broadcast to ('/job:localhost/replica:0/task:0/device:CPU:0',).
INFO:tensorflow:Reduce to /job:localhost/replica:0/task:0/device:CPU:0 then broadcast to ('/job:localhost/replica:0/task:0/device:CPU:0',).
I0826 16:43:15.927456 140377425331968 cross_device_ops.py:443] Reduce to /job:localhost/replica:0/task:0/device:CPU:0 then broadcast to ('/job:localhost/replica:0/task:0/device:CPU:0',).
INFO:tensorflow:Reduce to /job:localhost/replica:0/task:0/device:CPU:0 then broadcast to ('/job:localhost/replica:0/task:0/device:CPU:0',).
I0826 16:43:15.934726 140377425331968 cross_device_ops.py:443] Reduce to /job:localhost/replica:0/task:0/device:CPU:0 then broadcast to ('/job:localhost/replica:0/task:0/device:CPU:0',).
INFO:tensorflow:Reduce to /job:localhost/replica:0/task:0/device:CPU:0 then broadcast to ('/job:localhost/replica:0/task:0/device:CPU:0',).
I0826 16:43:15.940302 140377425331968 cross_device_ops.py:443] Reduce to /job:localhost/replica:0/task:0/device:CPU:0 then broadcast to ('/job:localhost/replica:0/task:0/device:CPU:0',).
INFO:tensorflow:Reduce to /job:localhost/replica:0/task:0/device:CPU:0 then broadcast to ('/job:localhost/replica:0/task:0/device:CPU:0',).
I0826 16:43:15.957627 140377425331968 cross_device_ops.py:443] Reduce to /job:localhost/replica:0/task:0/device:CPU:0 then broadcast to ('/job:localhost/replica:0/task:0/device:CPU:0',).
INFO:tensorflow:Reduce to /job:localhost/replica:0/task:0/device:CPU:0 then broadcast to ('/job:localhost/replica:0/task:0/device:CPU:0',).
I0826 16:43:15.963130 140377425331968 cross_device_ops.py:443] Reduce to /job:localhost/replica:0/task:0/device:CPU:0 then broadcast to ('/job:localhost/replica:0/task:0/device:CPU:0',).
INFO:tensorflow:Reduce to /job:localhost/replica:0/task:0/device:CPU:0 then broadcast to ('/job:localhost/replica:0/task:0/device:CPU:0',).
I0826 16:43:16.028807 140377425331968 cross_device_ops.py:443] Reduce to /job:localhost/replica:0/task:0/device:CPU:0 then broadcast to ('/job:localhost/replica:0/task:0/device:CPU:0',).
INFO:tensorflow:Reduce to /job:localhost/replica:0/task:0/device:CPU:0 then broadcast to ('/job:localhost/replica:0/task:0/device:CPU:0',).
I0826 16:43:16.037300 140377425331968 cross_device_ops.py:443] Reduce to /job:localhost/replica:0/task:0/device:CPU:0 then broadcast to ('/job:localhost/replica:0/task:0/device:CPU:0',).
INFO:tensorflow:Reduce to /job:localhost/replica:0/task:0/device:CPU:0 then broadcast to ('/job:localhost/replica:0/task:0/device:CPU:0',).
I0826 16:43:16.043946 140377425331968 cross_device_ops.py:443] Reduce to /job:localhost/replica:0/task:0/device:CPU:0 then broadcast to ('/job:localhost/replica:0/task:0/device:CPU:0',).
INFO:tensorflow:Reduce to /job:localhost/replica:0/task:0/device:CPU:0 then broadcast to ('/job:localhost/replica:0/task:0/device:CPU:0',).
I0826 16:43:16.049406 140377425331968 cross_device_ops.py:443] Reduce to /job:localhost/replica:0/task:0/device:CPU:0 then broadcast to ('/job:localhost/replica:0/task:0/device:CPU:0',).
I0826 16:43:21.261295 140377425331968 optimizer_factory.py:372] Using Piecewise constant decay with warmup. Parameters: batch_size: 512, epoch_size: 640512, warmup_epochs: 0, boundaries: [30, 60, 80], multipliers: [1.0, 0.1, 0.01, 0.001]
I0826 16:43:21.261720 140377425331968 optimizer_factory.py:273] Building momentum optimizer with params {'name': 'momentum', 'decay': 0.9, 'epsilon': 0.001, 'momentum': 0.875, 'nesterov': None, 'moving_average_decay': None, 'lookahead': None, 'beta_1': None, 'beta_2': None}
I0826 16:43:21.261813 140377425331968 optimizer_factory.py:281] Using momentum optimizer
2020-08-26 16:43:21.366602: I tensorflow/core/profiler/lib/profiler_session.cc:164] Profiler session started.
2020-08-26 16:43:21.366711: I tensorflow/core/profiler/internal/gpu/cupti_tracer.cc:1391] Profiler found 4 GPUs
2020-08-26 16:43:21.367278: W tensorflow/stream_executor/platform/default/dso_loader.cc:59] Could not load dynamic library 'libcupti.so.10.1'; dlerror: libcupti.so.10.1: cannot open shared object file: No such file or directory; LD_LIBRARY_PATH: /home/leinao/gcc-5.5/lib/:/home/leinao/gcc-5.5/lib/::/usr/local/cuda/lib64:/usr/local/nccl_2.7.3-1+cuda10.1_x86_64/lib:/usr/local/openmpi/lib:/usr/local/cuda/lib64:/usr/local/nccl_2.7.3-1+cuda10.1_x86_64/lib:/usr/local/openmpi/lib
2020-08-26 16:43:21.367408: W tensorflow/stream_executor/platform/default/dso_loader.cc:59] Could not load dynamic library 'libcupti.so'; dlerror: libcupti.so: cannot open shared object file: No such file or directory; LD_LIBRARY_PATH: /home/leinao/gcc-5.5/lib/:/home/leinao/gcc-5.5/lib/::/usr/local/cuda/lib64:/usr/local/nccl_2.7.3-1+cuda10.1_x86_64/lib:/usr/local/openmpi/lib:/usr/local/cuda/lib64:/usr/local/nccl_2.7.3-1+cuda10.1_x86_64/lib:/usr/local/openmpi/lib
2020-08-26 16:43:21.367430: E tensorflow/core/profiler/internal/gpu/cupti_tracer.cc:1441] function cupti_interface_->Subscribe( &subscriber_, (CUpti_CallbackFunc)ApiCallback, this)failed with error CUPTI could not be loaded or symbol could not be found.
I0826 16:43:21.368436 140377425331968 classifier_trainer.py:285] Saving experiment configuration to ../output/params.yaml
INFO:tensorflow:batch_all_reduce: 161 all-reduces with algorithm = nccl, num_packs = 1
I0826 16:43:32.920852 140377425331968 cross_device_ops.py:702] batch_all_reduce: 161 all-reduces with algorithm = nccl, num_packs = 1
INFO:tensorflow:batch_all_reduce: 161 all-reduces with algorithm = nccl, num_packs = 1
I0826 16:43:45.045475 140377425331968 cross_device_ops.py:702] batch_all_reduce: 161 all-reduces with algorithm = nccl, num_packs = 1
2020-08-26 16:44:03.138455: I tensorflow/stream_executor/platform/default/dso_loader.cc:48] Successfully opened dynamic library libcublas.so.10
2020-08-26 16:44:19.449081: I tensorflow/stream_executor/platform/default/dso_loader.cc:48] Successfully opened dynamic library libcudnn.so.7
2020-08-26 16:46:45.570185: I tensorflow/core/profiler/lib/profiler_session.cc:164] Profiler session started.
2020-08-26 16:46:45.570352: E tensorflow/core/profiler/internal/gpu/cupti_tracer.cc:1441] function cupti_interface_->Subscribe( &subscriber_, (CUpti_CallbackFunc)ApiCallback, this)failed with error CUPTI could not be loaded or symbol could not be found.
WARNING:tensorflow:From /home/leinao/anaconda3/envs/tensorflow/lib/python3.7/site-packages/tensorflow/python/ops/summary_ops_v2.py:1277: stop (from tensorflow.python.eager.profiler) is deprecated and will be removed after 2020-07-01.
Instructions for updating:
use `tf.profiler.experimental.stop` instead.
W0826 16:46:46.025492 140377425331968 deprecation.py:323] From /home/leinao/anaconda3/envs/tensorflow/lib/python3.7/site-packages/tensorflow/python/ops/summary_ops_v2.py:1277: stop (from tensorflow.python.eager.profiler) is deprecated and will be removed after 2020-07-01.
Instructions for updating:
use `tf.profiler.experimental.stop` instead.
2020-08-26 16:46:46.144014: I tensorflow/core/profiler/internal/gpu/device_tracer.cc:223]  GpuTracer has collected 0 callback api events and 0 activity events. 
2020-08-26 16:46:46.244740: I tensorflow/core/profiler/rpc/client/save_profile.cc:176] Creating directory: ../output/train/plugins/profile/2020_08_26_16_46_46
2020-08-26 16:46:46.304519: I tensorflow/core/profiler/rpc/client/save_profile.cc:182] Dumped gzipped tool data for trace.json.gz to ../output/train/plugins/profile/2020_08_26_16_46_46/VS002.trace.json.gz
2020-08-26 16:46:46.488461: I tensorflow/core/profiler/rpc/client/save_profile.cc:176] Creating directory: ../output/train/plugins/profile/2020_08_26_16_46_46
2020-08-26 16:46:46.513684: I tensorflow/core/profiler/rpc/client/save_profile.cc:182] Dumped gzipped tool data for memory_profile.json.gz to ../output/train/plugins/profile/2020_08_26_16_46_46/VS002.memory_profile.json.gz
2020-08-26 16:46:46.518772: I tensorflow/python/profiler/internal/profiler_wrapper.cc:111] Creating directory: ../output/train/plugins/profile/2020_08_26_16_46_46Dumped tool data for xplane.pb to ../output/train/plugins/profile/2020_08_26_16_46_46/VS002.xplane.pb
Dumped tool data for overview_page.pb to ../output/train/plugins/profile/2020_08_26_16_46_46/VS002.overview_page.pb
Dumped tool data for input_pipeline.pb to ../output/train/plugins/profile/2020_08_26_16_46_46/VS002.input_pipeline.pb
Dumped tool data for tensorflow_stats.pb to ../output/train/plugins/profile/2020_08_26_16_46_46/VS002.tensorflow_stats.pb
Dumped tool data for kernel_stats.pb to ../output/train/plugins/profile/2020_08_26_16_46_46/VS002.kernel_stats.pb

I0826 16:47:30.837131 140377425331968 keras_utils.py:133] TimeHistory: 243.77 seconds, 210.03 examples/second between steps 0 and 100
I0826 16:48:16.574187 140377425331968 keras_utils.py:133] TimeHistory: 45.73 seconds, 1119.65 examples/second between steps 100 and 200
I0826 16:49:01.936317 140377425331968 keras_utils.py:133] TimeHistory: 45.36 seconds, 1128.78 examples/second between steps 200 and 300
I0826 16:49:47.563694 140377425331968 keras_utils.py:133] TimeHistory: 45.62 seconds, 1122.26 examples/second between steps 300 and 400
I0826 16:50:33.136040 140377425331968 keras_utils.py:133] TimeHistory: 45.57 seconds, 1123.56 examples/second between steps 400 and 500
I0826 16:51:18.923412 140377425331968 keras_utils.py:133] TimeHistory: 45.78 seconds, 1118.31 examples/second between steps 500 and 600

Epoch 00001: saving model to ../output/model.ckpt-0001
600/600 - 274s - loss: 9.5148 - accuracy: 0.2414 - top_5_accuracy: 0.4089
WARNING:tensorflow:From /home/leinao/anaconda3/envs/tensorflow/lib/python3.7/site-packages/tensorflow/python/data/ops/multi_device_iterator_ops.py:601: get_next_as_optional (from tensorflow.python.data.ops.iterator_ops) is deprecated and will be removed in a future version.
Instructions for updating:
Use `tf.data.Iterator.get_next_as_optional()` instead.
W0826 16:51:20.030115 140377425331968 deprecation.py:323] From /home/leinao/anaconda3/envs/tensorflow/lib/python3.7/site-packages/tensorflow/python/data/ops/multi_device_iterator_ops.py:601: get_next_as_optional (from tensorflow.python.data.ops.iterator_ops) is deprecated and will be removed in a future version.
Instructions for updating:
Use `tf.data.Iterator.get_next_as_optional()` instead.
97/97 - 12s - loss: 5.7996 - accuracy: 0.9685 - top_5_accuracy: 0.9984
I0826 16:51:38.989148 140377425331968 classifier_trainer.py:447] Run stats:
{'accuracy_top_1': 0.9685486555099487, 'eval_loss': 5.799643039703369, 'loss': 9.514819145202637, 'training_accuracy_top_1': 0.2414485663175583, 'step_timestamp_log': ['BatchTimestamp<batch_index: 0, timestamp: 1598431407.066856>', 'BatchTimestamp<batch_index: 100, timestamp: 1598431650.8366342>', 'BatchTimestamp<batch_index: 200, timestamp: 1598431696.5738795>', 'BatchTimestamp<batch_index: 300, timestamp: 1598431741.9358444>', 'BatchTimestamp<batch_index: 400, timestamp: 1598431787.5634897>', 'BatchTimestamp<batch_index: 500, timestamp: 1598431833.1357582>', 'BatchTimestamp<batch_index: 600, timestamp: 1598431878.9230974>'], 'train_finish_time': 1598431879.5068674, 'avg_exp_per_second': 650.242327832654}
