2020-08-26 22:29:19.611992: I tensorflow/stream_executor/platform/default/dso_loader.cc:48] Successfully opened dynamic library libcudart.so.10.1
I0826 22:29:20.991085 139697152395008 classifier_trainer.py:180] Base params: {'evaluation': {'epochs_between_evals': 1, 'skip_eval': False, 'steps': None},
 'export': {'checkpoint': None, 'destination': None},
 'mode': None,
 'model': {'learning_rate': {'boundaries': [30, 60, 80],
                             'decay_epochs': None,
                             'decay_rate': None,
                             'examples_per_epoch': 1281167,
                             'initial_lr': None,
                             'multipliers': [1.0, 0.1, 0.01, 0.001],
                             'name': 'piecewise_constant_with_warmup',
                             'scale_by_batch_size': 0.0,
                             'staircase': None,
                             'warmup_epochs': 5},
           'loss': {'label_smoothing': None,
                    'name': 'sparse_categorical_crossentropy'},
           'model_params': {'batch_size': None,
                            'num_classes': 1000,
                            'rescale_inputs': False,
                            'use_l2_regularizer': True},
           'name': 'ResNet',
           'num_classes': 1000,
           'optimizer': {'beta_1': None,
                         'beta_2': None,
                         'decay': 0.9,
                         'epsilon': 0.001,
                         'lookahead': None,
                         'momentum': 0.9,
                         'moving_average_decay': None,
                         'name': 'momentum',
                         'nesterov': None}},
 'model_dir': None,
 'model_name': None,
 'runtime': {'all_reduce_alg': None,
             'batchnorm_spatial_persistent': False,
             'dataset_num_private_threads': None,
             'distribution_strategy': 'mirrored',
             'enable_xla': False,
             'gpu_thread_mode': None,
             'loss_scale': None,
             'mixed_precision_dtype': None,
             'num_gpus': 0,
             'num_packs': 1,
             'per_gpu_thread_count': 0,
             'run_eagerly': False,
             'task_index': -1,
             'tpu': None,
             'worker_hosts': None},
 'train': {'callbacks': {'enable_checkpoint_and_export': True,
                         'enable_tensorboard': True,
                         'enable_time_history': True},
           'epochs': 90,
           'metrics': ['accuracy', 'top_5'],
           'resume_checkpoint': True,
           'set_epoch_loop': False,
           'steps': None,
           'tensorboard': {'track_lr': True, 'write_model_weights': False},
           'time_history': {'log_steps': 1}},
 'train_dataset': {'augmenter': {'name': None, 'params': None},
                   'batch_size': 128,
                   'builder': 'records',
                   'cache': False,
                   'data_dir': None,
                   'download': False,
                   'dtype': 'float32',
                   'file_shuffle_buffer_size': 1024,
                   'filenames': None,
                   'image_size': 224,
                   'mean_subtract': True,
                   'name': 'imagenet2012',
                   'num_channels': 'infer',
                   'num_classes': 'infer',
                   'num_devices': 1,
                   'num_examples': 'infer',
                   'one_hot': False,
                   'shuffle_buffer_size': 10000,
                   'skip_decoding': True,
                   'split': 'train',
                   'standardize': True,
                   'tf_data_service': None,
                   'use_per_replica_batch_size': True},
 'validation_dataset': {'augmenter': {'name': None, 'params': None},
                        'batch_size': 128,
                        'builder': 'records',
                        'cache': False,
                        'data_dir': None,
                        'download': False,
                        'dtype': 'float32',
                        'file_shuffle_buffer_size': 1024,
                        'filenames': None,
                        'image_size': 224,
                        'mean_subtract': True,
                        'name': 'imagenet2012',
                        'num_channels': 'infer',
                        'num_classes': 'infer',
                        'num_devices': 1,
                        'num_examples': 'infer',
                        'one_hot': False,
                        'shuffle_buffer_size': 10000,
                        'skip_decoding': True,
                        'split': 'validation',
                        'standardize': True,
                        'tf_data_service': None,
                        'use_per_replica_batch_size': True}}
I0826 22:29:20.991328 139697152395008 classifier_trainer.py:183] Overriding params: configs/examples/resnet/imagenet/gpu.yaml
/home/leinao/tensorflow/models-2.3.0/official/modeling/hyperparams/params_dict.py:431: YAMLLoadWarning: calling yaml.load() without Loader=... is deprecated, as the default Loader is unsafe. Please read https://msg.pyyaml.org/load for full details.
  params_dict = yaml.load(dict_or_string_or_yaml_file)
/home/leinao/tensorflow/models-2.3.0/official/modeling/hyperparams/params_dict.py:436: YAMLLoadWarning: calling yaml.load() without Loader=... is deprecated, as the default Loader is unsafe. Please read https://msg.pyyaml.org/load for full details.
  params.override(yaml.load(f), is_strict)
I0826 22:29:20.997362 139697152395008 classifier_trainer.py:183] Overriding params: runtime.num_gpus=8
I0826 22:29:20.997958 139697152395008 classifier_trainer.py:183] Overriding params: {'model_dir': '../output', 'mode': 'train_and_eval', 'model': {'name': 'resnet'}, 'runtime': {'run_eagerly': None, 'tpu': None}, 'train_dataset': {'data_dir': '/datasets/ImageNet/tfrecord'}, 'validation_dataset': {'data_dir': '/datasets/ImageNet/tfrecord'}, 'train': {'time_history': {'log_steps': 100}}}
I0826 22:29:20.999454 139697152395008 classifier_trainer.py:189] Final model parameters: {'evaluation': {'epochs_between_evals': 10, 'skip_eval': False, 'steps': None},
 'export': {'checkpoint': None, 'destination': None},
 'mode': 'train_and_eval',
 'model': {'learning_rate': {'boundaries': [30, 60, 80],
                             'decay_epochs': None,
                             'decay_rate': None,
                             'examples_per_epoch': 640512,
                             'initial_lr': 0.256,
                             'multipliers': [1.0, 0.1, 0.01, 0.001],
                             'name': 'piecewise_constant_with_warmup',
                             'scale_by_batch_size': 0.0,
                             'staircase': None,
                             'warmup_epochs': 0},
           'loss': {'label_smoothing': 0.1,
                    'name': 'sparse_categorical_crossentropy'},
           'model_params': {'batch_size': None,
                            'num_classes': 1000,
                            'rescale_inputs': False,
                            'use_l2_regularizer': True},
           'name': 'resnet',
           'num_classes': 1000,
           'optimizer': {'beta_1': None,
                         'beta_2': None,
                         'decay': 0.9,
                         'epsilon': 0.001,
                         'lookahead': None,
                         'momentum': 0.875,
                         'moving_average_decay': None,
                         'name': 'momentum',
                         'nesterov': None}},
 'model_dir': '../output',
 'model_name': None,
 'runtime': {'all_reduce_alg': None,
             'batchnorm_spatial_persistent': True,
             'dataset_num_private_threads': None,
             'distribution_strategy': 'mirrored',
             'enable_xla': False,
             'gpu_thread_mode': None,
             'loss_scale': None,
             'mixed_precision_dtype': None,
             'num_gpus': 8,
             'num_packs': 1,
             'per_gpu_thread_count': 0,
             'run_eagerly': None,
             'task_index': -1,
             'tpu': None,
             'worker_hosts': None},
 'train': {'callbacks': {'enable_checkpoint_and_export': True,
                         'enable_tensorboard': True,
                         'enable_time_history': True},
           'epochs': 1,
           'metrics': ['accuracy', 'top_5'],
           'resume_checkpoint': False,
           'set_epoch_loop': False,
           'steps': 600,
           'tensorboard': {'track_lr': True, 'write_model_weights': False},
           'time_history': {'log_steps': 100}},
 'train_dataset': {'augmenter': {'name': None, 'params': None},
                   'batch_size': 128,
                   'builder': 'records',
                   'cache': False,
                   'data_dir': '/datasets/ImageNet/tfrecord',
                   'download': False,
                   'dtype': 'float32',
                   'file_shuffle_buffer_size': 1024,
                   'filenames': None,
                   'image_size': 224,
                   'mean_subtract': True,
                   'name': 'imagenet2012',
                   'num_channels': 'infer',
                   'num_classes': 1000,
                   'num_devices': 1,
                   'num_examples': 640512,
                   'one_hot': False,
                   'shuffle_buffer_size': 10000,
                   'skip_decoding': True,
                   'split': 'train',
                   'standardize': True,
                   'tf_data_service': None,
                   'use_per_replica_batch_size': True},
 'validation_dataset': {'augmenter': {'name': None, 'params': None},
                        'batch_size': 128,
                        'builder': 'records',
                        'cache': False,
                        'data_dir': '/datasets/ImageNet/tfrecord',
                        'download': False,
                        'dtype': 'float32',
                        'file_shuffle_buffer_size': 1024,
                        'filenames': None,
                        'image_size': 224,
                        'mean_subtract': True,
                        'name': 'imagenet2012',
                        'num_channels': 'infer',
                        'num_classes': 1000,
                        'num_devices': 1,
                        'num_examples': 50000,
                        'one_hot': False,
                        'shuffle_buffer_size': 10000,
                        'skip_decoding': True,
                        'split': 'validation',
                        'standardize': True,
                        'tf_data_service': None,
                        'use_per_replica_batch_size': True}}
I0826 22:29:20.999529 139697152395008 classifier_trainer.py:294] Running train and eval.
2020-08-26 22:29:21.000812: I tensorflow/stream_executor/platform/default/dso_loader.cc:48] Successfully opened dynamic library libcuda.so.1
2020-08-26 22:29:22.527073: I tensorflow/core/common_runtime/gpu/gpu_device.cc:1716] Found device 0 with properties: 
pciBusID: 0000:1a:00.0 name: Tesla V100-SXM2-16GB computeCapability: 7.0
coreClock: 1.53GHz coreCount: 80 deviceMemorySize: 15.78GiB deviceMemoryBandwidth: 836.37GiB/s
2020-08-26 22:29:22.533387: I tensorflow/core/common_runtime/gpu/gpu_device.cc:1716] Found device 1 with properties: 
pciBusID: 0000:1b:00.0 name: Tesla V100-SXM2-16GB computeCapability: 7.0
coreClock: 1.53GHz coreCount: 80 deviceMemorySize: 15.78GiB deviceMemoryBandwidth: 836.37GiB/s
2020-08-26 22:29:22.540421: I tensorflow/core/common_runtime/gpu/gpu_device.cc:1716] Found device 2 with properties: 
pciBusID: 0000:3d:00.0 name: Tesla V100-SXM2-16GB computeCapability: 7.0
coreClock: 1.53GHz coreCount: 80 deviceMemorySize: 15.78GiB deviceMemoryBandwidth: 836.37GiB/s
2020-08-26 22:29:22.546787: I tensorflow/core/common_runtime/gpu/gpu_device.cc:1716] Found device 3 with properties: 
pciBusID: 0000:3e:00.0 name: Tesla V100-SXM2-16GB computeCapability: 7.0
coreClock: 1.53GHz coreCount: 80 deviceMemorySize: 15.78GiB deviceMemoryBandwidth: 836.37GiB/s
2020-08-26 22:29:22.552629: I tensorflow/core/common_runtime/gpu/gpu_device.cc:1716] Found device 4 with properties: 
pciBusID: 0000:88:00.0 name: Tesla V100-SXM2-16GB computeCapability: 7.0
coreClock: 1.53GHz coreCount: 80 deviceMemorySize: 15.78GiB deviceMemoryBandwidth: 836.37GiB/s
2020-08-26 22:29:22.558238: I tensorflow/core/common_runtime/gpu/gpu_device.cc:1716] Found device 5 with properties: 
pciBusID: 0000:89:00.0 name: Tesla V100-SXM2-16GB computeCapability: 7.0
coreClock: 1.53GHz coreCount: 80 deviceMemorySize: 15.78GiB deviceMemoryBandwidth: 836.37GiB/s
2020-08-26 22:29:22.564696: I tensorflow/core/common_runtime/gpu/gpu_device.cc:1716] Found device 6 with properties: 
pciBusID: 0000:b2:00.0 name: Tesla V100-SXM2-16GB computeCapability: 7.0
coreClock: 1.53GHz coreCount: 80 deviceMemorySize: 15.78GiB deviceMemoryBandwidth: 836.37GiB/s
2020-08-26 22:29:22.568672: I tensorflow/core/common_runtime/gpu/gpu_device.cc:1716] Found device 7 with properties: 
pciBusID: 0000:b3:00.0 name: Tesla V100-SXM2-16GB computeCapability: 7.0
coreClock: 1.53GHz coreCount: 80 deviceMemorySize: 15.78GiB deviceMemoryBandwidth: 836.37GiB/s
2020-08-26 22:29:22.568718: I tensorflow/stream_executor/platform/default/dso_loader.cc:48] Successfully opened dynamic library libcudart.so.10.1
2020-08-26 22:29:22.572191: I tensorflow/stream_executor/platform/default/dso_loader.cc:48] Successfully opened dynamic library libcublas.so.10
2020-08-26 22:29:22.575239: I tensorflow/stream_executor/platform/default/dso_loader.cc:48] Successfully opened dynamic library libcufft.so.10
2020-08-26 22:29:22.575706: I tensorflow/stream_executor/platform/default/dso_loader.cc:48] Successfully opened dynamic library libcurand.so.10
2020-08-26 22:29:22.579123: I tensorflow/stream_executor/platform/default/dso_loader.cc:48] Successfully opened dynamic library libcusolver.so.10
2020-08-26 22:29:22.580523: I tensorflow/stream_executor/platform/default/dso_loader.cc:48] Successfully opened dynamic library libcusparse.so.10
2020-08-26 22:29:22.586031: I tensorflow/stream_executor/platform/default/dso_loader.cc:48] Successfully opened dynamic library libcudnn.so.7
2020-08-26 22:29:22.612685: I tensorflow/core/common_runtime/gpu/gpu_device.cc:1858] Adding visible gpu devices: 0, 1, 2, 3, 4, 5, 6, 7
2020-08-26 22:29:22.614398: I tensorflow/core/platform/cpu_feature_guard.cc:142] This TensorFlow binary is optimized with oneAPI Deep Neural Network Library (oneDNN)to use the following CPU instructions in performance-critical operations:  AVX2 AVX512F FMA
To enable them in other operations, rebuild TensorFlow with the appropriate compiler flags.
2020-08-26 22:29:22.647237: I tensorflow/core/platform/profile_utils/cpu_utils.cc:104] CPU Frequency: 2300115000 Hz
2020-08-26 22:29:22.659270: I tensorflow/compiler/xla/service/service.cc:168] XLA service 0x557295df76c0 initialized for platform Host (this does not guarantee that XLA will be used). Devices:
2020-08-26 22:29:22.659334: I tensorflow/compiler/xla/service/service.cc:176]   StreamExecutor device (0): Host, Default Version
2020-08-26 22:29:24.880279: I tensorflow/compiler/xla/service/service.cc:168] XLA service 0x557295617480 initialized for platform CUDA (this does not guarantee that XLA will be used). Devices:
2020-08-26 22:29:24.880339: I tensorflow/compiler/xla/service/service.cc:176]   StreamExecutor device (0): Tesla V100-SXM2-16GB, Compute Capability 7.0
2020-08-26 22:29:24.880354: I tensorflow/compiler/xla/service/service.cc:176]   StreamExecutor device (1): Tesla V100-SXM2-16GB, Compute Capability 7.0
2020-08-26 22:29:24.880366: I tensorflow/compiler/xla/service/service.cc:176]   StreamExecutor device (2): Tesla V100-SXM2-16GB, Compute Capability 7.0
2020-08-26 22:29:24.880377: I tensorflow/compiler/xla/service/service.cc:176]   StreamExecutor device (3): Tesla V100-SXM2-16GB, Compute Capability 7.0
2020-08-26 22:29:24.880389: I tensorflow/compiler/xla/service/service.cc:176]   StreamExecutor device (4): Tesla V100-SXM2-16GB, Compute Capability 7.0
2020-08-26 22:29:24.880404: I tensorflow/compiler/xla/service/service.cc:176]   StreamExecutor device (5): Tesla V100-SXM2-16GB, Compute Capability 7.0
2020-08-26 22:29:24.880418: I tensorflow/compiler/xla/service/service.cc:176]   StreamExecutor device (6): Tesla V100-SXM2-16GB, Compute Capability 7.0
2020-08-26 22:29:24.880430: I tensorflow/compiler/xla/service/service.cc:176]   StreamExecutor device (7): Tesla V100-SXM2-16GB, Compute Capability 7.0
2020-08-26 22:29:24.917380: I tensorflow/core/common_runtime/gpu/gpu_device.cc:1716] Found device 0 with properties: 
pciBusID: 0000:1a:00.0 name: Tesla V100-SXM2-16GB computeCapability: 7.0
coreClock: 1.53GHz coreCount: 80 deviceMemorySize: 15.78GiB deviceMemoryBandwidth: 836.37GiB/s
2020-08-26 22:29:24.922026: I tensorflow/core/common_runtime/gpu/gpu_device.cc:1716] Found device 1 with properties: 
pciBusID: 0000:1b:00.0 name: Tesla V100-SXM2-16GB computeCapability: 7.0
coreClock: 1.53GHz coreCount: 80 deviceMemorySize: 15.78GiB deviceMemoryBandwidth: 836.37GiB/s
2020-08-26 22:29:24.927456: I tensorflow/core/common_runtime/gpu/gpu_device.cc:1716] Found device 2 with properties: 
pciBusID: 0000:3d:00.0 name: Tesla V100-SXM2-16GB computeCapability: 7.0
coreClock: 1.53GHz coreCount: 80 deviceMemorySize: 15.78GiB deviceMemoryBandwidth: 836.37GiB/s
2020-08-26 22:29:24.932912: I tensorflow/core/common_runtime/gpu/gpu_device.cc:1716] Found device 3 with properties: 
pciBusID: 0000:3e:00.0 name: Tesla V100-SXM2-16GB computeCapability: 7.0
coreClock: 1.53GHz coreCount: 80 deviceMemorySize: 15.78GiB deviceMemoryBandwidth: 836.37GiB/s
2020-08-26 22:29:24.938383: I tensorflow/core/common_runtime/gpu/gpu_device.cc:1716] Found device 4 with properties: 
pciBusID: 0000:88:00.0 name: Tesla V100-SXM2-16GB computeCapability: 7.0
coreClock: 1.53GHz coreCount: 80 deviceMemorySize: 15.78GiB deviceMemoryBandwidth: 836.37GiB/s
2020-08-26 22:29:24.944017: I tensorflow/core/common_runtime/gpu/gpu_device.cc:1716] Found device 5 with properties: 
pciBusID: 0000:89:00.0 name: Tesla V100-SXM2-16GB computeCapability: 7.0
coreClock: 1.53GHz coreCount: 80 deviceMemorySize: 15.78GiB deviceMemoryBandwidth: 836.37GiB/s
2020-08-26 22:29:24.949653: I tensorflow/core/common_runtime/gpu/gpu_device.cc:1716] Found device 6 with properties: 
pciBusID: 0000:b2:00.0 name: Tesla V100-SXM2-16GB computeCapability: 7.0
coreClock: 1.53GHz coreCount: 80 deviceMemorySize: 15.78GiB deviceMemoryBandwidth: 836.37GiB/s
2020-08-26 22:29:24.955315: I tensorflow/core/common_runtime/gpu/gpu_device.cc:1716] Found device 7 with properties: 
pciBusID: 0000:b3:00.0 name: Tesla V100-SXM2-16GB computeCapability: 7.0
coreClock: 1.53GHz coreCount: 80 deviceMemorySize: 15.78GiB deviceMemoryBandwidth: 836.37GiB/s
2020-08-26 22:29:24.955363: I tensorflow/stream_executor/platform/default/dso_loader.cc:48] Successfully opened dynamic library libcudart.so.10.1
2020-08-26 22:29:24.955399: I tensorflow/stream_executor/platform/default/dso_loader.cc:48] Successfully opened dynamic library libcublas.so.10
2020-08-26 22:29:24.955418: I tensorflow/stream_executor/platform/default/dso_loader.cc:48] Successfully opened dynamic library libcufft.so.10
2020-08-26 22:29:24.955435: I tensorflow/stream_executor/platform/default/dso_loader.cc:48] Successfully opened dynamic library libcurand.so.10
2020-08-26 22:29:24.955452: I tensorflow/stream_executor/platform/default/dso_loader.cc:48] Successfully opened dynamic library libcusolver.so.10
2020-08-26 22:29:24.955475: I tensorflow/stream_executor/platform/default/dso_loader.cc:48] Successfully opened dynamic library libcusparse.so.10
2020-08-26 22:29:24.955494: I tensorflow/stream_executor/platform/default/dso_loader.cc:48] Successfully opened dynamic library libcudnn.so.7
2020-08-26 22:29:25.038731: I tensorflow/core/common_runtime/gpu/gpu_device.cc:1858] Adding visible gpu devices: 0, 1, 2, 3, 4, 5, 6, 7
2020-08-26 22:29:25.038851: I tensorflow/stream_executor/platform/default/dso_loader.cc:48] Successfully opened dynamic library libcudart.so.10.1
2020-08-26 22:29:30.363446: I tensorflow/core/common_runtime/gpu/gpu_device.cc:1257] Device interconnect StreamExecutor with strength 1 edge matrix:
2020-08-26 22:29:30.363489: I tensorflow/core/common_runtime/gpu/gpu_device.cc:1263]      0 1 2 3 4 5 6 7 
2020-08-26 22:29:30.363507: I tensorflow/core/common_runtime/gpu/gpu_device.cc:1276] 0:   N Y Y Y Y Y Y Y 
2020-08-26 22:29:30.363512: I tensorflow/core/common_runtime/gpu/gpu_device.cc:1276] 1:   Y N Y Y Y Y Y Y 
2020-08-26 22:29:30.363517: I tensorflow/core/common_runtime/gpu/gpu_device.cc:1276] 2:   Y Y N Y Y Y Y Y 
2020-08-26 22:29:30.363522: I tensorflow/core/common_runtime/gpu/gpu_device.cc:1276] 3:   Y Y Y N Y Y Y Y 
2020-08-26 22:29:30.363526: I tensorflow/core/common_runtime/gpu/gpu_device.cc:1276] 4:   Y Y Y Y N Y Y Y 
2020-08-26 22:29:30.363531: I tensorflow/core/common_runtime/gpu/gpu_device.cc:1276] 5:   Y Y Y Y Y N Y Y 
2020-08-26 22:29:30.363536: I tensorflow/core/common_runtime/gpu/gpu_device.cc:1276] 6:   Y Y Y Y Y Y N Y 
2020-08-26 22:29:30.363545: I tensorflow/core/common_runtime/gpu/gpu_device.cc:1276] 7:   Y Y Y Y Y Y Y N 
2020-08-26 22:29:30.375217: I tensorflow/core/common_runtime/gpu/gpu_device.cc:1402] Created TensorFlow device (/job:localhost/replica:0/task:0/device:GPU:0 with 14753 MB memory) -> physical GPU (device: 0, name: Tesla V100-SXM2-16GB, pci bus id: 0000:1a:00.0, compute capability: 7.0)
2020-08-26 22:29:30.378941: I tensorflow/core/common_runtime/gpu/gpu_device.cc:1402] Created TensorFlow device (/job:localhost/replica:0/task:0/device:GPU:1 with 14753 MB memory) -> physical GPU (device: 1, name: Tesla V100-SXM2-16GB, pci bus id: 0000:1b:00.0, compute capability: 7.0)
2020-08-26 22:29:30.380972: I tensorflow/core/common_runtime/gpu/gpu_device.cc:1402] Created TensorFlow device (/job:localhost/replica:0/task:0/device:GPU:2 with 14753 MB memory) -> physical GPU (device: 2, name: Tesla V100-SXM2-16GB, pci bus id: 0000:3d:00.0, compute capability: 7.0)
2020-08-26 22:29:30.384429: I tensorflow/core/common_runtime/gpu/gpu_device.cc:1402] Created TensorFlow device (/job:localhost/replica:0/task:0/device:GPU:3 with 14753 MB memory) -> physical GPU (device: 3, name: Tesla V100-SXM2-16GB, pci bus id: 0000:3e:00.0, compute capability: 7.0)
2020-08-26 22:29:30.388309: I tensorflow/core/common_runtime/gpu/gpu_device.cc:1402] Created TensorFlow device (/job:localhost/replica:0/task:0/device:GPU:4 with 14753 MB memory) -> physical GPU (device: 4, name: Tesla V100-SXM2-16GB, pci bus id: 0000:88:00.0, compute capability: 7.0)
2020-08-26 22:29:30.393347: I tensorflow/core/common_runtime/gpu/gpu_device.cc:1402] Created TensorFlow device (/job:localhost/replica:0/task:0/device:GPU:5 with 14753 MB memory) -> physical GPU (device: 5, name: Tesla V100-SXM2-16GB, pci bus id: 0000:89:00.0, compute capability: 7.0)
2020-08-26 22:29:30.398925: I tensorflow/core/common_runtime/gpu/gpu_device.cc:1402] Created TensorFlow device (/job:localhost/replica:0/task:0/device:GPU:6 with 14753 MB memory) -> physical GPU (device: 6, name: Tesla V100-SXM2-16GB, pci bus id: 0000:b2:00.0, compute capability: 7.0)
2020-08-26 22:29:30.404105: I tensorflow/core/common_runtime/gpu/gpu_device.cc:1402] Created TensorFlow device (/job:localhost/replica:0/task:0/device:GPU:7 with 14753 MB memory) -> physical GPU (device: 7, name: Tesla V100-SXM2-16GB, pci bus id: 0000:b3:00.0, compute capability: 7.0)
INFO:tensorflow:Using MirroredStrategy with devices ('/job:localhost/replica:0/task:0/device:GPU:0', '/job:localhost/replica:0/task:0/device:GPU:1', '/job:localhost/replica:0/task:0/device:GPU:2', '/job:localhost/replica:0/task:0/device:GPU:3', '/job:localhost/replica:0/task:0/device:GPU:4', '/job:localhost/replica:0/task:0/device:GPU:5', '/job:localhost/replica:0/task:0/device:GPU:6', '/job:localhost/replica:0/task:0/device:GPU:7')
I0826 22:29:30.436019 139697152395008 mirrored_strategy.py:341] Using MirroredStrategy with devices ('/job:localhost/replica:0/task:0/device:GPU:0', '/job:localhost/replica:0/task:0/device:GPU:1', '/job:localhost/replica:0/task:0/device:GPU:2', '/job:localhost/replica:0/task:0/device:GPU:3', '/job:localhost/replica:0/task:0/device:GPU:4', '/job:localhost/replica:0/task:0/device:GPU:5', '/job:localhost/replica:0/task:0/device:GPU:6', '/job:localhost/replica:0/task:0/device:GPU:7')
I0826 22:29:30.440011 139697152395008 classifier_trainer.py:310] Detected 8 devices.
W0826 22:29:30.440615 139697152395008 classifier_trainer.py:101] label_smoothing > 0, so datasets will be one hot encoded.
I0826 22:29:30.441659 139697152395008 dataset_factory.py:173] Using augmentation: None
I0826 22:29:30.442493 139697152395008 dataset_factory.py:173] Using augmentation: None
I0826 22:29:30.443037 139697152395008 dataset_factory.py:358] Using TFRecords to load data.
WARNING:tensorflow:From /home/leinao/anaconda3/envs/tensorflow/lib/python3.7/site-packages/tensorflow/python/util/dispatch.py:201: sample_distorted_bounding_box (from tensorflow.python.ops.image_ops_impl) is deprecated and will be removed in a future version.
Instructions for updating:
`seed2` arg is deprecated.Use sample_distorted_bounding_box_v2 instead.
W0826 22:29:31.083586 139697152395008 deprecation.py:323] From /home/leinao/anaconda3/envs/tensorflow/lib/python3.7/site-packages/tensorflow/python/util/dispatch.py:201: sample_distorted_bounding_box (from tensorflow.python.ops.image_ops_impl) is deprecated and will be removed in a future version.
Instructions for updating:
`seed2` arg is deprecated.Use sample_distorted_bounding_box_v2 instead.
I0826 22:29:31.287162 139697152395008 dataset_factory.py:358] Using TFRecords to load data.
I0826 22:29:34.166060 139697152395008 dataset_info.py:430] Load pre-computed DatasetInfo (eg: splits, num examples,...) from GCS: imagenet2012/5.0.0
I0826 22:29:41.774665 139697152395008 dataset_info.py:361] Load dataset info from /tmp/tmp0ku_nccztfds
I0826 22:29:41.779839 139697152395008 dataset_info.py:401] Field info.description from disk and from code do not match. Keeping the one from code.
I0826 22:29:41.779965 139697152395008 dataset_info.py:401] Field info.citation from disk and from code do not match. Keeping the one from code.
I0826 22:29:42.030146 139697152395008 classifier_trainer.py:329] Global batch size: 1024
INFO:tensorflow:Reduce to /job:localhost/replica:0/task:0/device:CPU:0 then broadcast to ('/job:localhost/replica:0/task:0/device:CPU:0',).
I0826 22:29:43.966490 139697152395008 cross_device_ops.py:443] Reduce to /job:localhost/replica:0/task:0/device:CPU:0 then broadcast to ('/job:localhost/replica:0/task:0/device:CPU:0',).
INFO:tensorflow:Reduce to /job:localhost/replica:0/task:0/device:CPU:0 then broadcast to ('/job:localhost/replica:0/task:0/device:CPU:0',).
I0826 22:29:43.976945 139697152395008 cross_device_ops.py:443] Reduce to /job:localhost/replica:0/task:0/device:CPU:0 then broadcast to ('/job:localhost/replica:0/task:0/device:CPU:0',).
INFO:tensorflow:Reduce to /job:localhost/replica:0/task:0/device:CPU:0 then broadcast to ('/job:localhost/replica:0/task:0/device:CPU:0',).
I0826 22:29:43.988126 139697152395008 cross_device_ops.py:443] Reduce to /job:localhost/replica:0/task:0/device:CPU:0 then broadcast to ('/job:localhost/replica:0/task:0/device:CPU:0',).
INFO:tensorflow:Reduce to /job:localhost/replica:0/task:0/device:CPU:0 then broadcast to ('/job:localhost/replica:0/task:0/device:CPU:0',).
I0826 22:29:43.997309 139697152395008 cross_device_ops.py:443] Reduce to /job:localhost/replica:0/task:0/device:CPU:0 then broadcast to ('/job:localhost/replica:0/task:0/device:CPU:0',).
INFO:tensorflow:Reduce to /job:localhost/replica:0/task:0/device:CPU:0 then broadcast to ('/job:localhost/replica:0/task:0/device:CPU:0',).
I0826 22:29:44.023114 139697152395008 cross_device_ops.py:443] Reduce to /job:localhost/replica:0/task:0/device:CPU:0 then broadcast to ('/job:localhost/replica:0/task:0/device:CPU:0',).
INFO:tensorflow:Reduce to /job:localhost/replica:0/task:0/device:CPU:0 then broadcast to ('/job:localhost/replica:0/task:0/device:CPU:0',).
I0826 22:29:44.032254 139697152395008 cross_device_ops.py:443] Reduce to /job:localhost/replica:0/task:0/device:CPU:0 then broadcast to ('/job:localhost/replica:0/task:0/device:CPU:0',).
INFO:tensorflow:Reduce to /job:localhost/replica:0/task:0/device:CPU:0 then broadcast to ('/job:localhost/replica:0/task:0/device:CPU:0',).
I0826 22:29:44.131507 139697152395008 cross_device_ops.py:443] Reduce to /job:localhost/replica:0/task:0/device:CPU:0 then broadcast to ('/job:localhost/replica:0/task:0/device:CPU:0',).
INFO:tensorflow:Reduce to /job:localhost/replica:0/task:0/device:CPU:0 then broadcast to ('/job:localhost/replica:0/task:0/device:CPU:0',).
I0826 22:29:44.141420 139697152395008 cross_device_ops.py:443] Reduce to /job:localhost/replica:0/task:0/device:CPU:0 then broadcast to ('/job:localhost/replica:0/task:0/device:CPU:0',).
INFO:tensorflow:Reduce to /job:localhost/replica:0/task:0/device:CPU:0 then broadcast to ('/job:localhost/replica:0/task:0/device:CPU:0',).
I0826 22:29:44.152274 139697152395008 cross_device_ops.py:443] Reduce to /job:localhost/replica:0/task:0/device:CPU:0 then broadcast to ('/job:localhost/replica:0/task:0/device:CPU:0',).
INFO:tensorflow:Reduce to /job:localhost/replica:0/task:0/device:CPU:0 then broadcast to ('/job:localhost/replica:0/task:0/device:CPU:0',).
I0826 22:29:44.166158 139697152395008 cross_device_ops.py:443] Reduce to /job:localhost/replica:0/task:0/device:CPU:0 then broadcast to ('/job:localhost/replica:0/task:0/device:CPU:0',).
I0826 22:29:52.469297 139697152395008 optimizer_factory.py:372] Using Piecewise constant decay with warmup. Parameters: batch_size: 1024, epoch_size: 640512, warmup_epochs: 0, boundaries: [30, 60, 80], multipliers: [1.0, 0.1, 0.01, 0.001]
I0826 22:29:52.469586 139697152395008 optimizer_factory.py:273] Building momentum optimizer with params {'name': 'momentum', 'decay': 0.9, 'epsilon': 0.001, 'momentum': 0.875, 'nesterov': None, 'moving_average_decay': None, 'lookahead': None, 'beta_1': None, 'beta_2': None}
I0826 22:29:52.469666 139697152395008 optimizer_factory.py:281] Using momentum optimizer
2020-08-26 22:29:52.612784: I tensorflow/core/profiler/lib/profiler_session.cc:164] Profiler session started.
2020-08-26 22:29:52.612919: I tensorflow/core/profiler/internal/gpu/cupti_tracer.cc:1391] Profiler found 8 GPUs
2020-08-26 22:29:52.613597: W tensorflow/stream_executor/platform/default/dso_loader.cc:59] Could not load dynamic library 'libcupti.so.10.1'; dlerror: libcupti.so.10.1: cannot open shared object file: No such file or directory; LD_LIBRARY_PATH: /home/leinao/gcc-5.5/lib/:/home/leinao/gcc-5.5/lib/::/usr/local/cuda/lib64:/usr/local/nccl_2.7.3-1+cuda10.1_x86_64/lib:/usr/local/openmpi/lib:/usr/local/cuda/lib64:/usr/local/nccl_2.7.3-1+cuda10.1_x86_64/lib:/usr/local/openmpi/lib
2020-08-26 22:29:52.613777: W tensorflow/stream_executor/platform/default/dso_loader.cc:59] Could not load dynamic library 'libcupti.so'; dlerror: libcupti.so: cannot open shared object file: No such file or directory; LD_LIBRARY_PATH: /home/leinao/gcc-5.5/lib/:/home/leinao/gcc-5.5/lib/::/usr/local/cuda/lib64:/usr/local/nccl_2.7.3-1+cuda10.1_x86_64/lib:/usr/local/openmpi/lib:/usr/local/cuda/lib64:/usr/local/nccl_2.7.3-1+cuda10.1_x86_64/lib:/usr/local/openmpi/lib
2020-08-26 22:29:52.613814: E tensorflow/core/profiler/internal/gpu/cupti_tracer.cc:1441] function cupti_interface_->Subscribe( &subscriber_, (CUpti_CallbackFunc)ApiCallback, this)failed with error CUPTI could not be loaded or symbol could not be found.
I0826 22:29:52.615542 139697152395008 classifier_trainer.py:285] Saving experiment configuration to ../output/params.yaml
INFO:tensorflow:batch_all_reduce: 161 all-reduces with algorithm = nccl, num_packs = 1
I0826 22:30:04.268518 139697152395008 cross_device_ops.py:702] batch_all_reduce: 161 all-reduces with algorithm = nccl, num_packs = 1
INFO:tensorflow:batch_all_reduce: 161 all-reduces with algorithm = nccl, num_packs = 1
I0826 22:30:28.772114 139697152395008 cross_device_ops.py:702] batch_all_reduce: 161 all-reduces with algorithm = nccl, num_packs = 1
2020-08-26 22:30:59.669522: I tensorflow/stream_executor/platform/default/dso_loader.cc:48] Successfully opened dynamic library libcublas.so.10
2020-08-26 22:31:00.616213: I tensorflow/stream_executor/platform/default/dso_loader.cc:48] Successfully opened dynamic library libcudnn.so.7
2020-08-26 22:31:23.582410: I tensorflow/core/profiler/lib/profiler_session.cc:164] Profiler session started.
2020-08-26 22:31:23.582520: E tensorflow/core/profiler/internal/gpu/cupti_tracer.cc:1441] function cupti_interface_->Subscribe( &subscriber_, (CUpti_CallbackFunc)ApiCallback, this)failed with error CUPTI could not be loaded or symbol could not be found.
WARNING:tensorflow:From /home/leinao/anaconda3/envs/tensorflow/lib/python3.7/site-packages/tensorflow/python/ops/summary_ops_v2.py:1277: stop (from tensorflow.python.eager.profiler) is deprecated and will be removed after 2020-07-01.
Instructions for updating:
use `tf.profiler.experimental.stop` instead.
W0826 22:31:24.032775 139697152395008 deprecation.py:323] From /home/leinao/anaconda3/envs/tensorflow/lib/python3.7/site-packages/tensorflow/python/ops/summary_ops_v2.py:1277: stop (from tensorflow.python.eager.profiler) is deprecated and will be removed after 2020-07-01.
Instructions for updating:
use `tf.profiler.experimental.stop` instead.
2020-08-26 22:31:24.233361: I tensorflow/core/profiler/internal/gpu/device_tracer.cc:223]  GpuTracer has collected 0 callback api events and 0 activity events. 
2020-08-26 22:31:24.407220: I tensorflow/core/profiler/rpc/client/save_profile.cc:176] Creating directory: ../output/train/plugins/profile/2020_08_26_22_31_24
2020-08-26 22:31:24.499334: I tensorflow/core/profiler/rpc/client/save_profile.cc:182] Dumped gzipped tool data for trace.json.gz to ../output/train/plugins/profile/2020_08_26_22_31_24/VS002.trace.json.gz
2020-08-26 22:31:24.824784: I tensorflow/core/profiler/rpc/client/save_profile.cc:176] Creating directory: ../output/train/plugins/profile/2020_08_26_22_31_24
2020-08-26 22:31:24.876341: I tensorflow/core/profiler/rpc/client/save_profile.cc:182] Dumped gzipped tool data for memory_profile.json.gz to ../output/train/plugins/profile/2020_08_26_22_31_24/VS002.memory_profile.json.gz
2020-08-26 22:31:24.886301: I tensorflow/python/profiler/internal/profiler_wrapper.cc:111] Creating directory: ../output/train/plugins/profile/2020_08_26_22_31_24Dumped tool data for xplane.pb to ../output/train/plugins/profile/2020_08_26_22_31_24/VS002.xplane.pb
Dumped tool data for overview_page.pb to ../output/train/plugins/profile/2020_08_26_22_31_24/VS002.overview_page.pb
Dumped tool data for input_pipeline.pb to ../output/train/plugins/profile/2020_08_26_22_31_24/VS002.input_pipeline.pb
Dumped tool data for tensorflow_stats.pb to ../output/train/plugins/profile/2020_08_26_22_31_24/VS002.tensorflow_stats.pb
Dumped tool data for kernel_stats.pb to ../output/train/plugins/profile/2020_08_26_22_31_24/VS002.kernel_stats.pb

WARNING:tensorflow:Callbacks method `on_train_batch_end` is slow compared to the batch time (batch time: 0.4465s vs `on_train_batch_end` time: 0.8924s). Check your callbacks.
W0826 22:31:24.921512 139697152395008 callbacks.py:328] Callbacks method `on_train_batch_end` is slow compared to the batch time (batch time: 0.4465s vs `on_train_batch_end` time: 0.8924s). Check your callbacks.
I0826 22:32:06.157107 139697152395008 keras_utils.py:133] TimeHistory: 132.51 seconds, 772.77 examples/second between steps 0 and 100
I0826 22:32:47.621227 139697152395008 keras_utils.py:133] TimeHistory: 41.46 seconds, 2470.14 examples/second between steps 100 and 200
I0826 22:33:29.286175 139697152395008 keras_utils.py:133] TimeHistory: 41.66 seconds, 2457.94 examples/second between steps 200 and 300
I0826 22:34:10.695811 139697152395008 keras_utils.py:133] TimeHistory: 41.41 seconds, 2473.09 examples/second between steps 300 and 400
I0826 22:34:51.825463 139697152395008 keras_utils.py:133] TimeHistory: 41.13 seconds, 2489.96 examples/second between steps 400 and 500
I0826 22:35:32.608396 139697152395008 keras_utils.py:133] TimeHistory: 40.78 seconds, 2511.08 examples/second between steps 500 and 600

Epoch 00001: saving model to ../output/model.ckpt-0001
600/600 - 250s - loss: 11.9139 - accuracy: 0.1461 - top_5_accuracy: 0.2904
WARNING:tensorflow:From /home/leinao/anaconda3/envs/tensorflow/lib/python3.7/site-packages/tensorflow/python/data/ops/multi_device_iterator_ops.py:601: get_next_as_optional (from tensorflow.python.data.ops.iterator_ops) is deprecated and will be removed in a future version.
Instructions for updating:
Use `tf.data.Iterator.get_next_as_optional()` instead.
W0826 22:35:34.225810 139697152395008 deprecation.py:323] From /home/leinao/anaconda3/envs/tensorflow/lib/python3.7/site-packages/tensorflow/python/data/ops/multi_device_iterator_ops.py:601: get_next_as_optional (from tensorflow.python.data.ops.iterator_ops) is deprecated and will be removed in a future version.
Instructions for updating:
Use `tf.data.Iterator.get_next_as_optional()` instead.
48/48 - 6s - loss: 6.6648 - accuracy: 0.8569 - top_5_accuracy: 0.9780
I0826 22:35:52.970175 139697152395008 classifier_trainer.py:447] Run stats:
{'accuracy_top_1': 0.8568928837776184, 'eval_loss': 6.6648478507995605, 'loss': 11.913859367370605, 'training_accuracy_top_1': 0.14607422053813934, 'step_timestamp_log': ['BatchTimestamp<batch_index: 0, timestamp: 1598452193.646281>', 'BatchTimestamp<batch_index: 100, timestamp: 1598452326.1565802>', 'BatchTimestamp<batch_index: 200, timestamp: 1598452367.6209812>', 'BatchTimestamp<batch_index: 300, timestamp: 1598452409.2858498>', 'BatchTimestamp<batch_index: 400, timestamp: 1598452450.695496>', 'BatchTimestamp<batch_index: 500, timestamp: 1598452491.8252282>', 'BatchTimestamp<batch_index: 600, timestamp: 1598452532.6081877>'], 'train_finish_time': 1598452533.3712902, 'avg_exp_per_second': 1808.5264587088086}
